1.10.2
Start Evaluation on Test Data Set......
2024-01-30 01:13:34,728 INFO     Model: EllipsE
2024-01-30 01:13:34,728 INFO     Data Path: data/wn18rr
2024-01-30 01:13:34,729 INFO     #entity: 40943
2024-01-30 01:13:34,729 INFO     #relation: 11
2024-01-30 01:13:34,956 INFO     #train: 86835
2024-01-30 01:13:34,978 INFO     #valid: 3034
2024-01-30 01:13:35,000 INFO     #test: 3134
2024-01-30 01:13:35,008 INFO     C_test.txt#test: 0
2024-01-30 01:13:35,024 INFO     Cc_test.txt#test: 172
2024-01-30 01:13:35,039 INFO     S_test.txt#test: 1116
2024-01-30 01:13:35,070 INFO     A_test.txt#test: 1790
2024-01-30 01:13:35,071 INFO     AS_test.txt#test: 0
2024-01-30 01:13:35,071 INFO     CS_test.txt#test: 0
2024-01-30 01:13:35,083 INFO     Ss_test.txt#test: 1116
2024-01-30 01:13:35,083 INFO     ACS_test.txt#test: 0
2024-01-30 01:13:35,094 INFO     AC_test.txt#test: 172
2024-01-30 01:13:35,112 INFO     Aa_test.txt#test: 1962
2024-01-30 01:13:35,712 INFO     Model Parameter Configuration:
2024-01-30 01:13:35,712 INFO     Parameter gamma: torch.Size([1]), require_grad = False
2024-01-30 01:13:35,712 INFO     Parameter embedding_range: torch.Size([1]), require_grad = False
2024-01-30 01:13:35,712 INFO     Parameter entity_embedding: torch.Size([40943, 1000]), require_grad = True
2024-01-30 01:13:35,712 INFO     Parameter relation_embedding: torch.Size([11, 500]), require_grad = True
2024-01-30 01:13:35,712 INFO     Parameter ellipse: torch.Size([1000]), require_grad = True
2024-01-30 01:13:49,811 INFO     Loading checkpoint models/EllipsE_wn18rr_ElWR...
2024-01-30 01:13:52,098 INFO     Start Training...
2024-01-30 01:13:52,099 INFO     init_step = 149999
2024-01-30 01:13:52,099 INFO     batch_size = 1024
2024-01-30 01:13:52,099 INFO     negative_adversarial_sampling = 0
2024-01-30 01:13:52,099 INFO     hidden_dim = 500
2024-01-30 01:13:52,099 INFO     gamma = 12.000000
2024-01-30 01:13:52,099 INFO     negative_sample_size = 128
2024-01-30 01:13:52,099 INFO     negative_adversarial_sampling = False
2024-01-30 01:13:52,099 INFO     learning_rate = 0.000005
2024-01-30 01:13:53,622 INFO     Evaluating on Valid Dataset...
2024-01-30 01:13:55,293 INFO     Evaluating the model... (0/380)
2024-01-30 01:14:59,472 INFO     Valid ******* Model EllipsE ****  at step 149999: 1.000000
2024-01-30 01:14:59,472 INFO     Valid MRR at step 149999: 0.484343
2024-01-30 01:14:59,472 INFO     Valid MR at step 149999: 3880.215557
2024-01-30 01:14:59,473 INFO     Valid HITS@1 at step 149999: 0.439848
2024-01-30 01:14:59,473 INFO     Valid HITS@3 at step 149999: 0.500000
2024-01-30 01:14:59,473 INFO     Valid HITS@10 at step 149999: 0.573830
2024-01-30 01:14:59,473 INFO     Valid EllipsE a mean at step 149999: 1.041543
2024-01-30 01:14:59,473 INFO     Valid EllipsE a std at step 149999: 0.260368
2024-01-30 01:14:59,473 INFO     Valid EllipsE a min at step 149999: -0.000258
2024-01-30 01:14:59,473 INFO     Valid EllipsE a max at step 149999: 2.486791
2024-01-30 01:14:59,473 INFO     Valid EllipsE b mean at step 149999: 0.747882
2024-01-30 01:14:59,473 INFO     Valid EllipsE b std at step 149999: 0.599225
2024-01-30 01:14:59,473 INFO     Valid EllipsE b min at step 149999: -0.000291
2024-01-30 01:14:59,473 INFO     Valid EllipsE b max at step 149999: 2.860031
2024-01-30 01:14:59,473 INFO     Evaluating on Test Dataset...
2024-01-30 01:15:00,753 INFO     Evaluating the model... (0/392)
2024-01-30 01:16:07,398 INFO     Test ******* Model EllipsE ****  at step 149999: 1.000000
2024-01-30 01:16:07,398 INFO     Test MRR at step 149999: 0.482348
2024-01-30 01:16:07,398 INFO     Test MR at step 149999: 3963.667358
2024-01-30 01:16:07,399 INFO     Test HITS@1 at step 149999: 0.436184
2024-01-30 01:16:07,399 INFO     Test HITS@3 at step 149999: 0.500479
2024-01-30 01:16:07,399 INFO     Test HITS@10 at step 149999: 0.572431
2024-01-30 01:16:07,399 INFO     Test EllipsE a mean at step 149999: 1.041543
2024-01-30 01:16:07,399 INFO     Test EllipsE a std at step 149999: 0.260368
2024-01-30 01:16:07,399 INFO     Test EllipsE a min at step 149999: -0.000258
2024-01-30 01:16:07,399 INFO     Test EllipsE a max at step 149999: 2.486791
2024-01-30 01:16:07,399 INFO     Test EllipsE b mean at step 149999: 0.747882
2024-01-30 01:16:07,399 INFO     Test EllipsE b std at step 149999: 0.599225
2024-01-30 01:16:07,399 INFO     Test EllipsE b min at step 149999: -0.000291
2024-01-30 01:16:07,399 INFO     Test EllipsE b max at step 149999: 2.860031
################################################## 
 ################################################## 
Print the evaluation logs for every relation:
2024-01-30 01:16:07,399 INFO     _member_of_domain_usage: 
2024-01-30 01:16:07,399 INFO     Test ******* Model EllipsE ****  at step 149999: 1.000000
2024-01-30 01:16:07,400 INFO     Test MRR at step 149999: 0.324885
2024-01-30 01:16:07,400 INFO     Test MR at step 149999: 8939.729167
2024-01-30 01:16:07,400 INFO     Test HITS@1 at step 149999: 0.291667
2024-01-30 01:16:07,400 INFO     Test HITS@3 at step 149999: 0.354167
2024-01-30 01:16:07,400 INFO     Test HITS@10 at step 149999: 0.395833
2024-01-30 01:16:07,400 INFO     Test EllipsE a mean at step 149999: 1.041543
2024-01-30 01:16:07,400 INFO     Test EllipsE a std at step 149999: 0.260368
2024-01-30 01:16:07,400 INFO     Test EllipsE a min at step 149999: -0.000258
2024-01-30 01:16:07,400 INFO     Test EllipsE a max at step 149999: 2.486791
2024-01-30 01:16:07,400 INFO     Test EllipsE b mean at step 149999: 0.747882
2024-01-30 01:16:07,400 INFO     Test EllipsE b std at step 149999: 0.599225
2024-01-30 01:16:07,400 INFO     Test EllipsE b min at step 149999: -0.000291
2024-01-30 01:16:07,400 INFO     Test EllipsE b max at step 149999: 2.860031
2024-01-30 01:16:07,400 INFO     _verb_group: 
2024-01-30 01:16:07,400 INFO     Test ******* Model EllipsE ****  at step 149999: 1.000000
2024-01-30 01:16:07,401 INFO     Test MRR at step 149999: 0.968391
2024-01-30 01:16:07,401 INFO     Test MR at step 149999: 335.961538
2024-01-30 01:16:07,401 INFO     Test HITS@1 at step 149999: 0.961538
2024-01-30 01:16:07,401 INFO     Test HITS@3 at step 149999: 0.974359
2024-01-30 01:16:07,401 INFO     Test HITS@10 at step 149999: 0.974359
2024-01-30 01:16:07,401 INFO     Test EllipsE a mean at step 149999: 1.041543
2024-01-30 01:16:07,401 INFO     Test EllipsE a std at step 149999: 0.260368
2024-01-30 01:16:07,401 INFO     Test EllipsE a min at step 149999: -0.000258
2024-01-30 01:16:07,401 INFO     Test EllipsE a max at step 149999: 2.486791
2024-01-30 01:16:07,401 INFO     Test EllipsE b mean at step 149999: 0.747882
2024-01-30 01:16:07,401 INFO     Test EllipsE b std at step 149999: 0.599225
2024-01-30 01:16:07,401 INFO     Test EllipsE b min at step 149999: -0.000291
2024-01-30 01:16:07,401 INFO     Test EllipsE b max at step 149999: 2.860031
2024-01-30 01:16:07,401 INFO     _member_of_domain_region: 
2024-01-30 01:16:07,401 INFO     Test ******* Model EllipsE ****  at step 149999: 1.000000
2024-01-30 01:16:07,402 INFO     Test MRR at step 149999: 0.310812
2024-01-30 01:16:07,402 INFO     Test MR at step 149999: 10320.326923
2024-01-30 01:16:07,402 INFO     Test HITS@1 at step 149999: 0.250000
2024-01-30 01:16:07,402 INFO     Test HITS@3 at step 149999: 0.326923
2024-01-30 01:16:07,402 INFO     Test HITS@10 at step 149999: 0.442308
2024-01-30 01:16:07,402 INFO     Test EllipsE a mean at step 149999: 1.041543
2024-01-30 01:16:07,402 INFO     Test EllipsE a std at step 149999: 0.260368
2024-01-30 01:16:07,402 INFO     Test EllipsE a min at step 149999: -0.000258
2024-01-30 01:16:07,402 INFO     Test EllipsE a max at step 149999: 2.486791
2024-01-30 01:16:07,402 INFO     Test EllipsE b mean at step 149999: 0.747882
2024-01-30 01:16:07,402 INFO     Test EllipsE b std at step 149999: 0.599225
2024-01-30 01:16:07,402 INFO     Test EllipsE b min at step 149999: -0.000291
2024-01-30 01:16:07,402 INFO     Test EllipsE b max at step 149999: 2.860031
2024-01-30 01:16:07,402 INFO     _member_meronym: 
2024-01-30 01:16:07,403 INFO     Test ******* Model EllipsE ****  at step 149999: 1.000000
2024-01-30 01:16:07,403 INFO     Test MRR at step 149999: 0.216863
2024-01-30 01:16:07,403 INFO     Test MR at step 149999: 2271.383399
2024-01-30 01:16:07,403 INFO     Test HITS@1 at step 149999: 0.136364
2024-01-30 01:16:07,403 INFO     Test HITS@3 at step 149999: 0.239130
2024-01-30 01:16:07,403 INFO     Test HITS@10 at step 149999: 0.373518
2024-01-30 01:16:07,403 INFO     Test EllipsE a mean at step 149999: 1.041543
2024-01-30 01:16:07,403 INFO     Test EllipsE a std at step 149999: 0.260368
2024-01-30 01:16:07,403 INFO     Test EllipsE a min at step 149999: -0.000258
2024-01-30 01:16:07,403 INFO     Test EllipsE a max at step 149999: 2.486791
2024-01-30 01:16:07,403 INFO     Test EllipsE b mean at step 149999: 0.747882
2024-01-30 01:16:07,403 INFO     Test EllipsE b std at step 149999: 0.599225
2024-01-30 01:16:07,403 INFO     Test EllipsE b min at step 149999: -0.000291
2024-01-30 01:16:07,403 INFO     Test EllipsE b max at step 149999: 2.860031
2024-01-30 01:16:07,403 INFO     _hypernym: 
2024-01-30 01:16:07,404 INFO     Test ******* Model EllipsE ****  at step 149999: 1.000000
2024-01-30 01:16:07,404 INFO     Test MRR at step 149999: 0.171800
2024-01-30 01:16:07,404 INFO     Test MR at step 149999: 7337.895683
2024-01-30 01:16:07,404 INFO     Test HITS@1 at step 149999: 0.107514
2024-01-30 01:16:07,404 INFO     Test HITS@3 at step 149999: 0.195444
2024-01-30 01:16:07,404 INFO     Test HITS@10 at step 149999: 0.300560
2024-01-30 01:16:07,404 INFO     Test EllipsE a mean at step 149999: 1.041543
2024-01-30 01:16:07,404 INFO     Test EllipsE a std at step 149999: 0.260368
2024-01-30 01:16:07,404 INFO     Test EllipsE a min at step 149999: -0.000258
2024-01-30 01:16:07,404 INFO     Test EllipsE a max at step 149999: 2.486791
2024-01-30 01:16:07,404 INFO     Test EllipsE b mean at step 149999: 0.747882
2024-01-30 01:16:07,404 INFO     Test EllipsE b std at step 149999: 0.599225
2024-01-30 01:16:07,404 INFO     Test EllipsE b min at step 149999: -0.000291
2024-01-30 01:16:07,404 INFO     Test EllipsE b max at step 149999: 2.860031
2024-01-30 01:16:07,404 INFO     _has_part: 
2024-01-30 01:16:07,405 INFO     Test ******* Model EllipsE ****  at step 149999: 1.000000
2024-01-30 01:16:07,405 INFO     Test MRR at step 149999: 0.205252
2024-01-30 01:16:07,405 INFO     Test MR at step 149999: 4667.267442
2024-01-30 01:16:07,405 INFO     Test HITS@1 at step 149999: 0.133721
2024-01-30 01:16:07,405 INFO     Test HITS@3 at step 149999: 0.220930
2024-01-30 01:16:07,405 INFO     Test HITS@10 at step 149999: 0.351744
2024-01-30 01:16:07,405 INFO     Test EllipsE a mean at step 149999: 1.041543
2024-01-30 01:16:07,405 INFO     Test EllipsE a std at step 149999: 0.260368
2024-01-30 01:16:07,405 INFO     Test EllipsE a min at step 149999: -0.000258
2024-01-30 01:16:07,405 INFO     Test EllipsE a max at step 149999: 2.486791
2024-01-30 01:16:07,405 INFO     Test EllipsE b mean at step 149999: 0.747882
2024-01-30 01:16:07,405 INFO     Test EllipsE b std at step 149999: 0.599225
2024-01-30 01:16:07,405 INFO     Test EllipsE b min at step 149999: -0.000291
2024-01-30 01:16:07,405 INFO     Test EllipsE b max at step 149999: 2.860031
2024-01-30 01:16:07,406 INFO     _derivationally_related_form: 
2024-01-30 01:16:07,406 INFO     Test ******* Model EllipsE ****  at step 149999: 1.000000
2024-01-30 01:16:07,406 INFO     Test MRR at step 149999: 0.958024
2024-01-30 01:16:07,406 INFO     Test MR at step 149999: 295.763966
2024-01-30 01:16:07,406 INFO     Test HITS@1 at step 149999: 0.951117
2024-01-30 01:16:07,406 INFO     Test HITS@3 at step 149999: 0.963222
2024-01-30 01:16:07,406 INFO     Test HITS@10 at step 149999: 0.968343
2024-01-30 01:16:07,406 INFO     Test EllipsE a mean at step 149999: 1.041543
2024-01-30 01:16:07,406 INFO     Test EllipsE a std at step 149999: 0.260368
2024-01-30 01:16:07,406 INFO     Test EllipsE a min at step 149999: -0.000258
2024-01-30 01:16:07,406 INFO     Test EllipsE a max at step 149999: 2.486791
2024-01-30 01:16:07,406 INFO     Test EllipsE b mean at step 149999: 0.747882
2024-01-30 01:16:07,406 INFO     Test EllipsE b std at step 149999: 0.599225
2024-01-30 01:16:07,406 INFO     Test EllipsE b min at step 149999: -0.000291
2024-01-30 01:16:07,407 INFO     Test EllipsE b max at step 149999: 2.860031
2024-01-30 01:16:07,407 INFO     _also_see: 
2024-01-30 01:16:07,407 INFO     Test ******* Model EllipsE ****  at step 149999: 1.000000
2024-01-30 01:16:07,407 INFO     Test MRR at step 149999: 0.633547
2024-01-30 01:16:07,407 INFO     Test MR at step 149999: 1567.500000
2024-01-30 01:16:07,407 INFO     Test HITS@1 at step 149999: 0.589286
2024-01-30 01:16:07,407 INFO     Test HITS@3 at step 149999: 0.660714
2024-01-30 01:16:07,407 INFO     Test HITS@10 at step 149999: 0.705357
2024-01-30 01:16:07,407 INFO     Test EllipsE a mean at step 149999: 1.041543
2024-01-30 01:16:07,407 INFO     Test EllipsE a std at step 149999: 0.260368
2024-01-30 01:16:07,407 INFO     Test EllipsE a min at step 149999: -0.000258
2024-01-30 01:16:07,407 INFO     Test EllipsE a max at step 149999: 2.486791
2024-01-30 01:16:07,407 INFO     Test EllipsE b mean at step 149999: 0.747882
2024-01-30 01:16:07,407 INFO     Test EllipsE b std at step 149999: 0.599225
2024-01-30 01:16:07,407 INFO     Test EllipsE b min at step 149999: -0.000291
2024-01-30 01:16:07,408 INFO     Test EllipsE b max at step 149999: 2.860031
2024-01-30 01:16:07,408 INFO     _instance_hypernym: 
2024-01-30 01:16:07,408 INFO     Test ******* Model EllipsE ****  at step 149999: 1.000000
2024-01-30 01:16:07,408 INFO     Test MRR at step 149999: 0.333371
2024-01-30 01:16:07,408 INFO     Test MR at step 149999: 2468.581967
2024-01-30 01:16:07,408 INFO     Test HITS@1 at step 149999: 0.233607
2024-01-30 01:16:07,408 INFO     Test HITS@3 at step 149999: 0.385246
2024-01-30 01:16:07,408 INFO     Test HITS@10 at step 149999: 0.540984
2024-01-30 01:16:07,408 INFO     Test EllipsE a mean at step 149999: 1.041543
2024-01-30 01:16:07,408 INFO     Test EllipsE a std at step 149999: 0.260368
2024-01-30 01:16:07,408 INFO     Test EllipsE a min at step 149999: -0.000258
2024-01-30 01:16:07,408 INFO     Test EllipsE a max at step 149999: 2.486791
2024-01-30 01:16:07,408 INFO     Test EllipsE b mean at step 149999: 0.747882
2024-01-30 01:16:07,408 INFO     Test EllipsE b std at step 149999: 0.599225
2024-01-30 01:16:07,408 INFO     Test EllipsE b min at step 149999: -0.000291
2024-01-30 01:16:07,409 INFO     Test EllipsE b max at step 149999: 2.860031
2024-01-30 01:16:07,409 INFO     _synset_domain_topic_of: 
2024-01-30 01:16:07,409 INFO     Test ******* Model EllipsE ****  at step 149999: 1.000000
2024-01-30 01:16:07,409 INFO     Test MRR at step 149999: 0.393646
2024-01-30 01:16:07,409 INFO     Test MR at step 149999: 5810.622807
2024-01-30 01:16:07,409 INFO     Test HITS@1 at step 149999: 0.333333
2024-01-30 01:16:07,409 INFO     Test HITS@3 at step 149999: 0.429825
2024-01-30 01:16:07,409 INFO     Test HITS@10 at step 149999: 0.486842
2024-01-30 01:16:07,409 INFO     Test EllipsE a mean at step 149999: 1.041543
2024-01-30 01:16:07,409 INFO     Test EllipsE a std at step 149999: 0.260368
2024-01-30 01:16:07,409 INFO     Test EllipsE a min at step 149999: -0.000258
2024-01-30 01:16:07,409 INFO     Test EllipsE a max at step 149999: 2.486791
2024-01-30 01:16:07,409 INFO     Test EllipsE b mean at step 149999: 0.747882
2024-01-30 01:16:07,409 INFO     Test EllipsE b std at step 149999: 0.599225
2024-01-30 01:16:07,410 INFO     Test EllipsE b min at step 149999: -0.000291
2024-01-30 01:16:07,410 INFO     Test EllipsE b max at step 149999: 2.860031
2024-01-30 01:16:07,410 INFO     _similar_to: 
2024-01-30 01:16:07,410 INFO     Test ******* Model EllipsE ****  at step 149999: 1.000000
2024-01-30 01:16:07,410 INFO     Test MRR at step 149999: 1.000000
2024-01-30 01:16:07,410 INFO     Test MR at step 149999: 1.000000
2024-01-30 01:16:07,410 INFO     Test HITS@1 at step 149999: 1.000000
2024-01-30 01:16:07,410 INFO     Test HITS@3 at step 149999: 1.000000
2024-01-30 01:16:07,410 INFO     Test HITS@10 at step 149999: 1.000000
2024-01-30 01:16:07,410 INFO     Test EllipsE a mean at step 149999: 1.041543
2024-01-30 01:16:07,410 INFO     Test EllipsE a std at step 149999: 0.260368
2024-01-30 01:16:07,410 INFO     Test EllipsE a min at step 149999: -0.000258
2024-01-30 01:16:07,410 INFO     Test EllipsE a max at step 149999: 2.486791
2024-01-30 01:16:07,410 INFO     Test EllipsE b mean at step 149999: 0.747882
2024-01-30 01:16:07,410 INFO     Test EllipsE b std at step 149999: 0.599225
2024-01-30 01:16:07,411 INFO     Test EllipsE b min at step 149999: -0.000291
2024-01-30 01:16:07,411 INFO     Test EllipsE b max at step 149999: 2.860031
2024-01-30 01:16:07,411 INFO     Evaluating on sub_Test Dataset...
2024-01-30 01:16:08,775 INFO     Evaluating the model... (0/22)
2024-01-30 01:16:13,236 INFO     Cc_test.txt
2024-01-30 01:16:13,236 INFO     Test ******* Model EllipsE ****  at step 149999: 1.000000
2024-01-30 01:16:13,236 INFO     Test MRR at step 149999: 0.205252
2024-01-30 01:16:13,236 INFO     Test MR at step 149999: 4667.267442
2024-01-30 01:16:13,236 INFO     Test HITS@1 at step 149999: 0.133721
2024-01-30 01:16:13,236 INFO     Test HITS@3 at step 149999: 0.220930
2024-01-30 01:16:13,236 INFO     Test HITS@10 at step 149999: 0.351744
2024-01-30 01:16:13,236 INFO     Test EllipsE a mean at step 149999: 1.041543
2024-01-30 01:16:13,237 INFO     Test EllipsE a std at step 149999: 0.260368
2024-01-30 01:16:13,237 INFO     Test EllipsE a min at step 149999: -0.000258
2024-01-30 01:16:13,237 INFO     Test EllipsE a max at step 149999: 2.486791
2024-01-30 01:16:13,237 INFO     Test EllipsE b mean at step 149999: 0.747882
2024-01-30 01:16:13,237 INFO     Test EllipsE b std at step 149999: 0.599225
2024-01-30 01:16:13,237 INFO     Test EllipsE b min at step 149999: -0.000291
2024-01-30 01:16:13,237 INFO     Test EllipsE b max at step 149999: 2.860031
################################################## 
 ################################################## 
Print the evaluation logs for every relation:
2024-01-30 01:16:13,237 INFO     _has_part: 
2024-01-30 01:16:13,237 INFO     Test ******* Model EllipsE ****  at step 149999: 1.000000
2024-01-30 01:16:13,237 INFO     Test MRR at step 149999: 0.205252
2024-01-30 01:16:13,237 INFO     Test MR at step 149999: 4667.267442
2024-01-30 01:16:13,237 INFO     Test HITS@1 at step 149999: 0.133721
2024-01-30 01:16:13,237 INFO     Test HITS@3 at step 149999: 0.220930
2024-01-30 01:16:13,237 INFO     Test HITS@10 at step 149999: 0.351744
2024-01-30 01:16:13,238 INFO     Test EllipsE a mean at step 149999: 1.041543
2024-01-30 01:16:13,238 INFO     Test EllipsE a std at step 149999: 0.260368
2024-01-30 01:16:13,238 INFO     Test EllipsE a min at step 149999: -0.000258
2024-01-30 01:16:13,238 INFO     Test EllipsE a max at step 149999: 2.486791
2024-01-30 01:16:13,238 INFO     Test EllipsE b mean at step 149999: 0.747882
2024-01-30 01:16:13,238 INFO     Test EllipsE b std at step 149999: 0.599225
2024-01-30 01:16:13,238 INFO     Test EllipsE b min at step 149999: -0.000291
2024-01-30 01:16:13,238 INFO     Test EllipsE b max at step 149999: 2.860031
2024-01-30 01:16:14,784 INFO     Evaluating the model... (0/140)
2024-01-30 01:16:39,295 INFO     S_test.txt
2024-01-30 01:16:39,295 INFO     Test ******* Model EllipsE ****  at step 149999: 1.000000
2024-01-30 01:16:39,295 INFO     Test MRR at step 149999: 0.958499
2024-01-30 01:16:39,295 INFO     Test MR at step 149999: 296.376344
2024-01-30 01:16:39,295 INFO     Test HITS@1 at step 149999: 0.951613
2024-01-30 01:16:39,296 INFO     Test HITS@3 at step 149999: 0.963710
2024-01-30 01:16:39,296 INFO     Test HITS@10 at step 149999: 0.968638
2024-01-30 01:16:39,296 INFO     Test EllipsE a mean at step 149999: 1.041543
2024-01-30 01:16:39,296 INFO     Test EllipsE a std at step 149999: 0.260368
2024-01-30 01:16:39,296 INFO     Test EllipsE a min at step 149999: -0.000258
2024-01-30 01:16:39,296 INFO     Test EllipsE a max at step 149999: 2.486791
2024-01-30 01:16:39,296 INFO     Test EllipsE b mean at step 149999: 0.747882
2024-01-30 01:16:39,296 INFO     Test EllipsE b std at step 149999: 0.599225
2024-01-30 01:16:39,296 INFO     Test EllipsE b min at step 149999: -0.000291
2024-01-30 01:16:39,296 INFO     Test EllipsE b max at step 149999: 2.860031
################################################## 
 ################################################## 
Print the evaluation logs for every relation:
2024-01-30 01:16:39,296 INFO     _verb_group: 
2024-01-30 01:16:39,297 INFO     Test ******* Model EllipsE ****  at step 149999: 1.000000
2024-01-30 01:16:39,297 INFO     Test MRR at step 149999: 0.968391
2024-01-30 01:16:39,297 INFO     Test MR at step 149999: 335.961538
2024-01-30 01:16:39,297 INFO     Test HITS@1 at step 149999: 0.961538
2024-01-30 01:16:39,297 INFO     Test HITS@3 at step 149999: 0.974359
2024-01-30 01:16:39,297 INFO     Test HITS@10 at step 149999: 0.974359
2024-01-30 01:16:39,297 INFO     Test EllipsE a mean at step 149999: 1.041543
2024-01-30 01:16:39,297 INFO     Test EllipsE a std at step 149999: 0.260368
2024-01-30 01:16:39,297 INFO     Test EllipsE a min at step 149999: -0.000258
2024-01-30 01:16:39,297 INFO     Test EllipsE a max at step 149999: 2.486791
2024-01-30 01:16:39,297 INFO     Test EllipsE b mean at step 149999: 0.747882
2024-01-30 01:16:39,298 INFO     Test EllipsE b std at step 149999: 0.599225
2024-01-30 01:16:39,298 INFO     Test EllipsE b min at step 149999: -0.000291
2024-01-30 01:16:39,298 INFO     Test EllipsE b max at step 149999: 2.860031
2024-01-30 01:16:39,298 INFO     _derivationally_related_form: 
2024-01-30 01:16:39,298 INFO     Test ******* Model EllipsE ****  at step 149999: 1.000000
2024-01-30 01:16:39,298 INFO     Test MRR at step 149999: 0.958024
2024-01-30 01:16:39,298 INFO     Test MR at step 149999: 295.763966
2024-01-30 01:16:39,298 INFO     Test HITS@1 at step 149999: 0.951117
2024-01-30 01:16:39,298 INFO     Test HITS@3 at step 149999: 0.963222
2024-01-30 01:16:39,298 INFO     Test HITS@10 at step 149999: 0.968343
2024-01-30 01:16:39,299 INFO     Test EllipsE a mean at step 149999: 1.041543
2024-01-30 01:16:39,299 INFO     Test EllipsE a std at step 149999: 0.260368
2024-01-30 01:16:39,299 INFO     Test EllipsE a min at step 149999: -0.000258
2024-01-30 01:16:39,299 INFO     Test EllipsE a max at step 149999: 2.486791
2024-01-30 01:16:39,299 INFO     Test EllipsE b mean at step 149999: 0.747882
2024-01-30 01:16:39,299 INFO     Test EllipsE b std at step 149999: 0.599225
2024-01-30 01:16:39,299 INFO     Test EllipsE b min at step 149999: -0.000291
2024-01-30 01:16:39,299 INFO     Test EllipsE b max at step 149999: 2.860031
2024-01-30 01:16:39,299 INFO     _similar_to: 
2024-01-30 01:16:39,299 INFO     Test ******* Model EllipsE ****  at step 149999: 1.000000
2024-01-30 01:16:39,299 INFO     Test MRR at step 149999: 1.000000
2024-01-30 01:16:39,300 INFO     Test MR at step 149999: 1.000000
2024-01-30 01:16:39,300 INFO     Test HITS@1 at step 149999: 1.000000
2024-01-30 01:16:39,300 INFO     Test HITS@3 at step 149999: 1.000000
2024-01-30 01:16:39,300 INFO     Test HITS@10 at step 149999: 1.000000
2024-01-30 01:16:39,300 INFO     Test EllipsE a mean at step 149999: 1.041543
2024-01-30 01:16:39,300 INFO     Test EllipsE a std at step 149999: 0.260368
2024-01-30 01:16:39,300 INFO     Test EllipsE a min at step 149999: -0.000258
2024-01-30 01:16:39,300 INFO     Test EllipsE a max at step 149999: 2.486791
2024-01-30 01:16:39,300 INFO     Test EllipsE b mean at step 149999: 0.747882
2024-01-30 01:16:39,300 INFO     Test EllipsE b std at step 149999: 0.599225
2024-01-30 01:16:39,300 INFO     Test EllipsE b min at step 149999: -0.000291
2024-01-30 01:16:39,301 INFO     Test EllipsE b max at step 149999: 2.860031
2024-01-30 01:16:40,881 INFO     Evaluating the model... (0/224)
2024-01-30 01:17:19,045 INFO     A_test.txt
2024-01-30 01:17:19,045 INFO     Test ******* Model EllipsE ****  at step 149999: 1.000000
2024-01-30 01:17:19,046 INFO     Test MRR at step 149999: 0.207382
2024-01-30 01:17:19,046 INFO     Test MR at step 149999: 6257.445531
2024-01-30 01:17:19,046 INFO     Test HITS@1 at step 149999: 0.139106
2024-01-30 01:17:19,046 INFO     Test HITS@3 at step 149999: 0.233520
2024-01-30 01:17:19,046 INFO     Test HITS@10 at step 149999: 0.342458
2024-01-30 01:17:19,046 INFO     Test EllipsE a mean at step 149999: 1.041543
2024-01-30 01:17:19,046 INFO     Test EllipsE a std at step 149999: 0.260368
2024-01-30 01:17:19,046 INFO     Test EllipsE a min at step 149999: -0.000258
2024-01-30 01:17:19,046 INFO     Test EllipsE a max at step 149999: 2.486791
2024-01-30 01:17:19,046 INFO     Test EllipsE b mean at step 149999: 0.747882
2024-01-30 01:17:19,047 INFO     Test EllipsE b std at step 149999: 0.599225
2024-01-30 01:17:19,047 INFO     Test EllipsE b min at step 149999: -0.000291
2024-01-30 01:17:19,047 INFO     Test EllipsE b max at step 149999: 2.860031
################################################## 
 ################################################## 
Print the evaluation logs for every relation:
2024-01-30 01:17:19,047 INFO     _member_of_domain_usage: 
2024-01-30 01:17:19,047 INFO     Test ******* Model EllipsE ****  at step 149999: 1.000000
2024-01-30 01:17:19,047 INFO     Test MRR at step 149999: 0.324885
2024-01-30 01:17:19,047 INFO     Test MR at step 149999: 8939.729167
2024-01-30 01:17:19,047 INFO     Test HITS@1 at step 149999: 0.291667
2024-01-30 01:17:19,047 INFO     Test HITS@3 at step 149999: 0.354167
2024-01-30 01:17:19,047 INFO     Test HITS@10 at step 149999: 0.395833
2024-01-30 01:17:19,047 INFO     Test EllipsE a mean at step 149999: 1.041543
2024-01-30 01:17:19,048 INFO     Test EllipsE a std at step 149999: 0.260368
2024-01-30 01:17:19,048 INFO     Test EllipsE a min at step 149999: -0.000258
2024-01-30 01:17:19,048 INFO     Test EllipsE a max at step 149999: 2.486791
2024-01-30 01:17:19,048 INFO     Test EllipsE b mean at step 149999: 0.747882
2024-01-30 01:17:19,048 INFO     Test EllipsE b std at step 149999: 0.599225
2024-01-30 01:17:19,048 INFO     Test EllipsE b min at step 149999: -0.000291
2024-01-30 01:17:19,048 INFO     Test EllipsE b max at step 149999: 2.860031
2024-01-30 01:17:19,048 INFO     _member_of_domain_region: 
2024-01-30 01:17:19,048 INFO     Test ******* Model EllipsE ****  at step 149999: 1.000000
2024-01-30 01:17:19,048 INFO     Test MRR at step 149999: 0.310812
2024-01-30 01:17:19,049 INFO     Test MR at step 149999: 10320.326923
2024-01-30 01:17:19,049 INFO     Test HITS@1 at step 149999: 0.250000
2024-01-30 01:17:19,049 INFO     Test HITS@3 at step 149999: 0.326923
2024-01-30 01:17:19,049 INFO     Test HITS@10 at step 149999: 0.442308
2024-01-30 01:17:19,049 INFO     Test EllipsE a mean at step 149999: 1.041543
2024-01-30 01:17:19,049 INFO     Test EllipsE a std at step 149999: 0.260368
2024-01-30 01:17:19,049 INFO     Test EllipsE a min at step 149999: -0.000258
2024-01-30 01:17:19,049 INFO     Test EllipsE a max at step 149999: 2.486791
2024-01-30 01:17:19,049 INFO     Test EllipsE b mean at step 149999: 0.747882
2024-01-30 01:17:19,049 INFO     Test EllipsE b std at step 149999: 0.599225
2024-01-30 01:17:19,049 INFO     Test EllipsE b min at step 149999: -0.000291
2024-01-30 01:17:19,050 INFO     Test EllipsE b max at step 149999: 2.860031
2024-01-30 01:17:19,050 INFO     _member_meronym: 
2024-01-30 01:17:19,050 INFO     Test ******* Model EllipsE ****  at step 149999: 1.000000
2024-01-30 01:17:19,050 INFO     Test MRR at step 149999: 0.216863
2024-01-30 01:17:19,050 INFO     Test MR at step 149999: 2271.383399
2024-01-30 01:17:19,050 INFO     Test HITS@1 at step 149999: 0.136364
2024-01-30 01:17:19,050 INFO     Test HITS@3 at step 149999: 0.239130
2024-01-30 01:17:19,050 INFO     Test HITS@10 at step 149999: 0.373518
2024-01-30 01:17:19,050 INFO     Test EllipsE a mean at step 149999: 1.041543
2024-01-30 01:17:19,050 INFO     Test EllipsE a std at step 149999: 0.260368
2024-01-30 01:17:19,050 INFO     Test EllipsE a min at step 149999: -0.000258
2024-01-30 01:17:19,051 INFO     Test EllipsE a max at step 149999: 2.486791
2024-01-30 01:17:19,051 INFO     Test EllipsE b mean at step 149999: 0.747882
2024-01-30 01:17:19,051 INFO     Test EllipsE b std at step 149999: 0.599225
2024-01-30 01:17:19,051 INFO     Test EllipsE b min at step 149999: -0.000291
2024-01-30 01:17:19,051 INFO     Test EllipsE b max at step 149999: 2.860031
2024-01-30 01:17:19,051 INFO     _hypernym: 
2024-01-30 01:17:19,051 INFO     Test ******* Model EllipsE ****  at step 149999: 1.000000
2024-01-30 01:17:19,051 INFO     Test MRR at step 149999: 0.171800
2024-01-30 01:17:19,051 INFO     Test MR at step 149999: 7337.895683
2024-01-30 01:17:19,051 INFO     Test HITS@1 at step 149999: 0.107514
2024-01-30 01:17:19,051 INFO     Test HITS@3 at step 149999: 0.195444
2024-01-30 01:17:19,052 INFO     Test HITS@10 at step 149999: 0.300560
2024-01-30 01:17:19,052 INFO     Test EllipsE a mean at step 149999: 1.041543
2024-01-30 01:17:19,052 INFO     Test EllipsE a std at step 149999: 0.260368
2024-01-30 01:17:19,052 INFO     Test EllipsE a min at step 149999: -0.000258
2024-01-30 01:17:19,052 INFO     Test EllipsE a max at step 149999: 2.486791
2024-01-30 01:17:19,052 INFO     Test EllipsE b mean at step 149999: 0.747882
2024-01-30 01:17:19,052 INFO     Test EllipsE b std at step 149999: 0.599225
2024-01-30 01:17:19,052 INFO     Test EllipsE b min at step 149999: -0.000291
2024-01-30 01:17:19,052 INFO     Test EllipsE b max at step 149999: 2.860031
2024-01-30 01:17:19,052 INFO     _instance_hypernym: 
2024-01-30 01:17:19,052 INFO     Test ******* Model EllipsE ****  at step 149999: 1.000000
2024-01-30 01:17:19,053 INFO     Test MRR at step 149999: 0.333371
2024-01-30 01:17:19,053 INFO     Test MR at step 149999: 2468.581967
2024-01-30 01:17:19,053 INFO     Test HITS@1 at step 149999: 0.233607
2024-01-30 01:17:19,053 INFO     Test HITS@3 at step 149999: 0.385246
2024-01-30 01:17:19,053 INFO     Test HITS@10 at step 149999: 0.540984
2024-01-30 01:17:19,053 INFO     Test EllipsE a mean at step 149999: 1.041543
2024-01-30 01:17:19,053 INFO     Test EllipsE a std at step 149999: 0.260368
2024-01-30 01:17:19,053 INFO     Test EllipsE a min at step 149999: -0.000258
2024-01-30 01:17:19,053 INFO     Test EllipsE a max at step 149999: 2.486791
2024-01-30 01:17:19,053 INFO     Test EllipsE b mean at step 149999: 0.747882
2024-01-30 01:17:19,053 INFO     Test EllipsE b std at step 149999: 0.599225
2024-01-30 01:17:19,054 INFO     Test EllipsE b min at step 149999: -0.000291
2024-01-30 01:17:19,054 INFO     Test EllipsE b max at step 149999: 2.860031
2024-01-30 01:17:19,054 INFO     _synset_domain_topic_of: 
2024-01-30 01:17:19,054 INFO     Test ******* Model EllipsE ****  at step 149999: 1.000000
2024-01-30 01:17:19,054 INFO     Test MRR at step 149999: 0.393646
2024-01-30 01:17:19,054 INFO     Test MR at step 149999: 5810.622807
2024-01-30 01:17:19,054 INFO     Test HITS@1 at step 149999: 0.333333
2024-01-30 01:17:19,054 INFO     Test HITS@3 at step 149999: 0.429825
2024-01-30 01:17:19,054 INFO     Test HITS@10 at step 149999: 0.486842
2024-01-30 01:17:19,054 INFO     Test EllipsE a mean at step 149999: 1.041543
2024-01-30 01:17:19,055 INFO     Test EllipsE a std at step 149999: 0.260368
2024-01-30 01:17:19,055 INFO     Test EllipsE a min at step 149999: -0.000258
2024-01-30 01:17:19,055 INFO     Test EllipsE a max at step 149999: 2.486791
2024-01-30 01:17:19,055 INFO     Test EllipsE b mean at step 149999: 0.747882
2024-01-30 01:17:19,055 INFO     Test EllipsE b std at step 149999: 0.599225
2024-01-30 01:17:19,055 INFO     Test EllipsE b min at step 149999: -0.000291
2024-01-30 01:17:19,055 INFO     Test EllipsE b max at step 149999: 2.860031
2024-01-30 01:17:20,365 INFO     Evaluating the model... (0/140)
2024-01-30 01:17:44,547 INFO     Ss_test.txt
2024-01-30 01:17:44,547 INFO     Test ******* Model EllipsE ****  at step 149999: 1.000000
2024-01-30 01:17:44,547 INFO     Test MRR at step 149999: 0.958499
2024-01-30 01:17:44,547 INFO     Test MR at step 149999: 296.376344
2024-01-30 01:17:44,547 INFO     Test HITS@1 at step 149999: 0.951613
2024-01-30 01:17:44,547 INFO     Test HITS@3 at step 149999: 0.963710
2024-01-30 01:17:44,548 INFO     Test HITS@10 at step 149999: 0.968638
2024-01-30 01:17:44,548 INFO     Test EllipsE a mean at step 149999: 1.041543
2024-01-30 01:17:44,548 INFO     Test EllipsE a std at step 149999: 0.260368
2024-01-30 01:17:44,548 INFO     Test EllipsE a min at step 149999: -0.000258
2024-01-30 01:17:44,548 INFO     Test EllipsE a max at step 149999: 2.486791
2024-01-30 01:17:44,548 INFO     Test EllipsE b mean at step 149999: 0.747882
2024-01-30 01:17:44,548 INFO     Test EllipsE b std at step 149999: 0.599225
2024-01-30 01:17:44,548 INFO     Test EllipsE b min at step 149999: -0.000291
2024-01-30 01:17:44,548 INFO     Test EllipsE b max at step 149999: 2.860031
################################################## 
 ################################################## 
Print the evaluation logs for every relation:
2024-01-30 01:17:44,548 INFO     _verb_group: 
2024-01-30 01:17:44,548 INFO     Test ******* Model EllipsE ****  at step 149999: 1.000000
2024-01-30 01:17:44,549 INFO     Test MRR at step 149999: 0.968391
2024-01-30 01:17:44,549 INFO     Test MR at step 149999: 335.961538
2024-01-30 01:17:44,549 INFO     Test HITS@1 at step 149999: 0.961538
2024-01-30 01:17:44,549 INFO     Test HITS@3 at step 149999: 0.974359
2024-01-30 01:17:44,549 INFO     Test HITS@10 at step 149999: 0.974359
2024-01-30 01:17:44,549 INFO     Test EllipsE a mean at step 149999: 1.041543
2024-01-30 01:17:44,549 INFO     Test EllipsE a std at step 149999: 0.260368
2024-01-30 01:17:44,549 INFO     Test EllipsE a min at step 149999: -0.000258
2024-01-30 01:17:44,549 INFO     Test EllipsE a max at step 149999: 2.486791
2024-01-30 01:17:44,549 INFO     Test EllipsE b mean at step 149999: 0.747882
2024-01-30 01:17:44,550 INFO     Test EllipsE b std at step 149999: 0.599225
2024-01-30 01:17:44,550 INFO     Test EllipsE b min at step 149999: -0.000291
2024-01-30 01:17:44,550 INFO     Test EllipsE b max at step 149999: 2.860031
2024-01-30 01:17:44,550 INFO     _derivationally_related_form: 
2024-01-30 01:17:44,550 INFO     Test ******* Model EllipsE ****  at step 149999: 1.000000
2024-01-30 01:17:44,550 INFO     Test MRR at step 149999: 0.958024
2024-01-30 01:17:44,550 INFO     Test MR at step 149999: 295.763966
2024-01-30 01:17:44,550 INFO     Test HITS@1 at step 149999: 0.951117
2024-01-30 01:17:44,550 INFO     Test HITS@3 at step 149999: 0.963222
2024-01-30 01:17:44,550 INFO     Test HITS@10 at step 149999: 0.968343
2024-01-30 01:17:44,550 INFO     Test EllipsE a mean at step 149999: 1.041543
2024-01-30 01:17:44,551 INFO     Test EllipsE a std at step 149999: 0.260368
2024-01-30 01:17:44,551 INFO     Test EllipsE a min at step 149999: -0.000258
2024-01-30 01:17:44,551 INFO     Test EllipsE a max at step 149999: 2.486791
2024-01-30 01:17:44,551 INFO     Test EllipsE b mean at step 149999: 0.747882
2024-01-30 01:17:44,551 INFO     Test EllipsE b std at step 149999: 0.599225
2024-01-30 01:17:44,551 INFO     Test EllipsE b min at step 149999: -0.000291
2024-01-30 01:17:44,551 INFO     Test EllipsE b max at step 149999: 2.860031
2024-01-30 01:17:44,551 INFO     _similar_to: 
2024-01-30 01:17:44,551 INFO     Test ******* Model EllipsE ****  at step 149999: 1.000000
2024-01-30 01:17:44,551 INFO     Test MRR at step 149999: 1.000000
2024-01-30 01:17:44,551 INFO     Test MR at step 149999: 1.000000
2024-01-30 01:17:44,552 INFO     Test HITS@1 at step 149999: 1.000000
2024-01-30 01:17:44,552 INFO     Test HITS@3 at step 149999: 1.000000
2024-01-30 01:17:44,552 INFO     Test HITS@10 at step 149999: 1.000000
2024-01-30 01:17:44,552 INFO     Test EllipsE a mean at step 149999: 1.041543
2024-01-30 01:17:44,552 INFO     Test EllipsE a std at step 149999: 0.260368
2024-01-30 01:17:44,552 INFO     Test EllipsE a min at step 149999: -0.000258
2024-01-30 01:17:44,552 INFO     Test EllipsE a max at step 149999: 2.486791
2024-01-30 01:17:44,552 INFO     Test EllipsE b mean at step 149999: 0.747882
2024-01-30 01:17:44,552 INFO     Test EllipsE b std at step 149999: 0.599225
2024-01-30 01:17:44,552 INFO     Test EllipsE b min at step 149999: -0.000291
2024-01-30 01:17:44,552 INFO     Test EllipsE b max at step 149999: 2.860031
2024-01-30 01:17:45,838 INFO     Evaluating the model... (0/22)
2024-01-30 01:17:50,405 INFO     AC_test.txt
2024-01-30 01:17:50,406 INFO     Test ******* Model EllipsE ****  at step 149999: 1.000000
2024-01-30 01:17:50,406 INFO     Test MRR at step 149999: 0.205252
2024-01-30 01:17:50,406 INFO     Test MR at step 149999: 4667.267442
2024-01-30 01:17:50,406 INFO     Test HITS@1 at step 149999: 0.133721
2024-01-30 01:17:50,406 INFO     Test HITS@3 at step 149999: 0.220930
2024-01-30 01:17:50,406 INFO     Test HITS@10 at step 149999: 0.351744
2024-01-30 01:17:50,406 INFO     Test EllipsE a mean at step 149999: 1.041543
2024-01-30 01:17:50,406 INFO     Test EllipsE a std at step 149999: 0.260368
2024-01-30 01:17:50,406 INFO     Test EllipsE a min at step 149999: -0.000258
2024-01-30 01:17:50,406 INFO     Test EllipsE a max at step 149999: 2.486791
2024-01-30 01:17:50,406 INFO     Test EllipsE b mean at step 149999: 0.747882
2024-01-30 01:17:50,406 INFO     Test EllipsE b std at step 149999: 0.599225
2024-01-30 01:17:50,406 INFO     Test EllipsE b min at step 149999: -0.000291
2024-01-30 01:17:50,406 INFO     Test EllipsE b max at step 149999: 2.860031
################################################## 
 ################################################## 
Print the evaluation logs for every relation:
2024-01-30 01:17:50,407 INFO     _has_part: 
2024-01-30 01:17:50,407 INFO     Test ******* Model EllipsE ****  at step 149999: 1.000000
2024-01-30 01:17:50,407 INFO     Test MRR at step 149999: 0.205252
2024-01-30 01:17:50,407 INFO     Test MR at step 149999: 4667.267442
2024-01-30 01:17:50,407 INFO     Test HITS@1 at step 149999: 0.133721
2024-01-30 01:17:50,407 INFO     Test HITS@3 at step 149999: 0.220930
2024-01-30 01:17:50,407 INFO     Test HITS@10 at step 149999: 0.351744
2024-01-30 01:17:50,407 INFO     Test EllipsE a mean at step 149999: 1.041543
2024-01-30 01:17:50,407 INFO     Test EllipsE a std at step 149999: 0.260368
2024-01-30 01:17:50,407 INFO     Test EllipsE a min at step 149999: -0.000258
2024-01-30 01:17:50,407 INFO     Test EllipsE a max at step 149999: 2.486791
2024-01-30 01:17:50,407 INFO     Test EllipsE b mean at step 149999: 0.747882
2024-01-30 01:17:50,407 INFO     Test EllipsE b std at step 149999: 0.599225
2024-01-30 01:17:50,407 INFO     Test EllipsE b min at step 149999: -0.000291
2024-01-30 01:17:50,407 INFO     Test EllipsE b max at step 149999: 2.860031
2024-01-30 01:17:51,976 INFO     Evaluating the model... (0/246)
2024-01-30 01:18:33,546 INFO     Aa_test.txt
2024-01-30 01:18:33,546 INFO     Test ******* Model EllipsE ****  at step 149999: 1.000000
2024-01-30 01:18:33,546 INFO     Test MRR at step 149999: 0.207195
2024-01-30 01:18:33,546 INFO     Test MR at step 149999: 6118.041539
2024-01-30 01:18:33,546 INFO     Test HITS@1 at step 149999: 0.138634
2024-01-30 01:18:33,546 INFO     Test HITS@3 at step 149999: 0.232416
2024-01-30 01:18:33,546 INFO     Test HITS@10 at step 149999: 0.343272
2024-01-30 01:18:33,546 INFO     Test EllipsE a mean at step 149999: 1.041543
2024-01-30 01:18:33,546 INFO     Test EllipsE a std at step 149999: 0.260368
2024-01-30 01:18:33,546 INFO     Test EllipsE a min at step 149999: -0.000258
2024-01-30 01:18:33,546 INFO     Test EllipsE a max at step 149999: 2.486791
2024-01-30 01:18:33,546 INFO     Test EllipsE b mean at step 149999: 0.747882
2024-01-30 01:18:33,547 INFO     Test EllipsE b std at step 149999: 0.599225
2024-01-30 01:18:33,547 INFO     Test EllipsE b min at step 149999: -0.000291
2024-01-30 01:18:33,547 INFO     Test EllipsE b max at step 149999: 2.860031
################################################## 
 ################################################## 
Print the evaluation logs for every relation:
2024-01-30 01:18:33,547 INFO     _member_of_domain_usage: 
2024-01-30 01:18:33,547 INFO     Test ******* Model EllipsE ****  at step 149999: 1.000000
2024-01-30 01:18:33,547 INFO     Test MRR at step 149999: 0.324885
2024-01-30 01:18:33,547 INFO     Test MR at step 149999: 8939.729167
2024-01-30 01:18:33,547 INFO     Test HITS@1 at step 149999: 0.291667
2024-01-30 01:18:33,547 INFO     Test HITS@3 at step 149999: 0.354167
2024-01-30 01:18:33,547 INFO     Test HITS@10 at step 149999: 0.395833
2024-01-30 01:18:33,547 INFO     Test EllipsE a mean at step 149999: 1.041543
2024-01-30 01:18:33,547 INFO     Test EllipsE a std at step 149999: 0.260368
2024-01-30 01:18:33,547 INFO     Test EllipsE a min at step 149999: -0.000258
2024-01-30 01:18:33,547 INFO     Test EllipsE a max at step 149999: 2.486791
2024-01-30 01:18:33,548 INFO     Test EllipsE b mean at step 149999: 0.747882
2024-01-30 01:18:33,548 INFO     Test EllipsE b std at step 149999: 0.599225
2024-01-30 01:18:33,548 INFO     Test EllipsE b min at step 149999: -0.000291
2024-01-30 01:18:33,548 INFO     Test EllipsE b max at step 149999: 2.860031
2024-01-30 01:18:33,548 INFO     _member_of_domain_region: 
2024-01-30 01:18:33,548 INFO     Test ******* Model EllipsE ****  at step 149999: 1.000000
2024-01-30 01:18:33,548 INFO     Test MRR at step 149999: 0.310812
2024-01-30 01:18:33,548 INFO     Test MR at step 149999: 10320.326923
2024-01-30 01:18:33,548 INFO     Test HITS@1 at step 149999: 0.250000
2024-01-30 01:18:33,548 INFO     Test HITS@3 at step 149999: 0.326923
2024-01-30 01:18:33,548 INFO     Test HITS@10 at step 149999: 0.442308
2024-01-30 01:18:33,548 INFO     Test EllipsE a mean at step 149999: 1.041543
2024-01-30 01:18:33,548 INFO     Test EllipsE a std at step 149999: 0.260368
2024-01-30 01:18:33,548 INFO     Test EllipsE a min at step 149999: -0.000258
2024-01-30 01:18:33,549 INFO     Test EllipsE a max at step 149999: 2.486791
2024-01-30 01:18:33,549 INFO     Test EllipsE b mean at step 149999: 0.747882
2024-01-30 01:18:33,549 INFO     Test EllipsE b std at step 149999: 0.599225
2024-01-30 01:18:33,549 INFO     Test EllipsE b min at step 149999: -0.000291
2024-01-30 01:18:33,549 INFO     Test EllipsE b max at step 149999: 2.860031
2024-01-30 01:18:33,549 INFO     _member_meronym: 
2024-01-30 01:18:33,549 INFO     Test ******* Model EllipsE ****  at step 149999: 1.000000
2024-01-30 01:18:33,549 INFO     Test MRR at step 149999: 0.216863
2024-01-30 01:18:33,549 INFO     Test MR at step 149999: 2271.383399
2024-01-30 01:18:33,549 INFO     Test HITS@1 at step 149999: 0.136364
2024-01-30 01:18:33,549 INFO     Test HITS@3 at step 149999: 0.239130
2024-01-30 01:18:33,549 INFO     Test HITS@10 at step 149999: 0.373518
2024-01-30 01:18:33,549 INFO     Test EllipsE a mean at step 149999: 1.041543
2024-01-30 01:18:33,549 INFO     Test EllipsE a std at step 149999: 0.260368
2024-01-30 01:18:33,549 INFO     Test EllipsE a min at step 149999: -0.000258
2024-01-30 01:18:33,550 INFO     Test EllipsE a max at step 149999: 2.486791
2024-01-30 01:18:33,550 INFO     Test EllipsE b mean at step 149999: 0.747882
2024-01-30 01:18:33,550 INFO     Test EllipsE b std at step 149999: 0.599225
2024-01-30 01:18:33,550 INFO     Test EllipsE b min at step 149999: -0.000291
2024-01-30 01:18:33,550 INFO     Test EllipsE b max at step 149999: 2.860031
2024-01-30 01:18:33,550 INFO     _hypernym: 
2024-01-30 01:18:33,550 INFO     Test ******* Model EllipsE ****  at step 149999: 1.000000
2024-01-30 01:18:33,550 INFO     Test MRR at step 149999: 0.171800
2024-01-30 01:18:33,550 INFO     Test MR at step 149999: 7337.895683
2024-01-30 01:18:33,550 INFO     Test HITS@1 at step 149999: 0.107514
2024-01-30 01:18:33,550 INFO     Test HITS@3 at step 149999: 0.195444
2024-01-30 01:18:33,550 INFO     Test HITS@10 at step 149999: 0.300560
2024-01-30 01:18:33,550 INFO     Test EllipsE a mean at step 149999: 1.041543
2024-01-30 01:18:33,550 INFO     Test EllipsE a std at step 149999: 0.260368
2024-01-30 01:18:33,550 INFO     Test EllipsE a min at step 149999: -0.000258
2024-01-30 01:18:33,551 INFO     Test EllipsE a max at step 149999: 2.486791
2024-01-30 01:18:33,551 INFO     Test EllipsE b mean at step 149999: 0.747882
2024-01-30 01:18:33,551 INFO     Test EllipsE b std at step 149999: 0.599225
2024-01-30 01:18:33,551 INFO     Test EllipsE b min at step 149999: -0.000291
2024-01-30 01:18:33,551 INFO     Test EllipsE b max at step 149999: 2.860031
2024-01-30 01:18:33,551 INFO     _has_part: 
2024-01-30 01:18:33,551 INFO     Test ******* Model EllipsE ****  at step 149999: 1.000000
2024-01-30 01:18:33,551 INFO     Test MRR at step 149999: 0.205252
2024-01-30 01:18:33,551 INFO     Test MR at step 149999: 4667.267442
2024-01-30 01:18:33,551 INFO     Test HITS@1 at step 149999: 0.133721
2024-01-30 01:18:33,551 INFO     Test HITS@3 at step 149999: 0.220930
2024-01-30 01:18:33,551 INFO     Test HITS@10 at step 149999: 0.351744
2024-01-30 01:18:33,551 INFO     Test EllipsE a mean at step 149999: 1.041543
2024-01-30 01:18:33,551 INFO     Test EllipsE a std at step 149999: 0.260368
2024-01-30 01:18:33,552 INFO     Test EllipsE a min at step 149999: -0.000258
2024-01-30 01:18:33,552 INFO     Test EllipsE a max at step 149999: 2.486791
2024-01-30 01:18:33,552 INFO     Test EllipsE b mean at step 149999: 0.747882
2024-01-30 01:18:33,552 INFO     Test EllipsE b std at step 149999: 0.599225
2024-01-30 01:18:33,552 INFO     Test EllipsE b min at step 149999: -0.000291
2024-01-30 01:18:33,552 INFO     Test EllipsE b max at step 149999: 2.860031
2024-01-30 01:18:33,552 INFO     _instance_hypernym: 
2024-01-30 01:18:33,552 INFO     Test ******* Model EllipsE ****  at step 149999: 1.000000
2024-01-30 01:18:33,552 INFO     Test MRR at step 149999: 0.333371
2024-01-30 01:18:33,552 INFO     Test MR at step 149999: 2468.581967
2024-01-30 01:18:33,552 INFO     Test HITS@1 at step 149999: 0.233607
2024-01-30 01:18:33,552 INFO     Test HITS@3 at step 149999: 0.385246
2024-01-30 01:18:33,552 INFO     Test HITS@10 at step 149999: 0.540984
2024-01-30 01:18:33,552 INFO     Test EllipsE a mean at step 149999: 1.041543
2024-01-30 01:18:33,552 INFO     Test EllipsE a std at step 149999: 0.260368
2024-01-30 01:18:33,553 INFO     Test EllipsE a min at step 149999: -0.000258
2024-01-30 01:18:33,553 INFO     Test EllipsE a max at step 149999: 2.486791
2024-01-30 01:18:33,553 INFO     Test EllipsE b mean at step 149999: 0.747882
2024-01-30 01:18:33,553 INFO     Test EllipsE b std at step 149999: 0.599225
2024-01-30 01:18:33,553 INFO     Test EllipsE b min at step 149999: -0.000291
2024-01-30 01:18:33,553 INFO     Test EllipsE b max at step 149999: 2.860031
2024-01-30 01:18:33,553 INFO     _synset_domain_topic_of: 
2024-01-30 01:18:33,553 INFO     Test ******* Model EllipsE ****  at step 149999: 1.000000
2024-01-30 01:18:33,553 INFO     Test MRR at step 149999: 0.393646
2024-01-30 01:18:33,553 INFO     Test MR at step 149999: 5810.622807
2024-01-30 01:18:33,553 INFO     Test HITS@1 at step 149999: 0.333333
2024-01-30 01:18:33,553 INFO     Test HITS@3 at step 149999: 0.429825
2024-01-30 01:18:33,553 INFO     Test HITS@10 at step 149999: 0.486842
2024-01-30 01:18:33,553 INFO     Test EllipsE a mean at step 149999: 1.041543
2024-01-30 01:18:33,553 INFO     Test EllipsE a std at step 149999: 0.260368
2024-01-30 01:18:33,554 INFO     Test EllipsE a min at step 149999: -0.000258
2024-01-30 01:18:33,554 INFO     Test EllipsE a max at step 149999: 2.486791
2024-01-30 01:18:33,554 INFO     Test EllipsE b mean at step 149999: 0.747882
2024-01-30 01:18:33,554 INFO     Test EllipsE b std at step 149999: 0.599225
2024-01-30 01:18:33,554 INFO     Test EllipsE b min at step 149999: -0.000291
2024-01-30 01:18:33,554 INFO     Test EllipsE b max at step 149999: 2.860031
