1.10.2
Start Evaluation on Test Data Set......
2024-01-30 01:14:21,596 INFO     Model: Butterfly
2024-01-30 01:14:21,596 INFO     Data Path: data/wn18rr
2024-01-30 01:14:21,596 INFO     #entity: 40943
2024-01-30 01:14:21,596 INFO     #relation: 11
2024-01-30 01:14:21,801 INFO     #train: 86835
2024-01-30 01:14:21,807 INFO     #valid: 3034
2024-01-30 01:14:21,814 INFO     #test: 3134
2024-01-30 01:14:21,814 INFO     C_test.txt#test: 0
2024-01-30 01:14:21,815 INFO     Cc_test.txt#test: 172
2024-01-30 01:14:21,818 INFO     S_test.txt#test: 1116
2024-01-30 01:14:21,822 INFO     A_test.txt#test: 1790
2024-01-30 01:14:21,822 INFO     AS_test.txt#test: 0
2024-01-30 01:14:21,823 INFO     CS_test.txt#test: 0
2024-01-30 01:14:21,846 INFO     Ss_test.txt#test: 1116
2024-01-30 01:14:21,846 INFO     ACS_test.txt#test: 0
2024-01-30 01:14:21,847 INFO     AC_test.txt#test: 172
2024-01-30 01:14:21,851 INFO     Aa_test.txt#test: 1962
2024-01-30 01:14:22,281 INFO     Model Parameter Configuration:
2024-01-30 01:14:22,282 INFO     Parameter gamma: torch.Size([1]), require_grad = False
2024-01-30 01:14:22,282 INFO     Parameter embedding_range: torch.Size([1]), require_grad = False
2024-01-30 01:14:22,282 INFO     Parameter entity_embedding: torch.Size([40943, 1000]), require_grad = True
2024-01-30 01:14:22,282 INFO     Parameter relation_embedding: torch.Size([11, 500]), require_grad = True
2024-01-30 01:14:22,282 INFO     Parameter ellipse: torch.Size([1000]), require_grad = True
2024-01-30 01:14:26,784 INFO     Loading checkpoint models/Butterfly_wn18rr_BuWR...
2024-01-30 01:14:28,452 INFO     Start Training...
2024-01-30 01:14:28,452 INFO     init_step = 149999
2024-01-30 01:14:28,452 INFO     batch_size = 1024
2024-01-30 01:14:28,452 INFO     negative_adversarial_sampling = 0
2024-01-30 01:14:28,452 INFO     hidden_dim = 500
2024-01-30 01:14:28,452 INFO     gamma = 12.000000
2024-01-30 01:14:28,452 INFO     negative_sample_size = 128
2024-01-30 01:14:28,453 INFO     negative_adversarial_sampling = False
2024-01-30 01:14:28,453 INFO     learning_rate = 0.000010
2024-01-30 01:14:29,731 INFO     Evaluating on Valid Dataset...
2024-01-30 01:14:31,348 INFO     Evaluating the model... (0/380)
2024-01-30 01:15:33,193 INFO     Valid ******* Model Butterfly ****  at step 149999: 1.000000
2024-01-30 01:15:33,193 INFO     Valid MRR at step 149999: 0.465905
2024-01-30 01:15:33,193 INFO     Valid MR at step 149999: 4322.169908
2024-01-30 01:15:33,193 INFO     Valid HITS@1 at step 149999: 0.417436
2024-01-30 01:15:33,193 INFO     Valid HITS@3 at step 149999: 0.488629
2024-01-30 01:15:33,193 INFO     Valid HITS@10 at step 149999: 0.555867
2024-01-30 01:15:33,193 INFO     Evaluating on Test Dataset...
2024-01-30 01:15:34,429 INFO     Evaluating the model... (0/392)
2024-01-30 01:16:38,496 INFO     Test ******* Model Butterfly ****  at step 149999: 1.000000
2024-01-30 01:16:38,496 INFO     Test MRR at step 149999: 0.465122
2024-01-30 01:16:38,496 INFO     Test MR at step 149999: 4383.933153
2024-01-30 01:16:38,496 INFO     Test HITS@1 at step 149999: 0.413050
2024-01-30 01:16:38,496 INFO     Test HITS@3 at step 149999: 0.492023
2024-01-30 01:16:38,496 INFO     Test HITS@10 at step 149999: 0.559030
################################################## 
 ################################################## 
Print the evaluation logs for every relation:
2024-01-30 01:16:38,496 INFO     _member_of_domain_usage: 
2024-01-30 01:16:38,496 INFO     Test ******* Model Butterfly ****  at step 149999: 1.000000
2024-01-30 01:16:38,497 INFO     Test MRR at step 149999: 0.282442
2024-01-30 01:16:38,497 INFO     Test MR at step 149999: 8782.229167
2024-01-30 01:16:38,497 INFO     Test HITS@1 at step 149999: 0.208333
2024-01-30 01:16:38,497 INFO     Test HITS@3 at step 149999: 0.312500
2024-01-30 01:16:38,497 INFO     Test HITS@10 at step 149999: 0.437500
2024-01-30 01:16:38,497 INFO     _verb_group: 
2024-01-30 01:16:38,497 INFO     Test ******* Model Butterfly ****  at step 149999: 1.000000
2024-01-30 01:16:38,497 INFO     Test MRR at step 149999: 0.458847
2024-01-30 01:16:38,497 INFO     Test MR at step 149999: 367.000000
2024-01-30 01:16:38,497 INFO     Test HITS@1 at step 149999: 0.012821
2024-01-30 01:16:38,497 INFO     Test HITS@3 at step 149999: 0.897436
2024-01-30 01:16:38,498 INFO     Test HITS@10 at step 149999: 0.974359
2024-01-30 01:16:38,498 INFO     _member_of_domain_region: 
2024-01-30 01:16:38,498 INFO     Test ******* Model Butterfly ****  at step 149999: 1.000000
2024-01-30 01:16:38,498 INFO     Test MRR at step 149999: 0.338166
2024-01-30 01:16:38,498 INFO     Test MR at step 149999: 10260.115385
2024-01-30 01:16:38,498 INFO     Test HITS@1 at step 149999: 0.250000
2024-01-30 01:16:38,498 INFO     Test HITS@3 at step 149999: 0.384615
2024-01-30 01:16:38,498 INFO     Test HITS@10 at step 149999: 0.461538
2024-01-30 01:16:38,498 INFO     _member_meronym: 
2024-01-30 01:16:38,498 INFO     Test ******* Model Butterfly ****  at step 149999: 1.000000
2024-01-30 01:16:38,498 INFO     Test MRR at step 149999: 0.200834
2024-01-30 01:16:38,499 INFO     Test MR at step 149999: 3281.750988
2024-01-30 01:16:38,499 INFO     Test HITS@1 at step 149999: 0.126482
2024-01-30 01:16:38,499 INFO     Test HITS@3 at step 149999: 0.219368
2024-01-30 01:16:38,499 INFO     Test HITS@10 at step 149999: 0.347826
2024-01-30 01:16:38,499 INFO     _hypernym: 
2024-01-30 01:16:38,499 INFO     Test ******* Model Butterfly ****  at step 149999: 1.000000
2024-01-30 01:16:38,499 INFO     Test MRR at step 149999: 0.168395
2024-01-30 01:16:38,499 INFO     Test MR at step 149999: 8156.215827
2024-01-30 01:16:38,499 INFO     Test HITS@1 at step 149999: 0.112710
2024-01-30 01:16:38,499 INFO     Test HITS@3 at step 149999: 0.189448
2024-01-30 01:16:38,499 INFO     Test HITS@10 at step 149999: 0.275380
2024-01-30 01:16:38,500 INFO     _has_part: 
2024-01-30 01:16:38,500 INFO     Test ******* Model Butterfly ****  at step 149999: 1.000000
2024-01-30 01:16:38,500 INFO     Test MRR at step 149999: 0.199041
2024-01-30 01:16:38,500 INFO     Test MR at step 149999: 5141.459302
2024-01-30 01:16:38,500 INFO     Test HITS@1 at step 149999: 0.136628
2024-01-30 01:16:38,500 INFO     Test HITS@3 at step 149999: 0.220930
2024-01-30 01:16:38,500 INFO     Test HITS@10 at step 149999: 0.325581
2024-01-30 01:16:38,500 INFO     _derivationally_related_form: 
2024-01-30 01:16:38,500 INFO     Test ******* Model Butterfly ****  at step 149999: 1.000000
2024-01-30 01:16:38,500 INFO     Test MRR at step 149999: 0.953620
2024-01-30 01:16:38,500 INFO     Test MR at step 149999: 347.830540
2024-01-30 01:16:38,501 INFO     Test HITS@1 at step 149999: 0.942272
2024-01-30 01:16:38,501 INFO     Test HITS@3 at step 149999: 0.964153
2024-01-30 01:16:38,501 INFO     Test HITS@10 at step 149999: 0.968808
2024-01-30 01:16:38,501 INFO     _also_see: 
2024-01-30 01:16:38,501 INFO     Test ******* Model Butterfly ****  at step 149999: 1.000000
2024-01-30 01:16:38,501 INFO     Test MRR at step 149999: 0.404980
2024-01-30 01:16:38,501 INFO     Test MR at step 149999: 1660.928571
2024-01-30 01:16:38,501 INFO     Test HITS@1 at step 149999: 0.232143
2024-01-30 01:16:38,501 INFO     Test HITS@3 at step 149999: 0.500000
2024-01-30 01:16:38,501 INFO     Test HITS@10 at step 149999: 0.723214
2024-01-30 01:16:38,501 INFO     _instance_hypernym: 
2024-01-30 01:16:38,502 INFO     Test ******* Model Butterfly ****  at step 149999: 1.000000
2024-01-30 01:16:38,502 INFO     Test MRR at step 149999: 0.334427
2024-01-30 01:16:38,502 INFO     Test MR at step 149999: 1373.114754
2024-01-30 01:16:38,502 INFO     Test HITS@1 at step 149999: 0.229508
2024-01-30 01:16:38,502 INFO     Test HITS@3 at step 149999: 0.397541
2024-01-30 01:16:38,502 INFO     Test HITS@10 at step 149999: 0.553279
2024-01-30 01:16:38,502 INFO     _synset_domain_topic_of: 
2024-01-30 01:16:38,502 INFO     Test ******* Model Butterfly ****  at step 149999: 1.000000
2024-01-30 01:16:38,502 INFO     Test MRR at step 149999: 0.344810
2024-01-30 01:16:38,502 INFO     Test MR at step 149999: 6098.666667
2024-01-30 01:16:38,502 INFO     Test HITS@1 at step 149999: 0.285088
2024-01-30 01:16:38,503 INFO     Test HITS@3 at step 149999: 0.390351
2024-01-30 01:16:38,503 INFO     Test HITS@10 at step 149999: 0.451754
2024-01-30 01:16:38,503 INFO     _similar_to: 
2024-01-30 01:16:38,503 INFO     Test ******* Model Butterfly ****  at step 149999: 1.000000
2024-01-30 01:16:38,503 INFO     Test MRR at step 149999: 0.513889
2024-01-30 01:16:38,503 INFO     Test MR at step 149999: 2.333333
2024-01-30 01:16:38,503 INFO     Test HITS@1 at step 149999: 0.166667
2024-01-30 01:16:38,503 INFO     Test HITS@3 at step 149999: 0.833333
2024-01-30 01:16:38,503 INFO     Test HITS@10 at step 149999: 1.000000
2024-01-30 01:16:38,503 INFO     Evaluating on sub_Test Dataset...
2024-01-30 01:16:39,846 INFO     Evaluating the model... (0/22)
2024-01-30 01:16:44,122 INFO     Cc_test.txt
2024-01-30 01:16:44,122 INFO     Test ******* Model Butterfly ****  at step 149999: 1.000000
2024-01-30 01:16:44,122 INFO     Test MRR at step 149999: 0.199041
2024-01-30 01:16:44,123 INFO     Test MR at step 149999: 5141.459302
2024-01-30 01:16:44,123 INFO     Test HITS@1 at step 149999: 0.136628
2024-01-30 01:16:44,123 INFO     Test HITS@3 at step 149999: 0.220930
2024-01-30 01:16:44,123 INFO     Test HITS@10 at step 149999: 0.325581
################################################## 
 ################################################## 
Print the evaluation logs for every relation:
2024-01-30 01:16:44,123 INFO     _has_part: 
2024-01-30 01:16:44,123 INFO     Test ******* Model Butterfly ****  at step 149999: 1.000000
2024-01-30 01:16:44,123 INFO     Test MRR at step 149999: 0.199041
2024-01-30 01:16:44,123 INFO     Test MR at step 149999: 5141.459302
2024-01-30 01:16:44,123 INFO     Test HITS@1 at step 149999: 0.136628
2024-01-30 01:16:44,123 INFO     Test HITS@3 at step 149999: 0.220930
2024-01-30 01:16:44,123 INFO     Test HITS@10 at step 149999: 0.325581
2024-01-30 01:16:45,314 INFO     Evaluating the model... (0/140)
2024-01-30 01:17:08,661 INFO     S_test.txt
2024-01-30 01:17:08,662 INFO     Test ******* Model Butterfly ****  at step 149999: 1.000000
2024-01-30 01:17:08,662 INFO     Test MRR at step 149999: 0.935147
2024-01-30 01:17:08,662 INFO     Test MR at step 149999: 347.571685
2024-01-30 01:17:08,662 INFO     Test HITS@1 at step 149999: 0.907706
2024-01-30 01:17:08,662 INFO     Test HITS@3 at step 149999: 0.961470
2024-01-30 01:17:08,662 INFO     Test HITS@10 at step 149999: 0.969086
################################################## 
 ################################################## 
Print the evaluation logs for every relation:
2024-01-30 01:17:08,662 INFO     _verb_group: 
2024-01-30 01:17:08,662 INFO     Test ******* Model Butterfly ****  at step 149999: 1.000000
2024-01-30 01:17:08,663 INFO     Test MRR at step 149999: 0.458847
2024-01-30 01:17:08,663 INFO     Test MR at step 149999: 367.000000
2024-01-30 01:17:08,663 INFO     Test HITS@1 at step 149999: 0.012821
2024-01-30 01:17:08,663 INFO     Test HITS@3 at step 149999: 0.897436
2024-01-30 01:17:08,663 INFO     Test HITS@10 at step 149999: 0.974359
2024-01-30 01:17:08,663 INFO     _derivationally_related_form: 
2024-01-30 01:17:08,663 INFO     Test ******* Model Butterfly ****  at step 149999: 1.000000
2024-01-30 01:17:08,663 INFO     Test MRR at step 149999: 0.953620
2024-01-30 01:17:08,663 INFO     Test MR at step 149999: 347.830540
2024-01-30 01:17:08,663 INFO     Test HITS@1 at step 149999: 0.942272
2024-01-30 01:17:08,663 INFO     Test HITS@3 at step 149999: 0.964153
2024-01-30 01:17:08,664 INFO     Test HITS@10 at step 149999: 0.968808
2024-01-30 01:17:08,664 INFO     _similar_to: 
2024-01-30 01:17:08,664 INFO     Test ******* Model Butterfly ****  at step 149999: 1.000000
2024-01-30 01:17:08,664 INFO     Test MRR at step 149999: 0.513889
2024-01-30 01:17:08,664 INFO     Test MR at step 149999: 2.333333
2024-01-30 01:17:08,664 INFO     Test HITS@1 at step 149999: 0.166667
2024-01-30 01:17:08,664 INFO     Test HITS@3 at step 149999: 0.833333
2024-01-30 01:17:08,664 INFO     Test HITS@10 at step 149999: 1.000000
2024-01-30 01:17:10,261 INFO     Evaluating the model... (0/224)
2024-01-30 01:17:46,901 INFO     A_test.txt
2024-01-30 01:17:46,901 INFO     Test ******* Model Butterfly ****  at step 149999: 1.000000
2024-01-30 01:17:46,901 INFO     Test MRR at step 149999: 0.199527
2024-01-30 01:17:46,901 INFO     Test MR at step 149999: 6912.856704
2024-01-30 01:17:46,901 INFO     Test HITS@1 at step 149999: 0.136872
2024-01-30 01:17:46,901 INFO     Test HITS@3 at step 149999: 0.225140
2024-01-30 01:17:46,902 INFO     Test HITS@10 at step 149999: 0.320670
################################################## 
 ################################################## 
Print the evaluation logs for every relation:
2024-01-30 01:17:46,902 INFO     _member_of_domain_usage: 
2024-01-30 01:17:46,902 INFO     Test ******* Model Butterfly ****  at step 149999: 1.000000
2024-01-30 01:17:46,902 INFO     Test MRR at step 149999: 0.282442
2024-01-30 01:17:46,902 INFO     Test MR at step 149999: 8782.229167
2024-01-30 01:17:46,902 INFO     Test HITS@1 at step 149999: 0.208333
2024-01-30 01:17:46,902 INFO     Test HITS@3 at step 149999: 0.312500
2024-01-30 01:17:46,902 INFO     Test HITS@10 at step 149999: 0.437500
2024-01-30 01:17:46,902 INFO     _member_of_domain_region: 
2024-01-30 01:17:46,902 INFO     Test ******* Model Butterfly ****  at step 149999: 1.000000
2024-01-30 01:17:46,902 INFO     Test MRR at step 149999: 0.338166
2024-01-30 01:17:46,902 INFO     Test MR at step 149999: 10260.115385
2024-01-30 01:17:46,902 INFO     Test HITS@1 at step 149999: 0.250000
2024-01-30 01:17:46,902 INFO     Test HITS@3 at step 149999: 0.384615
2024-01-30 01:17:46,903 INFO     Test HITS@10 at step 149999: 0.461538
2024-01-30 01:17:46,903 INFO     _member_meronym: 
2024-01-30 01:17:46,903 INFO     Test ******* Model Butterfly ****  at step 149999: 1.000000
2024-01-30 01:17:46,903 INFO     Test MRR at step 149999: 0.200834
2024-01-30 01:17:46,903 INFO     Test MR at step 149999: 3281.750988
2024-01-30 01:17:46,903 INFO     Test HITS@1 at step 149999: 0.126482
2024-01-30 01:17:46,903 INFO     Test HITS@3 at step 149999: 0.219368
2024-01-30 01:17:46,903 INFO     Test HITS@10 at step 149999: 0.347826
2024-01-30 01:17:46,903 INFO     _hypernym: 
2024-01-30 01:17:46,903 INFO     Test ******* Model Butterfly ****  at step 149999: 1.000000
2024-01-30 01:17:46,903 INFO     Test MRR at step 149999: 0.168395
2024-01-30 01:17:46,903 INFO     Test MR at step 149999: 8156.215827
2024-01-30 01:17:46,903 INFO     Test HITS@1 at step 149999: 0.112710
2024-01-30 01:17:46,903 INFO     Test HITS@3 at step 149999: 0.189448
2024-01-30 01:17:46,904 INFO     Test HITS@10 at step 149999: 0.275380
2024-01-30 01:17:46,904 INFO     _instance_hypernym: 
2024-01-30 01:17:46,904 INFO     Test ******* Model Butterfly ****  at step 149999: 1.000000
2024-01-30 01:17:46,904 INFO     Test MRR at step 149999: 0.334427
2024-01-30 01:17:46,904 INFO     Test MR at step 149999: 1373.114754
2024-01-30 01:17:46,904 INFO     Test HITS@1 at step 149999: 0.229508
2024-01-30 01:17:46,904 INFO     Test HITS@3 at step 149999: 0.397541
2024-01-30 01:17:46,904 INFO     Test HITS@10 at step 149999: 0.553279
2024-01-30 01:17:46,904 INFO     _synset_domain_topic_of: 
2024-01-30 01:17:46,904 INFO     Test ******* Model Butterfly ****  at step 149999: 1.000000
2024-01-30 01:17:46,904 INFO     Test MRR at step 149999: 0.344810
2024-01-30 01:17:46,904 INFO     Test MR at step 149999: 6098.666667
2024-01-30 01:17:46,904 INFO     Test HITS@1 at step 149999: 0.285088
2024-01-30 01:17:46,904 INFO     Test HITS@3 at step 149999: 0.390351
2024-01-30 01:17:46,904 INFO     Test HITS@10 at step 149999: 0.451754
2024-01-30 01:17:48,483 INFO     Evaluating the model... (0/140)
2024-01-30 01:18:11,714 INFO     Ss_test.txt
2024-01-30 01:18:11,715 INFO     Test ******* Model Butterfly ****  at step 149999: 1.000000
2024-01-30 01:18:11,715 INFO     Test MRR at step 149999: 0.935147
2024-01-30 01:18:11,715 INFO     Test MR at step 149999: 347.571685
2024-01-30 01:18:11,715 INFO     Test HITS@1 at step 149999: 0.907706
2024-01-30 01:18:11,715 INFO     Test HITS@3 at step 149999: 0.961470
2024-01-30 01:18:11,715 INFO     Test HITS@10 at step 149999: 0.969086
################################################## 
 ################################################## 
Print the evaluation logs for every relation:
2024-01-30 01:18:11,715 INFO     _verb_group: 
2024-01-30 01:18:11,715 INFO     Test ******* Model Butterfly ****  at step 149999: 1.000000
2024-01-30 01:18:11,715 INFO     Test MRR at step 149999: 0.458847
2024-01-30 01:18:11,715 INFO     Test MR at step 149999: 367.000000
2024-01-30 01:18:11,715 INFO     Test HITS@1 at step 149999: 0.012821
2024-01-30 01:18:11,715 INFO     Test HITS@3 at step 149999: 0.897436
2024-01-30 01:18:11,715 INFO     Test HITS@10 at step 149999: 0.974359
2024-01-30 01:18:11,716 INFO     _derivationally_related_form: 
2024-01-30 01:18:11,716 INFO     Test ******* Model Butterfly ****  at step 149999: 1.000000
2024-01-30 01:18:11,716 INFO     Test MRR at step 149999: 0.953620
2024-01-30 01:18:11,716 INFO     Test MR at step 149999: 347.830540
2024-01-30 01:18:11,716 INFO     Test HITS@1 at step 149999: 0.942272
2024-01-30 01:18:11,716 INFO     Test HITS@3 at step 149999: 0.964153
2024-01-30 01:18:11,716 INFO     Test HITS@10 at step 149999: 0.968808
2024-01-30 01:18:11,716 INFO     _similar_to: 
2024-01-30 01:18:11,716 INFO     Test ******* Model Butterfly ****  at step 149999: 1.000000
2024-01-30 01:18:11,716 INFO     Test MRR at step 149999: 0.513889
2024-01-30 01:18:11,716 INFO     Test MR at step 149999: 2.333333
2024-01-30 01:18:11,716 INFO     Test HITS@1 at step 149999: 0.166667
2024-01-30 01:18:11,716 INFO     Test HITS@3 at step 149999: 0.833333
2024-01-30 01:18:11,716 INFO     Test HITS@10 at step 149999: 1.000000
2024-01-30 01:18:13,046 INFO     Evaluating the model... (0/22)
2024-01-30 01:18:17,291 INFO     AC_test.txt
2024-01-30 01:18:17,291 INFO     Test ******* Model Butterfly ****  at step 149999: 1.000000
2024-01-30 01:18:17,291 INFO     Test MRR at step 149999: 0.199041
2024-01-30 01:18:17,291 INFO     Test MR at step 149999: 5141.459302
2024-01-30 01:18:17,291 INFO     Test HITS@1 at step 149999: 0.136628
2024-01-30 01:18:17,291 INFO     Test HITS@3 at step 149999: 0.220930
2024-01-30 01:18:17,291 INFO     Test HITS@10 at step 149999: 0.325581
################################################## 
 ################################################## 
Print the evaluation logs for every relation:
2024-01-30 01:18:17,291 INFO     _has_part: 
2024-01-30 01:18:17,291 INFO     Test ******* Model Butterfly ****  at step 149999: 1.000000
2024-01-30 01:18:17,291 INFO     Test MRR at step 149999: 0.199041
2024-01-30 01:18:17,291 INFO     Test MR at step 149999: 5141.459302
2024-01-30 01:18:17,292 INFO     Test HITS@1 at step 149999: 0.136628
2024-01-30 01:18:17,292 INFO     Test HITS@3 at step 149999: 0.220930
2024-01-30 01:18:17,292 INFO     Test HITS@10 at step 149999: 0.325581
2024-01-30 01:18:18,820 INFO     Evaluating the model... (0/246)
2024-01-30 01:18:58,483 INFO     Aa_test.txt
2024-01-30 01:18:58,483 INFO     Test ******* Model Butterfly ****  at step 149999: 1.000000
2024-01-30 01:18:58,483 INFO     Test MRR at step 149999: 0.199484
2024-01-30 01:18:58,483 INFO     Test MR at step 149999: 6757.566004
2024-01-30 01:18:58,483 INFO     Test HITS@1 at step 149999: 0.136850
2024-01-30 01:18:58,483 INFO     Test HITS@3 at step 149999: 0.224771
2024-01-30 01:18:58,483 INFO     Test HITS@10 at step 149999: 0.321101
################################################## 
 ################################################## 
Print the evaluation logs for every relation:
2024-01-30 01:18:58,483 INFO     _member_of_domain_usage: 
2024-01-30 01:18:58,483 INFO     Test ******* Model Butterfly ****  at step 149999: 1.000000
2024-01-30 01:18:58,484 INFO     Test MRR at step 149999: 0.282442
2024-01-30 01:18:58,484 INFO     Test MR at step 149999: 8782.229167
2024-01-30 01:18:58,484 INFO     Test HITS@1 at step 149999: 0.208333
2024-01-30 01:18:58,484 INFO     Test HITS@3 at step 149999: 0.312500
2024-01-30 01:18:58,484 INFO     Test HITS@10 at step 149999: 0.437500
2024-01-30 01:18:58,484 INFO     _member_of_domain_region: 
2024-01-30 01:18:58,484 INFO     Test ******* Model Butterfly ****  at step 149999: 1.000000
2024-01-30 01:18:58,484 INFO     Test MRR at step 149999: 0.338166
2024-01-30 01:18:58,484 INFO     Test MR at step 149999: 10260.115385
2024-01-30 01:18:58,484 INFO     Test HITS@1 at step 149999: 0.250000
2024-01-30 01:18:58,484 INFO     Test HITS@3 at step 149999: 0.384615
2024-01-30 01:18:58,484 INFO     Test HITS@10 at step 149999: 0.461538
2024-01-30 01:18:58,484 INFO     _member_meronym: 
2024-01-30 01:18:58,484 INFO     Test ******* Model Butterfly ****  at step 149999: 1.000000
2024-01-30 01:18:58,484 INFO     Test MRR at step 149999: 0.200834
2024-01-30 01:18:58,485 INFO     Test MR at step 149999: 3281.750988
2024-01-30 01:18:58,485 INFO     Test HITS@1 at step 149999: 0.126482
2024-01-30 01:18:58,485 INFO     Test HITS@3 at step 149999: 0.219368
2024-01-30 01:18:58,485 INFO     Test HITS@10 at step 149999: 0.347826
2024-01-30 01:18:58,485 INFO     _hypernym: 
2024-01-30 01:18:58,485 INFO     Test ******* Model Butterfly ****  at step 149999: 1.000000
2024-01-30 01:18:58,485 INFO     Test MRR at step 149999: 0.168395
2024-01-30 01:18:58,485 INFO     Test MR at step 149999: 8156.215827
2024-01-30 01:18:58,485 INFO     Test HITS@1 at step 149999: 0.112710
2024-01-30 01:18:58,485 INFO     Test HITS@3 at step 149999: 0.189448
2024-01-30 01:18:58,485 INFO     Test HITS@10 at step 149999: 0.275380
2024-01-30 01:18:58,485 INFO     _has_part: 
2024-01-30 01:18:58,485 INFO     Test ******* Model Butterfly ****  at step 149999: 1.000000
2024-01-30 01:18:58,485 INFO     Test MRR at step 149999: 0.199041
2024-01-30 01:18:58,485 INFO     Test MR at step 149999: 5141.459302
2024-01-30 01:18:58,486 INFO     Test HITS@1 at step 149999: 0.136628
2024-01-30 01:18:58,486 INFO     Test HITS@3 at step 149999: 0.220930
2024-01-30 01:18:58,486 INFO     Test HITS@10 at step 149999: 0.325581
2024-01-30 01:18:58,486 INFO     _instance_hypernym: 
2024-01-30 01:18:58,486 INFO     Test ******* Model Butterfly ****  at step 149999: 1.000000
2024-01-30 01:18:58,486 INFO     Test MRR at step 149999: 0.334427
2024-01-30 01:18:58,486 INFO     Test MR at step 149999: 1373.114754
2024-01-30 01:18:58,486 INFO     Test HITS@1 at step 149999: 0.229508
2024-01-30 01:18:58,486 INFO     Test HITS@3 at step 149999: 0.397541
2024-01-30 01:18:58,486 INFO     Test HITS@10 at step 149999: 0.553279
2024-01-30 01:18:58,486 INFO     _synset_domain_topic_of: 
2024-01-30 01:18:58,486 INFO     Test ******* Model Butterfly ****  at step 149999: 1.000000
2024-01-30 01:18:58,486 INFO     Test MRR at step 149999: 0.344810
2024-01-30 01:18:58,486 INFO     Test MR at step 149999: 6098.666667
2024-01-30 01:18:58,486 INFO     Test HITS@1 at step 149999: 0.285088
2024-01-30 01:18:58,487 INFO     Test HITS@3 at step 149999: 0.390351
2024-01-30 01:18:58,487 INFO     Test HITS@10 at step 149999: 0.451754
