1.10.2
Start Evaluation on Test Data Set......
2024-01-30 01:14:28,696 INFO     Model: EllipsE_Var
2024-01-30 01:14:28,696 INFO     Data Path: data/wn18rr
2024-01-30 01:14:28,696 INFO     #entity: 40943
2024-01-30 01:14:28,696 INFO     #relation: 11
2024-01-30 01:14:28,919 INFO     #train: 86835
2024-01-30 01:14:28,926 INFO     #valid: 3034
2024-01-30 01:14:28,933 INFO     #test: 3134
2024-01-30 01:14:28,934 INFO     C_test.txt#test: 0
2024-01-30 01:14:28,935 INFO     Cc_test.txt#test: 172
2024-01-30 01:14:28,938 INFO     S_test.txt#test: 1116
2024-01-30 01:14:28,943 INFO     A_test.txt#test: 1790
2024-01-30 01:14:28,943 INFO     AS_test.txt#test: 0
2024-01-30 01:14:28,943 INFO     CS_test.txt#test: 0
2024-01-30 01:14:28,947 INFO     Ss_test.txt#test: 1116
2024-01-30 01:14:28,947 INFO     ACS_test.txt#test: 0
2024-01-30 01:14:28,948 INFO     AC_test.txt#test: 172
2024-01-30 01:14:28,953 INFO     Aa_test.txt#test: 1962
2024-01-30 01:14:29,618 INFO     Model Parameter Configuration:
2024-01-30 01:14:29,618 INFO     Parameter gamma: torch.Size([1]), require_grad = False
2024-01-30 01:14:29,618 INFO     Parameter embedding_range: torch.Size([1]), require_grad = False
2024-01-30 01:14:29,618 INFO     Parameter entity_embedding: torch.Size([40943, 1600]), require_grad = True
2024-01-30 01:14:29,619 INFO     Parameter relation_embedding: torch.Size([11, 2400]), require_grad = True
2024-01-30 01:14:29,619 INFO     Parameter ellipse: torch.Size([1600]), require_grad = True
2024-01-30 01:14:34,311 INFO     Loading checkpoint models/EllipsE_Var_wn18rr_ElVWR2...
2024-01-30 01:14:38,703 INFO     Start Training...
2024-01-30 01:14:38,703 INFO     init_step = 149999
2024-01-30 01:14:38,703 INFO     batch_size = 1024
2024-01-30 01:14:38,703 INFO     negative_adversarial_sampling = 0
2024-01-30 01:14:38,704 INFO     hidden_dim = 800
2024-01-30 01:14:38,704 INFO     gamma = 12.000000
2024-01-30 01:14:38,704 INFO     negative_sample_size = 128
2024-01-30 01:14:38,704 INFO     negative_adversarial_sampling = False
2024-01-30 01:14:38,704 INFO     learning_rate = 0.000005
2024-01-30 01:14:41,191 INFO     Evaluating on Valid Dataset...
2024-01-30 01:14:42,492 INFO     Evaluating the model... (0/380)
2024-01-30 01:15:57,537 INFO     Valid ******* Model EllipsE_Var ****  at step 149999: 1.000000
2024-01-30 01:15:57,538 INFO     Valid MRR at step 149999: 0.481071
2024-01-30 01:15:57,538 INFO     Valid MR at step 149999: 4074.130026
2024-01-30 01:15:57,538 INFO     Valid HITS@1 at step 149999: 0.436552
2024-01-30 01:15:57,538 INFO     Valid HITS@3 at step 149999: 0.497363
2024-01-30 01:15:57,538 INFO     Valid HITS@10 at step 149999: 0.566744
2024-01-30 01:15:57,538 INFO     Evaluating on Test Dataset...
2024-01-30 01:15:58,879 INFO     Evaluating the model... (0/392)
2024-01-30 01:17:16,091 INFO     Test ******* Model EllipsE_Var ****  at step 149999: 1.000000
2024-01-30 01:17:16,091 INFO     Test MRR at step 149999: 0.480954
2024-01-30 01:17:16,091 INFO     Test MR at step 149999: 4121.064454
2024-01-30 01:17:16,091 INFO     Test HITS@1 at step 149999: 0.435865
2024-01-30 01:17:16,091 INFO     Test HITS@3 at step 149999: 0.498883
2024-01-30 01:17:16,091 INFO     Test HITS@10 at step 149999: 0.566847
################################################## 
 ################################################## 
Print the evaluation logs for every relation:
2024-01-30 01:17:16,091 INFO     _member_of_domain_usage: 
2024-01-30 01:17:16,091 INFO     Test ******* Model EllipsE_Var ****  at step 149999: 1.000000
2024-01-30 01:17:16,092 INFO     Test MRR at step 149999: 0.277251
2024-01-30 01:17:16,092 INFO     Test MR at step 149999: 11100.812500
2024-01-30 01:17:16,092 INFO     Test HITS@1 at step 149999: 0.250000
2024-01-30 01:17:16,092 INFO     Test HITS@3 at step 149999: 0.312500
2024-01-30 01:17:16,092 INFO     Test HITS@10 at step 149999: 0.312500
2024-01-30 01:17:16,092 INFO     _verb_group: 
2024-01-30 01:17:16,092 INFO     Test ******* Model EllipsE_Var ****  at step 149999: 1.000000
2024-01-30 01:17:16,092 INFO     Test MRR at step 149999: 0.897792
2024-01-30 01:17:16,092 INFO     Test MR at step 149999: 381.410256
2024-01-30 01:17:16,092 INFO     Test HITS@1 at step 149999: 0.820513
2024-01-30 01:17:16,093 INFO     Test HITS@3 at step 149999: 0.974359
2024-01-30 01:17:16,093 INFO     Test HITS@10 at step 149999: 0.974359
2024-01-30 01:17:16,093 INFO     _member_of_domain_region: 
2024-01-30 01:17:16,093 INFO     Test ******* Model EllipsE_Var ****  at step 149999: 1.000000
2024-01-30 01:17:16,093 INFO     Test MRR at step 149999: 0.372677
2024-01-30 01:17:16,093 INFO     Test MR at step 149999: 10793.942308
2024-01-30 01:17:16,093 INFO     Test HITS@1 at step 149999: 0.346154
2024-01-30 01:17:16,093 INFO     Test HITS@3 at step 149999: 0.346154
2024-01-30 01:17:16,093 INFO     Test HITS@10 at step 149999: 0.461538
2024-01-30 01:17:16,093 INFO     _member_meronym: 
2024-01-30 01:17:16,093 INFO     Test ******* Model EllipsE_Var ****  at step 149999: 1.000000
2024-01-30 01:17:16,094 INFO     Test MRR at step 149999: 0.226072
2024-01-30 01:17:16,094 INFO     Test MR at step 149999: 3177.583004
2024-01-30 01:17:16,094 INFO     Test HITS@1 at step 149999: 0.144269
2024-01-30 01:17:16,094 INFO     Test HITS@3 at step 149999: 0.260870
2024-01-30 01:17:16,094 INFO     Test HITS@10 at step 149999: 0.383399
2024-01-30 01:17:16,094 INFO     _hypernym: 
2024-01-30 01:17:16,094 INFO     Test ******* Model EllipsE_Var ****  at step 149999: 1.000000
2024-01-30 01:17:16,094 INFO     Test MRR at step 149999: 0.172311
2024-01-30 01:17:16,094 INFO     Test MR at step 149999: 7286.785372
2024-01-30 01:17:16,094 INFO     Test HITS@1 at step 149999: 0.111511
2024-01-30 01:17:16,094 INFO     Test HITS@3 at step 149999: 0.193845
2024-01-30 01:17:16,095 INFO     Test HITS@10 at step 149999: 0.288569
2024-01-30 01:17:16,095 INFO     _has_part: 
2024-01-30 01:17:16,095 INFO     Test ******* Model EllipsE_Var ****  at step 149999: 1.000000
2024-01-30 01:17:16,095 INFO     Test MRR at step 149999: 0.199543
2024-01-30 01:17:16,095 INFO     Test MR at step 149999: 5208.340116
2024-01-30 01:17:16,095 INFO     Test HITS@1 at step 149999: 0.133721
2024-01-30 01:17:16,095 INFO     Test HITS@3 at step 149999: 0.206395
2024-01-30 01:17:16,095 INFO     Test HITS@10 at step 149999: 0.357558
2024-01-30 01:17:16,095 INFO     _derivationally_related_form: 
2024-01-30 01:17:16,095 INFO     Test ******* Model EllipsE_Var ****  at step 149999: 1.000000
2024-01-30 01:17:16,096 INFO     Test MRR at step 149999: 0.958302
2024-01-30 01:17:16,096 INFO     Test MR at step 149999: 327.338920
2024-01-30 01:17:16,096 INFO     Test HITS@1 at step 149999: 0.952048
2024-01-30 01:17:16,096 INFO     Test HITS@3 at step 149999: 0.961825
2024-01-30 01:17:16,096 INFO     Test HITS@10 at step 149999: 0.968343
2024-01-30 01:17:16,096 INFO     _also_see: 
2024-01-30 01:17:16,096 INFO     Test ******* Model EllipsE_Var ****  at step 149999: 1.000000
2024-01-30 01:17:16,096 INFO     Test MRR at step 149999: 0.630252
2024-01-30 01:17:16,096 INFO     Test MR at step 149999: 1333.883929
2024-01-30 01:17:16,096 INFO     Test HITS@1 at step 149999: 0.580357
2024-01-30 01:17:16,096 INFO     Test HITS@3 at step 149999: 0.660714
2024-01-30 01:17:16,097 INFO     Test HITS@10 at step 149999: 0.705357
2024-01-30 01:17:16,097 INFO     _instance_hypernym: 
2024-01-30 01:17:16,097 INFO     Test ******* Model EllipsE_Var ****  at step 149999: 1.000000
2024-01-30 01:17:16,097 INFO     Test MRR at step 149999: 0.311573
2024-01-30 01:17:16,097 INFO     Test MR at step 149999: 2349.028689
2024-01-30 01:17:16,097 INFO     Test HITS@1 at step 149999: 0.200820
2024-01-30 01:17:16,097 INFO     Test HITS@3 at step 149999: 0.372951
2024-01-30 01:17:16,097 INFO     Test HITS@10 at step 149999: 0.512295
2024-01-30 01:17:16,097 INFO     _synset_domain_topic_of: 
2024-01-30 01:17:16,097 INFO     Test ******* Model EllipsE_Var ****  at step 149999: 1.000000
2024-01-30 01:17:16,098 INFO     Test MRR at step 149999: 0.380295
2024-01-30 01:17:16,098 INFO     Test MR at step 149999: 7237.750000
2024-01-30 01:17:16,098 INFO     Test HITS@1 at step 149999: 0.328947
2024-01-30 01:17:16,098 INFO     Test HITS@3 at step 149999: 0.407895
2024-01-30 01:17:16,098 INFO     Test HITS@10 at step 149999: 0.478070
2024-01-30 01:17:16,098 INFO     _similar_to: 
2024-01-30 01:17:16,098 INFO     Test ******* Model EllipsE_Var ****  at step 149999: 1.000000
2024-01-30 01:17:16,098 INFO     Test MRR at step 149999: 1.000000
2024-01-30 01:17:16,098 INFO     Test MR at step 149999: 1.000000
2024-01-30 01:17:16,098 INFO     Test HITS@1 at step 149999: 1.000000
2024-01-30 01:17:16,098 INFO     Test HITS@3 at step 149999: 1.000000
2024-01-30 01:17:16,099 INFO     Test HITS@10 at step 149999: 1.000000
2024-01-30 01:17:16,099 INFO     Evaluating on sub_Test Dataset...
2024-01-30 01:17:17,298 INFO     Evaluating the model... (0/22)
2024-01-30 01:17:22,374 INFO     Cc_test.txt
2024-01-30 01:17:22,374 INFO     Test ******* Model EllipsE_Var ****  at step 149999: 1.000000
2024-01-30 01:17:22,375 INFO     Test MRR at step 149999: 0.199543
2024-01-30 01:17:22,375 INFO     Test MR at step 149999: 5208.340116
2024-01-30 01:17:22,375 INFO     Test HITS@1 at step 149999: 0.133721
2024-01-30 01:17:22,375 INFO     Test HITS@3 at step 149999: 0.206395
2024-01-30 01:17:22,375 INFO     Test HITS@10 at step 149999: 0.357558
################################################## 
 ################################################## 
Print the evaluation logs for every relation:
2024-01-30 01:17:22,375 INFO     _has_part: 
2024-01-30 01:17:22,375 INFO     Test ******* Model EllipsE_Var ****  at step 149999: 1.000000
2024-01-30 01:17:22,375 INFO     Test MRR at step 149999: 0.199543
2024-01-30 01:17:22,375 INFO     Test MR at step 149999: 5208.340116
2024-01-30 01:17:22,375 INFO     Test HITS@1 at step 149999: 0.133721
2024-01-30 01:17:22,375 INFO     Test HITS@3 at step 149999: 0.206395
2024-01-30 01:17:22,376 INFO     Test HITS@10 at step 149999: 0.357558
2024-01-30 01:17:23,872 INFO     Evaluating the model... (0/140)
2024-01-30 01:17:51,332 INFO     S_test.txt
2024-01-30 01:17:51,333 INFO     Test ******* Model EllipsE_Var ****  at step 149999: 1.000000
2024-01-30 01:17:51,333 INFO     Test MRR at step 149999: 0.956299
2024-01-30 01:17:51,333 INFO     Test MR at step 149999: 328.351254
2024-01-30 01:17:51,333 INFO     Test HITS@1 at step 149999: 0.947581
2024-01-30 01:17:51,333 INFO     Test HITS@3 at step 149999: 0.962366
2024-01-30 01:17:51,333 INFO     Test HITS@10 at step 149999: 0.968638
################################################## 
 ################################################## 
Print the evaluation logs for every relation:
2024-01-30 01:17:51,333 INFO     _verb_group: 
2024-01-30 01:17:51,333 INFO     Test ******* Model EllipsE_Var ****  at step 149999: 1.000000
2024-01-30 01:17:51,333 INFO     Test MRR at step 149999: 0.897792
2024-01-30 01:17:51,334 INFO     Test MR at step 149999: 381.410256
2024-01-30 01:17:51,334 INFO     Test HITS@1 at step 149999: 0.820513
2024-01-30 01:17:51,334 INFO     Test HITS@3 at step 149999: 0.974359
2024-01-30 01:17:51,334 INFO     Test HITS@10 at step 149999: 0.974359
2024-01-30 01:17:51,334 INFO     _derivationally_related_form: 
2024-01-30 01:17:51,334 INFO     Test ******* Model EllipsE_Var ****  at step 149999: 1.000000
2024-01-30 01:17:51,334 INFO     Test MRR at step 149999: 0.958302
2024-01-30 01:17:51,334 INFO     Test MR at step 149999: 327.338920
2024-01-30 01:17:51,334 INFO     Test HITS@1 at step 149999: 0.952048
2024-01-30 01:17:51,334 INFO     Test HITS@3 at step 149999: 0.961825
2024-01-30 01:17:51,334 INFO     Test HITS@10 at step 149999: 0.968343
2024-01-30 01:17:51,335 INFO     _similar_to: 
2024-01-30 01:17:51,335 INFO     Test ******* Model EllipsE_Var ****  at step 149999: 1.000000
2024-01-30 01:17:51,335 INFO     Test MRR at step 149999: 1.000000
2024-01-30 01:17:51,335 INFO     Test MR at step 149999: 1.000000
2024-01-30 01:17:51,335 INFO     Test HITS@1 at step 149999: 1.000000
2024-01-30 01:17:51,335 INFO     Test HITS@3 at step 149999: 1.000000
2024-01-30 01:17:51,335 INFO     Test HITS@10 at step 149999: 1.000000
2024-01-30 01:17:52,868 INFO     Evaluating the model... (0/224)
2024-01-30 01:18:36,631 INFO     A_test.txt
2024-01-30 01:18:36,631 INFO     Test ******* Model EllipsE_Var ****  at step 149999: 1.000000
2024-01-30 01:18:36,631 INFO     Test MRR at step 149999: 0.206964
2024-01-30 01:18:36,631 INFO     Test MR at step 149999: 6468.404469
2024-01-30 01:18:36,631 INFO     Test HITS@1 at step 149999: 0.141341
2024-01-30 01:18:36,632 INFO     Test HITS@3 at step 149999: 0.232961
2024-01-30 01:18:36,632 INFO     Test HITS@10 at step 149999: 0.332123
################################################## 
 ################################################## 
Print the evaluation logs for every relation:
2024-01-30 01:18:36,632 INFO     _member_of_domain_usage: 
2024-01-30 01:18:36,632 INFO     Test ******* Model EllipsE_Var ****  at step 149999: 1.000000
2024-01-30 01:18:36,632 INFO     Test MRR at step 149999: 0.277251
2024-01-30 01:18:36,632 INFO     Test MR at step 149999: 11100.812500
2024-01-30 01:18:36,632 INFO     Test HITS@1 at step 149999: 0.250000
2024-01-30 01:18:36,632 INFO     Test HITS@3 at step 149999: 0.312500
2024-01-30 01:18:36,633 INFO     Test HITS@10 at step 149999: 0.312500
2024-01-30 01:18:36,633 INFO     _member_of_domain_region: 
2024-01-30 01:18:36,633 INFO     Test ******* Model EllipsE_Var ****  at step 149999: 1.000000
2024-01-30 01:18:36,633 INFO     Test MRR at step 149999: 0.372677
2024-01-30 01:18:36,633 INFO     Test MR at step 149999: 10793.942308
2024-01-30 01:18:36,633 INFO     Test HITS@1 at step 149999: 0.346154
2024-01-30 01:18:36,633 INFO     Test HITS@3 at step 149999: 0.346154
2024-01-30 01:18:36,633 INFO     Test HITS@10 at step 149999: 0.461538
2024-01-30 01:18:36,633 INFO     _member_meronym: 
2024-01-30 01:18:36,634 INFO     Test ******* Model EllipsE_Var ****  at step 149999: 1.000000
2024-01-30 01:18:36,634 INFO     Test MRR at step 149999: 0.226072
2024-01-30 01:18:36,634 INFO     Test MR at step 149999: 3177.583004
2024-01-30 01:18:36,634 INFO     Test HITS@1 at step 149999: 0.144269
2024-01-30 01:18:36,634 INFO     Test HITS@3 at step 149999: 0.260870
2024-01-30 01:18:36,634 INFO     Test HITS@10 at step 149999: 0.383399
2024-01-30 01:18:36,634 INFO     _hypernym: 
2024-01-30 01:18:36,634 INFO     Test ******* Model EllipsE_Var ****  at step 149999: 1.000000
2024-01-30 01:18:36,635 INFO     Test MRR at step 149999: 0.172311
2024-01-30 01:18:36,635 INFO     Test MR at step 149999: 7286.785372
2024-01-30 01:18:36,635 INFO     Test HITS@1 at step 149999: 0.111511
2024-01-30 01:18:36,635 INFO     Test HITS@3 at step 149999: 0.193845
2024-01-30 01:18:36,635 INFO     Test HITS@10 at step 149999: 0.288569
2024-01-30 01:18:36,635 INFO     _instance_hypernym: 
2024-01-30 01:18:36,635 INFO     Test ******* Model EllipsE_Var ****  at step 149999: 1.000000
2024-01-30 01:18:36,635 INFO     Test MRR at step 149999: 0.311573
2024-01-30 01:18:36,636 INFO     Test MR at step 149999: 2349.028689
2024-01-30 01:18:36,636 INFO     Test HITS@1 at step 149999: 0.200820
2024-01-30 01:18:36,636 INFO     Test HITS@3 at step 149999: 0.372951
2024-01-30 01:18:36,636 INFO     Test HITS@10 at step 149999: 0.512295
2024-01-30 01:18:36,636 INFO     _synset_domain_topic_of: 
2024-01-30 01:18:36,636 INFO     Test ******* Model EllipsE_Var ****  at step 149999: 1.000000
2024-01-30 01:18:36,636 INFO     Test MRR at step 149999: 0.380295
2024-01-30 01:18:36,636 INFO     Test MR at step 149999: 7237.750000
2024-01-30 01:18:36,636 INFO     Test HITS@1 at step 149999: 0.328947
2024-01-30 01:18:36,637 INFO     Test HITS@3 at step 149999: 0.407895
2024-01-30 01:18:36,637 INFO     Test HITS@10 at step 149999: 0.478070
2024-01-30 01:18:38,051 INFO     Evaluating the model... (0/140)
2024-01-30 01:19:06,388 INFO     Ss_test.txt
2024-01-30 01:19:06,389 INFO     Test ******* Model EllipsE_Var ****  at step 149999: 1.000000
2024-01-30 01:19:06,389 INFO     Test MRR at step 149999: 0.956299
2024-01-30 01:19:06,389 INFO     Test MR at step 149999: 328.351254
2024-01-30 01:19:06,389 INFO     Test HITS@1 at step 149999: 0.947581
2024-01-30 01:19:06,389 INFO     Test HITS@3 at step 149999: 0.962366
2024-01-30 01:19:06,389 INFO     Test HITS@10 at step 149999: 0.968638
################################################## 
 ################################################## 
Print the evaluation logs for every relation:
2024-01-30 01:19:06,389 INFO     _verb_group: 
2024-01-30 01:19:06,389 INFO     Test ******* Model EllipsE_Var ****  at step 149999: 1.000000
2024-01-30 01:19:06,389 INFO     Test MRR at step 149999: 0.897792
2024-01-30 01:19:06,389 INFO     Test MR at step 149999: 381.410256
2024-01-30 01:19:06,389 INFO     Test HITS@1 at step 149999: 0.820513
2024-01-30 01:19:06,389 INFO     Test HITS@3 at step 149999: 0.974359
2024-01-30 01:19:06,390 INFO     Test HITS@10 at step 149999: 0.974359
2024-01-30 01:19:06,390 INFO     _derivationally_related_form: 
2024-01-30 01:19:06,390 INFO     Test ******* Model EllipsE_Var ****  at step 149999: 1.000000
2024-01-30 01:19:06,390 INFO     Test MRR at step 149999: 0.958302
2024-01-30 01:19:06,390 INFO     Test MR at step 149999: 327.338920
2024-01-30 01:19:06,390 INFO     Test HITS@1 at step 149999: 0.952048
2024-01-30 01:19:06,390 INFO     Test HITS@3 at step 149999: 0.961825
2024-01-30 01:19:06,390 INFO     Test HITS@10 at step 149999: 0.968343
2024-01-30 01:19:06,390 INFO     _similar_to: 
2024-01-30 01:19:06,390 INFO     Test ******* Model EllipsE_Var ****  at step 149999: 1.000000
2024-01-30 01:19:06,390 INFO     Test MRR at step 149999: 1.000000
2024-01-30 01:19:06,391 INFO     Test MR at step 149999: 1.000000
2024-01-30 01:19:06,391 INFO     Test HITS@1 at step 149999: 1.000000
2024-01-30 01:19:06,391 INFO     Test HITS@3 at step 149999: 1.000000
2024-01-30 01:19:06,391 INFO     Test HITS@10 at step 149999: 1.000000
2024-01-30 01:19:07,924 INFO     Evaluating the model... (0/22)
2024-01-30 01:19:12,766 INFO     AC_test.txt
2024-01-30 01:19:12,766 INFO     Test ******* Model EllipsE_Var ****  at step 149999: 1.000000
2024-01-30 01:19:12,766 INFO     Test MRR at step 149999: 0.199543
2024-01-30 01:19:12,766 INFO     Test MR at step 149999: 5208.340116
2024-01-30 01:19:12,767 INFO     Test HITS@1 at step 149999: 0.133721
2024-01-30 01:19:12,767 INFO     Test HITS@3 at step 149999: 0.206395
2024-01-30 01:19:12,767 INFO     Test HITS@10 at step 149999: 0.357558
################################################## 
 ################################################## 
Print the evaluation logs for every relation:
2024-01-30 01:19:12,767 INFO     _has_part: 
2024-01-30 01:19:12,767 INFO     Test ******* Model EllipsE_Var ****  at step 149999: 1.000000
2024-01-30 01:19:12,767 INFO     Test MRR at step 149999: 0.199543
2024-01-30 01:19:12,768 INFO     Test MR at step 149999: 5208.340116
2024-01-30 01:19:12,768 INFO     Test HITS@1 at step 149999: 0.133721
2024-01-30 01:19:12,768 INFO     Test HITS@3 at step 149999: 0.206395
2024-01-30 01:19:12,768 INFO     Test HITS@10 at step 149999: 0.357558
2024-01-30 01:19:14,159 INFO     Evaluating the model... (0/246)
2024-01-30 01:20:02,753 INFO     Aa_test.txt
2024-01-30 01:20:02,753 INFO     Test ******* Model EllipsE_Var ****  at step 149999: 1.000000
2024-01-30 01:20:02,753 INFO     Test MRR at step 149999: 0.206314
2024-01-30 01:20:02,753 INFO     Test MR at step 149999: 6357.940112
2024-01-30 01:20:02,753 INFO     Test HITS@1 at step 149999: 0.140673
2024-01-30 01:20:02,753 INFO     Test HITS@3 at step 149999: 0.230632
2024-01-30 01:20:02,753 INFO     Test HITS@10 at step 149999: 0.334353
################################################## 
 ################################################## 
Print the evaluation logs for every relation:
2024-01-30 01:20:02,754 INFO     _member_of_domain_usage: 
2024-01-30 01:20:02,754 INFO     Test ******* Model EllipsE_Var ****  at step 149999: 1.000000
2024-01-30 01:20:02,754 INFO     Test MRR at step 149999: 0.277251
2024-01-30 01:20:02,754 INFO     Test MR at step 149999: 11100.812500
2024-01-30 01:20:02,754 INFO     Test HITS@1 at step 149999: 0.250000
2024-01-30 01:20:02,754 INFO     Test HITS@3 at step 149999: 0.312500
2024-01-30 01:20:02,754 INFO     Test HITS@10 at step 149999: 0.312500
2024-01-30 01:20:02,754 INFO     _member_of_domain_region: 
2024-01-30 01:20:02,754 INFO     Test ******* Model EllipsE_Var ****  at step 149999: 1.000000
2024-01-30 01:20:02,754 INFO     Test MRR at step 149999: 0.372677
2024-01-30 01:20:02,754 INFO     Test MR at step 149999: 10793.942308
2024-01-30 01:20:02,754 INFO     Test HITS@1 at step 149999: 0.346154
2024-01-30 01:20:02,755 INFO     Test HITS@3 at step 149999: 0.346154
2024-01-30 01:20:02,755 INFO     Test HITS@10 at step 149999: 0.461538
2024-01-30 01:20:02,755 INFO     _member_meronym: 
2024-01-30 01:20:02,755 INFO     Test ******* Model EllipsE_Var ****  at step 149999: 1.000000
2024-01-30 01:20:02,755 INFO     Test MRR at step 149999: 0.226072
2024-01-30 01:20:02,755 INFO     Test MR at step 149999: 3177.583004
2024-01-30 01:20:02,755 INFO     Test HITS@1 at step 149999: 0.144269
2024-01-30 01:20:02,755 INFO     Test HITS@3 at step 149999: 0.260870
2024-01-30 01:20:02,755 INFO     Test HITS@10 at step 149999: 0.383399
2024-01-30 01:20:02,755 INFO     _hypernym: 
2024-01-30 01:20:02,756 INFO     Test ******* Model EllipsE_Var ****  at step 149999: 1.000000
2024-01-30 01:20:02,756 INFO     Test MRR at step 149999: 0.172311
2024-01-30 01:20:02,756 INFO     Test MR at step 149999: 7286.785372
2024-01-30 01:20:02,756 INFO     Test HITS@1 at step 149999: 0.111511
2024-01-30 01:20:02,756 INFO     Test HITS@3 at step 149999: 0.193845
2024-01-30 01:20:02,756 INFO     Test HITS@10 at step 149999: 0.288569
2024-01-30 01:20:02,756 INFO     _has_part: 
2024-01-30 01:20:02,756 INFO     Test ******* Model EllipsE_Var ****  at step 149999: 1.000000
2024-01-30 01:20:02,756 INFO     Test MRR at step 149999: 0.199543
2024-01-30 01:20:02,756 INFO     Test MR at step 149999: 5208.340116
2024-01-30 01:20:02,756 INFO     Test HITS@1 at step 149999: 0.133721
2024-01-30 01:20:02,757 INFO     Test HITS@3 at step 149999: 0.206395
2024-01-30 01:20:02,757 INFO     Test HITS@10 at step 149999: 0.357558
2024-01-30 01:20:02,757 INFO     _instance_hypernym: 
2024-01-30 01:20:02,757 INFO     Test ******* Model EllipsE_Var ****  at step 149999: 1.000000
2024-01-30 01:20:02,757 INFO     Test MRR at step 149999: 0.311573
2024-01-30 01:20:02,757 INFO     Test MR at step 149999: 2349.028689
2024-01-30 01:20:02,757 INFO     Test HITS@1 at step 149999: 0.200820
2024-01-30 01:20:02,757 INFO     Test HITS@3 at step 149999: 0.372951
2024-01-30 01:20:02,757 INFO     Test HITS@10 at step 149999: 0.512295
2024-01-30 01:20:02,757 INFO     _synset_domain_topic_of: 
2024-01-30 01:20:02,757 INFO     Test ******* Model EllipsE_Var ****  at step 149999: 1.000000
2024-01-30 01:20:02,758 INFO     Test MRR at step 149999: 0.380295
2024-01-30 01:20:02,758 INFO     Test MR at step 149999: 7237.750000
2024-01-30 01:20:02,758 INFO     Test HITS@1 at step 149999: 0.328947
2024-01-30 01:20:02,758 INFO     Test HITS@3 at step 149999: 0.407895
2024-01-30 01:20:02,758 INFO     Test HITS@10 at step 149999: 0.478070
