1.10.2
Start Evaluation on Test Data Set......
2024-01-30 01:19:04,199 INFO     Model: TransE
2024-01-30 01:19:04,200 INFO     Data Path: data/wn18rr
2024-01-30 01:19:04,200 INFO     #entity: 40943
2024-01-30 01:19:04,200 INFO     #relation: 11
2024-01-30 01:19:04,416 INFO     #train: 86835
2024-01-30 01:19:04,424 INFO     #valid: 3034
2024-01-30 01:19:04,431 INFO     #test: 3134
2024-01-30 01:19:04,432 INFO     C_test.txt#test: 0
2024-01-30 01:19:04,432 INFO     Cc_test.txt#test: 172
2024-01-30 01:19:04,436 INFO     S_test.txt#test: 1116
2024-01-30 01:19:04,441 INFO     A_test.txt#test: 1790
2024-01-30 01:19:04,441 INFO     AS_test.txt#test: 0
2024-01-30 01:19:04,441 INFO     CS_test.txt#test: 0
2024-01-30 01:19:04,445 INFO     Ss_test.txt#test: 1116
2024-01-30 01:19:04,445 INFO     ACS_test.txt#test: 0
2024-01-30 01:19:04,446 INFO     AC_test.txt#test: 172
2024-01-30 01:19:04,451 INFO     Aa_test.txt#test: 1962
2024-01-30 01:19:04,687 INFO     Model Parameter Configuration:
2024-01-30 01:19:04,687 INFO     Parameter gamma: torch.Size([1]), require_grad = False
2024-01-30 01:19:04,687 INFO     Parameter embedding_range: torch.Size([1]), require_grad = False
2024-01-30 01:19:04,687 INFO     Parameter entity_embedding: torch.Size([40943, 500]), require_grad = True
2024-01-30 01:19:04,688 INFO     Parameter relation_embedding: torch.Size([11, 500]), require_grad = True
2024-01-30 01:19:09,118 INFO     Loading checkpoint models/TransE_wn18rr_TrWR...
2024-01-30 01:19:10,548 INFO     Start Training...
2024-01-30 01:19:10,548 INFO     init_step = 79999
2024-01-30 01:19:10,548 INFO     batch_size = 1024
2024-01-30 01:19:10,548 INFO     negative_adversarial_sampling = 0
2024-01-30 01:19:10,548 INFO     hidden_dim = 500
2024-01-30 01:19:10,548 INFO     gamma = 12.000000
2024-01-30 01:19:10,548 INFO     negative_sample_size = 128
2024-01-30 01:19:10,549 INFO     negative_adversarial_sampling = False
2024-01-30 01:19:10,549 INFO     learning_rate = 0.000005
2024-01-30 01:19:11,429 INFO     Evaluating on Valid Dataset...
2024-01-30 01:19:12,354 INFO     Evaluating the model... (0/760)
2024-01-30 01:20:05,761 INFO     Valid ******* Model TransE ****  at step 79999: 1.000000
2024-01-30 01:20:05,761 INFO     Valid MRR at step 79999: 0.220012
2024-01-30 01:20:05,761 INFO     Valid MR at step 79999: 3380.750824
2024-01-30 01:20:05,761 INFO     Valid HITS@1 at step 79999: 0.011536
2024-01-30 01:20:05,762 INFO     Valid HITS@3 at step 79999: 0.400461
2024-01-30 01:20:05,762 INFO     Valid HITS@10 at step 79999: 0.519446
2024-01-30 01:20:05,762 INFO     Evaluating on Test Dataset...
2024-01-30 01:20:06,723 INFO     Evaluating the model... (0/784)
2024-01-30 01:21:01,873 INFO     Test ******* Model TransE ****  at step 79999: 1.000000
2024-01-30 01:21:01,874 INFO     Test MRR at step 79999: 0.224357
2024-01-30 01:21:01,874 INFO     Test MR at step 79999: 3428.783982
2024-01-30 01:21:01,874 INFO     Test HITS@1 at step 79999: 0.014518
2024-01-30 01:21:01,874 INFO     Test HITS@3 at step 79999: 0.402521
2024-01-30 01:21:01,874 INFO     Test HITS@10 at step 79999: 0.528398
################################################## 
 ################################################## 
Print the evaluation logs for every relation:
2024-01-30 01:21:01,874 INFO     _member_of_domain_usage: 
2024-01-30 01:21:01,874 INFO     Test ******* Model TransE ****  at step 79999: 1.000000
2024-01-30 01:21:01,874 INFO     Test MRR at step 79999: 0.114927
2024-01-30 01:21:01,874 INFO     Test MR at step 79999: 4531.937500
2024-01-30 01:21:01,874 INFO     Test HITS@1 at step 79999: 0.000000
2024-01-30 01:21:01,874 INFO     Test HITS@3 at step 79999: 0.187500
2024-01-30 01:21:01,874 INFO     Test HITS@10 at step 79999: 0.250000
2024-01-30 01:21:01,874 INFO     _verb_group: 
2024-01-30 01:21:01,875 INFO     Test ******* Model TransE ****  at step 79999: 1.000000
2024-01-30 01:21:01,875 INFO     Test MRR at step 79999: 0.369494
2024-01-30 01:21:01,875 INFO     Test MR at step 79999: 33.141026
2024-01-30 01:21:01,875 INFO     Test HITS@1 at step 79999: 0.000000
2024-01-30 01:21:01,875 INFO     Test HITS@3 at step 79999: 0.756410
2024-01-30 01:21:01,875 INFO     Test HITS@10 at step 79999: 0.974359
2024-01-30 01:21:01,875 INFO     _member_of_domain_region: 
2024-01-30 01:21:01,875 INFO     Test ******* Model TransE ****  at step 79999: 1.000000
2024-01-30 01:21:01,875 INFO     Test MRR at step 79999: 0.126630
2024-01-30 01:21:01,875 INFO     Test MR at step 79999: 5719.153846
2024-01-30 01:21:01,875 INFO     Test HITS@1 at step 79999: 0.057692
2024-01-30 01:21:01,875 INFO     Test HITS@3 at step 79999: 0.076923
2024-01-30 01:21:01,875 INFO     Test HITS@10 at step 79999: 0.346154
2024-01-30 01:21:01,875 INFO     _member_meronym: 
2024-01-30 01:21:01,876 INFO     Test ******* Model TransE ****  at step 79999: 1.000000
2024-01-30 01:21:01,876 INFO     Test MRR at step 79999: 0.181631
2024-01-30 01:21:01,876 INFO     Test MR at step 79999: 1169.843874
2024-01-30 01:21:01,876 INFO     Test HITS@1 at step 79999: 0.045455
2024-01-30 01:21:01,876 INFO     Test HITS@3 at step 79999: 0.264822
2024-01-30 01:21:01,876 INFO     Test HITS@10 at step 79999: 0.422925
2024-01-30 01:21:01,876 INFO     _hypernym: 
2024-01-30 01:21:01,876 INFO     Test ******* Model TransE ****  at step 79999: 1.000000
2024-01-30 01:21:01,876 INFO     Test MRR at step 79999: 0.060789
2024-01-30 01:21:01,876 INFO     Test MR at step 79999: 7152.436451
2024-01-30 01:21:01,876 INFO     Test HITS@1 at step 79999: 0.000799
2024-01-30 01:21:01,876 INFO     Test HITS@3 at step 79999: 0.061551
2024-01-30 01:21:01,876 INFO     Test HITS@10 at step 79999: 0.206235
2024-01-30 01:21:01,876 INFO     _has_part: 
2024-01-30 01:21:01,876 INFO     Test ******* Model TransE ****  at step 79999: 1.000000
2024-01-30 01:21:01,877 INFO     Test MRR at step 79999: 0.122465
2024-01-30 01:21:01,877 INFO     Test MR at step 79999: 1985.468023
2024-01-30 01:21:01,877 INFO     Test HITS@1 at step 79999: 0.017442
2024-01-30 01:21:01,877 INFO     Test HITS@3 at step 79999: 0.156977
2024-01-30 01:21:01,877 INFO     Test HITS@10 at step 79999: 0.328488
2024-01-30 01:21:01,877 INFO     _derivationally_related_form: 
2024-01-30 01:21:01,877 INFO     Test ******* Model TransE ****  at step 79999: 1.000000
2024-01-30 01:21:01,877 INFO     Test MRR at step 79999: 0.440890
2024-01-30 01:21:01,877 INFO     Test MR at step 79999: 140.188082
2024-01-30 01:21:01,877 INFO     Test HITS@1 at step 79999: 0.000000
2024-01-30 01:21:01,877 INFO     Test HITS@3 at step 79999: 0.901304
2024-01-30 01:21:01,877 INFO     Test HITS@10 at step 79999: 0.962291
2024-01-30 01:21:01,877 INFO     _also_see: 
2024-01-30 01:21:01,877 INFO     Test ******* Model TransE ****  at step 79999: 1.000000
2024-01-30 01:21:01,877 INFO     Test MRR at step 79999: 0.231825
2024-01-30 01:21:01,878 INFO     Test MR at step 79999: 1092.437500
2024-01-30 01:21:01,878 INFO     Test HITS@1 at step 79999: 0.000000
2024-01-30 01:21:01,878 INFO     Test HITS@3 at step 79999: 0.410714
2024-01-30 01:21:01,878 INFO     Test HITS@10 at step 79999: 0.714286
2024-01-30 01:21:01,878 INFO     _instance_hypernym: 
2024-01-30 01:21:01,878 INFO     Test ******* Model TransE ****  at step 79999: 1.000000
2024-01-30 01:21:01,878 INFO     Test MRR at step 79999: 0.289883
2024-01-30 01:21:01,878 INFO     Test MR at step 79999: 2482.549180
2024-01-30 01:21:01,878 INFO     Test HITS@1 at step 79999: 0.196721
2024-01-30 01:21:01,878 INFO     Test HITS@3 at step 79999: 0.336066
2024-01-30 01:21:01,878 INFO     Test HITS@10 at step 79999: 0.500000
2024-01-30 01:21:01,878 INFO     _synset_domain_topic_of: 
2024-01-30 01:21:01,878 INFO     Test ******* Model TransE ****  at step 79999: 1.000000
2024-01-30 01:21:01,878 INFO     Test MRR at step 79999: 0.147920
2024-01-30 01:21:01,878 INFO     Test MR at step 79999: 3397.035088
2024-01-30 01:21:01,879 INFO     Test HITS@1 at step 79999: 0.039474
2024-01-30 01:21:01,879 INFO     Test HITS@3 at step 79999: 0.184211
2024-01-30 01:21:01,879 INFO     Test HITS@10 at step 79999: 0.385965
2024-01-30 01:21:01,879 INFO     _similar_to: 
2024-01-30 01:21:01,879 INFO     Test ******* Model TransE ****  at step 79999: 1.000000
2024-01-30 01:21:01,879 INFO     Test MRR at step 79999: 0.294444
2024-01-30 01:21:01,879 INFO     Test MR at step 79999: 3.833333
2024-01-30 01:21:01,879 INFO     Test HITS@1 at step 79999: 0.000000
2024-01-30 01:21:01,879 INFO     Test HITS@3 at step 79999: 0.500000
2024-01-30 01:21:01,879 INFO     Test HITS@10 at step 79999: 1.000000
2024-01-30 01:21:01,879 INFO     Evaluating on sub_Test Dataset...
2024-01-30 01:21:02,831 INFO     Evaluating the model... (0/44)
2024-01-30 01:21:06,386 INFO     Cc_test.txt
2024-01-30 01:21:06,386 INFO     Test ******* Model TransE ****  at step 79999: 1.000000
2024-01-30 01:21:06,386 INFO     Test MRR at step 79999: 0.122465
2024-01-30 01:21:06,386 INFO     Test MR at step 79999: 1985.468023
2024-01-30 01:21:06,386 INFO     Test HITS@1 at step 79999: 0.017442
2024-01-30 01:21:06,386 INFO     Test HITS@3 at step 79999: 0.156977
2024-01-30 01:21:06,386 INFO     Test HITS@10 at step 79999: 0.328488
################################################## 
 ################################################## 
Print the evaluation logs for every relation:
2024-01-30 01:21:06,387 INFO     _has_part: 
2024-01-30 01:21:06,387 INFO     Test ******* Model TransE ****  at step 79999: 1.000000
2024-01-30 01:21:06,387 INFO     Test MRR at step 79999: 0.122465
2024-01-30 01:21:06,387 INFO     Test MR at step 79999: 1985.468023
2024-01-30 01:21:06,387 INFO     Test HITS@1 at step 79999: 0.017442
2024-01-30 01:21:06,387 INFO     Test HITS@3 at step 79999: 0.156977
2024-01-30 01:21:06,387 INFO     Test HITS@10 at step 79999: 0.328488
2024-01-30 01:21:07,337 INFO     Evaluating the model... (0/280)
2024-01-30 01:21:27,118 INFO     S_test.txt
2024-01-30 01:21:27,119 INFO     Test ******* Model TransE ****  at step 79999: 1.000000
2024-01-30 01:21:27,119 INFO     Test MRR at step 79999: 0.438001
2024-01-30 01:21:27,119 INFO     Test MR at step 79999: 136.080645
2024-01-30 01:21:27,119 INFO     Test HITS@1 at step 79999: 0.000000
2024-01-30 01:21:27,119 INFO     Test HITS@3 at step 79999: 0.895161
2024-01-30 01:21:27,119 INFO     Test HITS@10 at step 79999: 0.962814
################################################## 
 ################################################## 
Print the evaluation logs for every relation:
2024-01-30 01:21:27,119 INFO     _verb_group: 
2024-01-30 01:21:27,119 INFO     Test ******* Model TransE ****  at step 79999: 1.000000
2024-01-30 01:21:27,119 INFO     Test MRR at step 79999: 0.369494
2024-01-30 01:21:27,119 INFO     Test MR at step 79999: 33.141026
2024-01-30 01:21:27,119 INFO     Test HITS@1 at step 79999: 0.000000
2024-01-30 01:21:27,119 INFO     Test HITS@3 at step 79999: 0.756410
2024-01-30 01:21:27,119 INFO     Test HITS@10 at step 79999: 0.974359
2024-01-30 01:21:27,120 INFO     _derivationally_related_form: 
2024-01-30 01:21:27,120 INFO     Test ******* Model TransE ****  at step 79999: 1.000000
2024-01-30 01:21:27,120 INFO     Test MRR at step 79999: 0.440890
2024-01-30 01:21:27,120 INFO     Test MR at step 79999: 140.188082
2024-01-30 01:21:27,120 INFO     Test HITS@1 at step 79999: 0.000000
2024-01-30 01:21:27,120 INFO     Test HITS@3 at step 79999: 0.901304
2024-01-30 01:21:27,120 INFO     Test HITS@10 at step 79999: 0.962291
2024-01-30 01:21:27,120 INFO     _similar_to: 
2024-01-30 01:21:27,120 INFO     Test ******* Model TransE ****  at step 79999: 1.000000
2024-01-30 01:21:27,120 INFO     Test MRR at step 79999: 0.294444
2024-01-30 01:21:27,120 INFO     Test MR at step 79999: 3.833333
2024-01-30 01:21:27,120 INFO     Test HITS@1 at step 79999: 0.000000
2024-01-30 01:21:27,120 INFO     Test HITS@3 at step 79999: 0.500000
2024-01-30 01:21:27,120 INFO     Test HITS@10 at step 79999: 1.000000
2024-01-30 01:21:28,053 INFO     Evaluating the model... (0/448)
2024-01-30 01:21:59,201 INFO     A_test.txt
2024-01-30 01:21:59,201 INFO     Test ******* Model TransE ****  at step 79999: 1.000000
2024-01-30 01:21:59,201 INFO     Test MRR at step 79999: 0.100715
2024-01-30 01:21:59,201 INFO     Test MR at step 79999: 5693.444693
2024-01-30 01:21:59,202 INFO     Test HITS@1 at step 79999: 0.023743
2024-01-30 01:21:59,202 INFO     Test HITS@3 at step 79999: 0.118715
2024-01-30 01:21:59,202 INFO     Test HITS@10 at step 79999: 0.270950
################################################## 
 ################################################## 
Print the evaluation logs for every relation:
2024-01-30 01:21:59,202 INFO     _member_of_domain_usage: 
2024-01-30 01:21:59,202 INFO     Test ******* Model TransE ****  at step 79999: 1.000000
2024-01-30 01:21:59,202 INFO     Test MRR at step 79999: 0.114927
2024-01-30 01:21:59,202 INFO     Test MR at step 79999: 4531.937500
2024-01-30 01:21:59,202 INFO     Test HITS@1 at step 79999: 0.000000
2024-01-30 01:21:59,202 INFO     Test HITS@3 at step 79999: 0.187500
2024-01-30 01:21:59,202 INFO     Test HITS@10 at step 79999: 0.250000
2024-01-30 01:21:59,203 INFO     _member_of_domain_region: 
2024-01-30 01:21:59,203 INFO     Test ******* Model TransE ****  at step 79999: 1.000000
2024-01-30 01:21:59,203 INFO     Test MRR at step 79999: 0.126630
2024-01-30 01:21:59,203 INFO     Test MR at step 79999: 5719.153846
2024-01-30 01:21:59,203 INFO     Test HITS@1 at step 79999: 0.057692
2024-01-30 01:21:59,203 INFO     Test HITS@3 at step 79999: 0.076923
2024-01-30 01:21:59,203 INFO     Test HITS@10 at step 79999: 0.346154
2024-01-30 01:21:59,203 INFO     _member_meronym: 
2024-01-30 01:21:59,203 INFO     Test ******* Model TransE ****  at step 79999: 1.000000
2024-01-30 01:21:59,203 INFO     Test MRR at step 79999: 0.181631
2024-01-30 01:21:59,203 INFO     Test MR at step 79999: 1169.843874
2024-01-30 01:21:59,203 INFO     Test HITS@1 at step 79999: 0.045455
2024-01-30 01:21:59,203 INFO     Test HITS@3 at step 79999: 0.264822
2024-01-30 01:21:59,203 INFO     Test HITS@10 at step 79999: 0.422925
2024-01-30 01:21:59,204 INFO     _hypernym: 
2024-01-30 01:21:59,204 INFO     Test ******* Model TransE ****  at step 79999: 1.000000
2024-01-30 01:21:59,204 INFO     Test MRR at step 79999: 0.060789
2024-01-30 01:21:59,204 INFO     Test MR at step 79999: 7152.436451
2024-01-30 01:21:59,204 INFO     Test HITS@1 at step 79999: 0.000799
2024-01-30 01:21:59,204 INFO     Test HITS@3 at step 79999: 0.061551
2024-01-30 01:21:59,204 INFO     Test HITS@10 at step 79999: 0.206235
2024-01-30 01:21:59,204 INFO     _instance_hypernym: 
2024-01-30 01:21:59,204 INFO     Test ******* Model TransE ****  at step 79999: 1.000000
2024-01-30 01:21:59,204 INFO     Test MRR at step 79999: 0.289883
2024-01-30 01:21:59,204 INFO     Test MR at step 79999: 2482.549180
2024-01-30 01:21:59,204 INFO     Test HITS@1 at step 79999: 0.196721
2024-01-30 01:21:59,204 INFO     Test HITS@3 at step 79999: 0.336066
2024-01-30 01:21:59,204 INFO     Test HITS@10 at step 79999: 0.500000
2024-01-30 01:21:59,204 INFO     _synset_domain_topic_of: 
2024-01-30 01:21:59,205 INFO     Test ******* Model TransE ****  at step 79999: 1.000000
2024-01-30 01:21:59,205 INFO     Test MRR at step 79999: 0.147920
2024-01-30 01:21:59,205 INFO     Test MR at step 79999: 3397.035088
2024-01-30 01:21:59,205 INFO     Test HITS@1 at step 79999: 0.039474
2024-01-30 01:21:59,205 INFO     Test HITS@3 at step 79999: 0.184211
2024-01-30 01:21:59,205 INFO     Test HITS@10 at step 79999: 0.385965
2024-01-30 01:22:00,148 INFO     Evaluating the model... (0/280)
2024-01-30 01:22:19,685 INFO     Ss_test.txt
2024-01-30 01:22:19,686 INFO     Test ******* Model TransE ****  at step 79999: 1.000000
2024-01-30 01:22:19,686 INFO     Test MRR at step 79999: 0.438001
2024-01-30 01:22:19,686 INFO     Test MR at step 79999: 136.080645
2024-01-30 01:22:19,686 INFO     Test HITS@1 at step 79999: 0.000000
2024-01-30 01:22:19,686 INFO     Test HITS@3 at step 79999: 0.895161
2024-01-30 01:22:19,686 INFO     Test HITS@10 at step 79999: 0.962814
################################################## 
 ################################################## 
Print the evaluation logs for every relation:
2024-01-30 01:22:19,686 INFO     _verb_group: 
2024-01-30 01:22:19,686 INFO     Test ******* Model TransE ****  at step 79999: 1.000000
2024-01-30 01:22:19,686 INFO     Test MRR at step 79999: 0.369494
2024-01-30 01:22:19,686 INFO     Test MR at step 79999: 33.141026
2024-01-30 01:22:19,686 INFO     Test HITS@1 at step 79999: 0.000000
2024-01-30 01:22:19,686 INFO     Test HITS@3 at step 79999: 0.756410
2024-01-30 01:22:19,687 INFO     Test HITS@10 at step 79999: 0.974359
2024-01-30 01:22:19,687 INFO     _derivationally_related_form: 
2024-01-30 01:22:19,687 INFO     Test ******* Model TransE ****  at step 79999: 1.000000
2024-01-30 01:22:19,687 INFO     Test MRR at step 79999: 0.440890
2024-01-30 01:22:19,687 INFO     Test MR at step 79999: 140.188082
2024-01-30 01:22:19,687 INFO     Test HITS@1 at step 79999: 0.000000
2024-01-30 01:22:19,687 INFO     Test HITS@3 at step 79999: 0.901304
2024-01-30 01:22:19,687 INFO     Test HITS@10 at step 79999: 0.962291
2024-01-30 01:22:19,687 INFO     _similar_to: 
2024-01-30 01:22:19,687 INFO     Test ******* Model TransE ****  at step 79999: 1.000000
2024-01-30 01:22:19,687 INFO     Test MRR at step 79999: 0.294444
2024-01-30 01:22:19,687 INFO     Test MR at step 79999: 3.833333
2024-01-30 01:22:19,687 INFO     Test HITS@1 at step 79999: 0.000000
2024-01-30 01:22:19,687 INFO     Test HITS@3 at step 79999: 0.500000
2024-01-30 01:22:19,687 INFO     Test HITS@10 at step 79999: 1.000000
2024-01-30 01:22:20,647 INFO     Evaluating the model... (0/44)
2024-01-30 01:22:24,255 INFO     AC_test.txt
2024-01-30 01:22:24,255 INFO     Test ******* Model TransE ****  at step 79999: 1.000000
2024-01-30 01:22:24,256 INFO     Test MRR at step 79999: 0.122465
2024-01-30 01:22:24,256 INFO     Test MR at step 79999: 1985.468023
2024-01-30 01:22:24,256 INFO     Test HITS@1 at step 79999: 0.017442
2024-01-30 01:22:24,256 INFO     Test HITS@3 at step 79999: 0.156977
2024-01-30 01:22:24,256 INFO     Test HITS@10 at step 79999: 0.328488
################################################## 
 ################################################## 
Print the evaluation logs for every relation:
2024-01-30 01:22:24,256 INFO     _has_part: 
2024-01-30 01:22:24,256 INFO     Test ******* Model TransE ****  at step 79999: 1.000000
2024-01-30 01:22:24,256 INFO     Test MRR at step 79999: 0.122465
2024-01-30 01:22:24,256 INFO     Test MR at step 79999: 1985.468023
2024-01-30 01:22:24,257 INFO     Test HITS@1 at step 79999: 0.017442
2024-01-30 01:22:24,257 INFO     Test HITS@3 at step 79999: 0.156977
2024-01-30 01:22:24,257 INFO     Test HITS@10 at step 79999: 0.328488
2024-01-30 01:22:25,216 INFO     Evaluating the model... (0/492)
2024-01-30 01:22:59,158 INFO     Aa_test.txt
2024-01-30 01:22:59,158 INFO     Test ******* Model TransE ****  at step 79999: 1.000000
2024-01-30 01:22:59,159 INFO     Test MRR at step 79999: 0.102621
2024-01-30 01:22:59,159 INFO     Test MR at step 79999: 5368.382518
2024-01-30 01:22:59,159 INFO     Test HITS@1 at step 79999: 0.023191
2024-01-30 01:22:59,159 INFO     Test HITS@3 at step 79999: 0.122069
2024-01-30 01:22:59,159 INFO     Test HITS@10 at step 79999: 0.275994
################################################## 
 ################################################## 
Print the evaluation logs for every relation:
2024-01-30 01:22:59,159 INFO     _member_of_domain_usage: 
2024-01-30 01:22:59,159 INFO     Test ******* Model TransE ****  at step 79999: 1.000000
2024-01-30 01:22:59,159 INFO     Test MRR at step 79999: 0.114927
2024-01-30 01:22:59,159 INFO     Test MR at step 79999: 4531.937500
2024-01-30 01:22:59,159 INFO     Test HITS@1 at step 79999: 0.000000
2024-01-30 01:22:59,159 INFO     Test HITS@3 at step 79999: 0.187500
2024-01-30 01:22:59,159 INFO     Test HITS@10 at step 79999: 0.250000
2024-01-30 01:22:59,159 INFO     _member_of_domain_region: 
2024-01-30 01:22:59,159 INFO     Test ******* Model TransE ****  at step 79999: 1.000000
2024-01-30 01:22:59,160 INFO     Test MRR at step 79999: 0.126630
2024-01-30 01:22:59,160 INFO     Test MR at step 79999: 5719.153846
2024-01-30 01:22:59,160 INFO     Test HITS@1 at step 79999: 0.057692
2024-01-30 01:22:59,160 INFO     Test HITS@3 at step 79999: 0.076923
2024-01-30 01:22:59,160 INFO     Test HITS@10 at step 79999: 0.346154
2024-01-30 01:22:59,160 INFO     _member_meronym: 
2024-01-30 01:22:59,160 INFO     Test ******* Model TransE ****  at step 79999: 1.000000
2024-01-30 01:22:59,160 INFO     Test MRR at step 79999: 0.181631
2024-01-30 01:22:59,160 INFO     Test MR at step 79999: 1169.843874
2024-01-30 01:22:59,160 INFO     Test HITS@1 at step 79999: 0.045455
2024-01-30 01:22:59,160 INFO     Test HITS@3 at step 79999: 0.264822
2024-01-30 01:22:59,160 INFO     Test HITS@10 at step 79999: 0.422925
2024-01-30 01:22:59,160 INFO     _hypernym: 
2024-01-30 01:22:59,160 INFO     Test ******* Model TransE ****  at step 79999: 1.000000
2024-01-30 01:22:59,160 INFO     Test MRR at step 79999: 0.060789
2024-01-30 01:22:59,161 INFO     Test MR at step 79999: 7152.436451
2024-01-30 01:22:59,161 INFO     Test HITS@1 at step 79999: 0.000799
2024-01-30 01:22:59,161 INFO     Test HITS@3 at step 79999: 0.061551
2024-01-30 01:22:59,161 INFO     Test HITS@10 at step 79999: 0.206235
2024-01-30 01:22:59,161 INFO     _has_part: 
2024-01-30 01:22:59,161 INFO     Test ******* Model TransE ****  at step 79999: 1.000000
2024-01-30 01:22:59,161 INFO     Test MRR at step 79999: 0.122465
2024-01-30 01:22:59,161 INFO     Test MR at step 79999: 1985.468023
2024-01-30 01:22:59,161 INFO     Test HITS@1 at step 79999: 0.017442
2024-01-30 01:22:59,161 INFO     Test HITS@3 at step 79999: 0.156977
2024-01-30 01:22:59,161 INFO     Test HITS@10 at step 79999: 0.328488
2024-01-30 01:22:59,161 INFO     _instance_hypernym: 
2024-01-30 01:22:59,161 INFO     Test ******* Model TransE ****  at step 79999: 1.000000
2024-01-30 01:22:59,161 INFO     Test MRR at step 79999: 0.289883
2024-01-30 01:22:59,161 INFO     Test MR at step 79999: 2482.549180
2024-01-30 01:22:59,162 INFO     Test HITS@1 at step 79999: 0.196721
2024-01-30 01:22:59,162 INFO     Test HITS@3 at step 79999: 0.336066
2024-01-30 01:22:59,162 INFO     Test HITS@10 at step 79999: 0.500000
2024-01-30 01:22:59,162 INFO     _synset_domain_topic_of: 
2024-01-30 01:22:59,162 INFO     Test ******* Model TransE ****  at step 79999: 1.000000
2024-01-30 01:22:59,162 INFO     Test MRR at step 79999: 0.147920
2024-01-30 01:22:59,162 INFO     Test MR at step 79999: 3397.035088
2024-01-30 01:22:59,162 INFO     Test HITS@1 at step 79999: 0.039474
2024-01-30 01:22:59,162 INFO     Test HITS@3 at step 79999: 0.184211
2024-01-30 01:22:59,162 INFO     Test HITS@10 at step 79999: 0.385965
