1.10.2
Start Evaluation on Test Data Set......
2024-01-30 01:27:25,299 INFO     Model: DistMult
2024-01-30 01:27:25,299 INFO     Data Path: data/wn18rr
2024-01-30 01:27:25,299 INFO     #entity: 40943
2024-01-30 01:27:25,299 INFO     #relation: 11
2024-01-30 01:27:25,510 INFO     #train: 86835
2024-01-30 01:27:25,516 INFO     #valid: 3034
2024-01-30 01:27:25,523 INFO     #test: 3134
2024-01-30 01:27:25,523 INFO     C_test.txt#test: 0
2024-01-30 01:27:25,524 INFO     Cc_test.txt#test: 172
2024-01-30 01:27:25,527 INFO     S_test.txt#test: 1116
2024-01-30 01:27:25,531 INFO     A_test.txt#test: 1790
2024-01-30 01:27:25,532 INFO     AS_test.txt#test: 0
2024-01-30 01:27:25,532 INFO     CS_test.txt#test: 0
2024-01-30 01:27:25,535 INFO     Ss_test.txt#test: 1116
2024-01-30 01:27:25,535 INFO     ACS_test.txt#test: 0
2024-01-30 01:27:25,536 INFO     AC_test.txt#test: 172
2024-01-30 01:27:25,540 INFO     Aa_test.txt#test: 1962
2024-01-30 01:27:25,975 INFO     Model Parameter Configuration:
2024-01-30 01:27:25,976 INFO     Parameter gamma: torch.Size([1]), require_grad = False
2024-01-30 01:27:25,976 INFO     Parameter embedding_range: torch.Size([1]), require_grad = False
2024-01-30 01:27:25,976 INFO     Parameter entity_embedding: torch.Size([40943, 1000]), require_grad = True
2024-01-30 01:27:25,976 INFO     Parameter relation_embedding: torch.Size([11, 1000]), require_grad = True
2024-01-30 01:27:30,442 INFO     Loading checkpoint models/DistMult_wn18rr_DmWR...
2024-01-30 01:27:30,681 INFO     Start Training...
2024-01-30 01:27:30,681 INFO     init_step = 79999
2024-01-30 01:27:30,681 INFO     batch_size = 1024
2024-01-30 01:27:30,681 INFO     negative_adversarial_sampling = 0
2024-01-30 01:27:30,681 INFO     hidden_dim = 1000
2024-01-30 01:27:30,682 INFO     gamma = 12.000000
2024-01-30 01:27:30,682 INFO     negative_sample_size = 128
2024-01-30 01:27:30,682 INFO     negative_adversarial_sampling = False
2024-01-30 01:27:30,682 INFO     learning_rate = 0.000200
2024-01-30 01:27:32,292 INFO     Evaluating on Valid Dataset...
2024-01-30 01:27:33,281 INFO     Evaluating the model... (0/760)
2024-01-30 01:28:30,036 INFO     Valid ******* Model DistMult ****  at step 79999: 1.000000
2024-01-30 01:28:30,037 INFO     Valid MRR at step 79999: 0.441896
2024-01-30 01:28:30,037 INFO     Valid MR at step 79999: 4760.983355
2024-01-30 01:28:30,037 INFO     Valid HITS@1 at step 79999: 0.399308
2024-01-30 01:28:30,037 INFO     Valid HITS@3 at step 79999: 0.453527
2024-01-30 01:28:30,037 INFO     Valid HITS@10 at step 79999: 0.529993
2024-01-30 01:28:30,037 INFO     Evaluating on Test Dataset...
2024-01-30 01:28:31,009 INFO     Evaluating the model... (0/784)
2024-01-30 01:29:28,417 INFO     Test ******* Model DistMult ****  at step 79999: 1.000000
2024-01-30 01:29:28,417 INFO     Test MRR at step 79999: 0.440719
2024-01-30 01:29:28,417 INFO     Test MR at step 79999: 4848.631621
2024-01-30 01:29:28,417 INFO     Test HITS@1 at step 79999: 0.396299
2024-01-30 01:29:28,417 INFO     Test HITS@3 at step 79999: 0.453893
2024-01-30 01:29:28,418 INFO     Test HITS@10 at step 79999: 0.533663
################################################## 
 ################################################## 
Print the evaluation logs for every relation:
2024-01-30 01:29:28,418 INFO     _member_of_domain_usage: 
2024-01-30 01:29:28,418 INFO     Test ******* Model DistMult ****  at step 79999: 1.000000
2024-01-30 01:29:28,418 INFO     Test MRR at step 79999: 0.235681
2024-01-30 01:29:28,418 INFO     Test MR at step 79999: 10221.291667
2024-01-30 01:29:28,418 INFO     Test HITS@1 at step 79999: 0.208333
2024-01-30 01:29:28,418 INFO     Test HITS@3 at step 79999: 0.250000
2024-01-30 01:29:28,418 INFO     Test HITS@10 at step 79999: 0.270833
2024-01-30 01:29:28,418 INFO     _verb_group: 
2024-01-30 01:29:28,418 INFO     Test ******* Model DistMult ****  at step 79999: 1.000000
2024-01-30 01:29:28,418 INFO     Test MRR at step 79999: 0.897441
2024-01-30 01:29:28,418 INFO     Test MR at step 79999: 132.884615
2024-01-30 01:29:28,418 INFO     Test HITS@1 at step 79999: 0.820513
2024-01-30 01:29:28,418 INFO     Test HITS@3 at step 79999: 0.974359
2024-01-30 01:29:28,418 INFO     Test HITS@10 at step 79999: 0.974359
2024-01-30 01:29:28,419 INFO     _member_of_domain_region: 
2024-01-30 01:29:28,419 INFO     Test ******* Model DistMult ****  at step 79999: 1.000000
2024-01-30 01:29:28,419 INFO     Test MRR at step 79999: 0.157004
2024-01-30 01:29:28,419 INFO     Test MR at step 79999: 16610.115385
2024-01-30 01:29:28,419 INFO     Test HITS@1 at step 79999: 0.115385
2024-01-30 01:29:28,419 INFO     Test HITS@3 at step 79999: 0.173077
2024-01-30 01:29:28,419 INFO     Test HITS@10 at step 79999: 0.269231
2024-01-30 01:29:28,419 INFO     _member_meronym: 
2024-01-30 01:29:28,419 INFO     Test ******* Model DistMult ****  at step 79999: 1.000000
2024-01-30 01:29:28,419 INFO     Test MRR at step 79999: 0.158596
2024-01-30 01:29:28,419 INFO     Test MR at step 79999: 1846.608696
2024-01-30 01:29:28,419 INFO     Test HITS@1 at step 79999: 0.061265
2024-01-30 01:29:28,419 INFO     Test HITS@3 at step 79999: 0.191700
2024-01-30 01:29:28,419 INFO     Test HITS@10 at step 79999: 0.353755
2024-01-30 01:29:28,419 INFO     _hypernym: 
2024-01-30 01:29:28,419 INFO     Test ******* Model DistMult ****  at step 79999: 1.000000
2024-01-30 01:29:28,420 INFO     Test MRR at step 79999: 0.094112
2024-01-30 01:29:28,420 INFO     Test MR at step 79999: 9186.467626
2024-01-30 01:29:28,420 INFO     Test HITS@1 at step 79999: 0.037170
2024-01-30 01:29:28,420 INFO     Test HITS@3 at step 79999: 0.105915
2024-01-30 01:29:28,420 INFO     Test HITS@10 at step 79999: 0.219824
2024-01-30 01:29:28,420 INFO     _has_part: 
2024-01-30 01:29:28,420 INFO     Test ******* Model DistMult ****  at step 79999: 1.000000
2024-01-30 01:29:28,420 INFO     Test MRR at step 79999: 0.155335
2024-01-30 01:29:28,420 INFO     Test MR at step 79999: 4002.441860
2024-01-30 01:29:28,420 INFO     Test HITS@1 at step 79999: 0.078488
2024-01-30 01:29:28,420 INFO     Test HITS@3 at step 79999: 0.159884
2024-01-30 01:29:28,420 INFO     Test HITS@10 at step 79999: 0.319767
2024-01-30 01:29:28,420 INFO     _derivationally_related_form: 
2024-01-30 01:29:28,420 INFO     Test ******* Model DistMult ****  at step 79999: 1.000000
2024-01-30 01:29:28,420 INFO     Test MRR at step 79999: 0.959332
2024-01-30 01:29:28,420 INFO     Test MR at step 79999: 243.920857
2024-01-30 01:29:28,421 INFO     Test HITS@1 at step 79999: 0.952514
2024-01-30 01:29:28,421 INFO     Test HITS@3 at step 79999: 0.964618
2024-01-30 01:29:28,421 INFO     Test HITS@10 at step 79999: 0.972533
2024-01-30 01:29:28,421 INFO     _also_see: 
2024-01-30 01:29:28,421 INFO     Test ******* Model DistMult ****  at step 79999: 1.000000
2024-01-30 01:29:28,421 INFO     Test MRR at step 79999: 0.606619
2024-01-30 01:29:28,421 INFO     Test MR at step 79999: 4637.848214
2024-01-30 01:29:28,421 INFO     Test HITS@1 at step 79999: 0.553571
2024-01-30 01:29:28,421 INFO     Test HITS@3 at step 79999: 0.625000
2024-01-30 01:29:28,421 INFO     Test HITS@10 at step 79999: 0.705357
2024-01-30 01:29:28,421 INFO     _instance_hypernym: 
2024-01-30 01:29:28,421 INFO     Test ******* Model DistMult ****  at step 79999: 1.000000
2024-01-30 01:29:28,421 INFO     Test MRR at step 79999: 0.359037
2024-01-30 01:29:28,421 INFO     Test MR at step 79999: 3926.856557
2024-01-30 01:29:28,421 INFO     Test HITS@1 at step 79999: 0.278689
2024-01-30 01:29:28,422 INFO     Test HITS@3 at step 79999: 0.401639
2024-01-30 01:29:28,422 INFO     Test HITS@10 at step 79999: 0.520492
2024-01-30 01:29:28,422 INFO     _synset_domain_topic_of: 
2024-01-30 01:29:28,422 INFO     Test ******* Model DistMult ****  at step 79999: 1.000000
2024-01-30 01:29:28,422 INFO     Test MRR at step 79999: 0.357909
2024-01-30 01:29:28,422 INFO     Test MR at step 79999: 7584.228070
2024-01-30 01:29:28,422 INFO     Test HITS@1 at step 79999: 0.311404
2024-01-30 01:29:28,422 INFO     Test HITS@3 at step 79999: 0.372807
2024-01-30 01:29:28,422 INFO     Test HITS@10 at step 79999: 0.447368
2024-01-30 01:29:28,422 INFO     _similar_to: 
2024-01-30 01:29:28,422 INFO     Test ******* Model DistMult ****  at step 79999: 1.000000
2024-01-30 01:29:28,422 INFO     Test MRR at step 79999: 1.000000
2024-01-30 01:29:28,422 INFO     Test MR at step 79999: 1.000000
2024-01-30 01:29:28,422 INFO     Test HITS@1 at step 79999: 1.000000
2024-01-30 01:29:28,422 INFO     Test HITS@3 at step 79999: 1.000000
2024-01-30 01:29:28,422 INFO     Test HITS@10 at step 79999: 1.000000
2024-01-30 01:29:28,423 INFO     Evaluating on sub_Test Dataset...
2024-01-30 01:29:29,307 INFO     Evaluating the model... (0/44)
2024-01-30 01:29:32,842 INFO     Cc_test.txt
2024-01-30 01:29:32,843 INFO     Test ******* Model DistMult ****  at step 79999: 1.000000
2024-01-30 01:29:32,843 INFO     Test MRR at step 79999: 0.155335
2024-01-30 01:29:32,843 INFO     Test MR at step 79999: 4002.441860
2024-01-30 01:29:32,843 INFO     Test HITS@1 at step 79999: 0.078488
2024-01-30 01:29:32,843 INFO     Test HITS@3 at step 79999: 0.159884
2024-01-30 01:29:32,843 INFO     Test HITS@10 at step 79999: 0.319767
################################################## 
 ################################################## 
Print the evaluation logs for every relation:
2024-01-30 01:29:32,843 INFO     _has_part: 
2024-01-30 01:29:32,843 INFO     Test ******* Model DistMult ****  at step 79999: 1.000000
2024-01-30 01:29:32,843 INFO     Test MRR at step 79999: 0.155335
2024-01-30 01:29:32,843 INFO     Test MR at step 79999: 4002.441860
2024-01-30 01:29:32,843 INFO     Test HITS@1 at step 79999: 0.078488
2024-01-30 01:29:32,843 INFO     Test HITS@3 at step 79999: 0.159884
2024-01-30 01:29:32,843 INFO     Test HITS@10 at step 79999: 0.319767
2024-01-30 01:29:33,767 INFO     Evaluating the model... (0/280)
2024-01-30 01:29:53,663 INFO     S_test.txt
2024-01-30 01:29:53,663 INFO     Test ******* Model DistMult ****  at step 79999: 1.000000
2024-01-30 01:29:53,663 INFO     Test MRR at step 79999: 0.957279
2024-01-30 01:29:53,663 INFO     Test MR at step 79999: 239.387545
2024-01-30 01:29:53,663 INFO     Test HITS@1 at step 79999: 0.948029
2024-01-30 01:29:53,663 INFO     Test HITS@3 at step 79999: 0.965054
2024-01-30 01:29:53,663 INFO     Test HITS@10 at step 79999: 0.972670
################################################## 
 ################################################## 
Print the evaluation logs for every relation:
2024-01-30 01:29:53,663 INFO     _verb_group: 
2024-01-30 01:29:53,663 INFO     Test ******* Model DistMult ****  at step 79999: 1.000000
2024-01-30 01:29:53,664 INFO     Test MRR at step 79999: 0.897441
2024-01-30 01:29:53,664 INFO     Test MR at step 79999: 132.884615
2024-01-30 01:29:53,664 INFO     Test HITS@1 at step 79999: 0.820513
2024-01-30 01:29:53,664 INFO     Test HITS@3 at step 79999: 0.974359
2024-01-30 01:29:53,664 INFO     Test HITS@10 at step 79999: 0.974359
2024-01-30 01:29:53,664 INFO     _derivationally_related_form: 
2024-01-30 01:29:53,664 INFO     Test ******* Model DistMult ****  at step 79999: 1.000000
2024-01-30 01:29:53,664 INFO     Test MRR at step 79999: 0.959332
2024-01-30 01:29:53,664 INFO     Test MR at step 79999: 243.920857
2024-01-30 01:29:53,664 INFO     Test HITS@1 at step 79999: 0.952514
2024-01-30 01:29:53,664 INFO     Test HITS@3 at step 79999: 0.964618
2024-01-30 01:29:53,664 INFO     Test HITS@10 at step 79999: 0.972533
2024-01-30 01:29:53,664 INFO     _similar_to: 
2024-01-30 01:29:53,664 INFO     Test ******* Model DistMult ****  at step 79999: 1.000000
2024-01-30 01:29:53,664 INFO     Test MRR at step 79999: 1.000000
2024-01-30 01:29:53,664 INFO     Test MR at step 79999: 1.000000
2024-01-30 01:29:53,665 INFO     Test HITS@1 at step 79999: 1.000000
2024-01-30 01:29:53,665 INFO     Test HITS@3 at step 79999: 1.000000
2024-01-30 01:29:53,665 INFO     Test HITS@10 at step 79999: 1.000000
2024-01-30 01:29:54,585 INFO     Evaluating the model... (0/448)
2024-01-30 01:30:26,034 INFO     A_test.txt
2024-01-30 01:30:26,035 INFO     Test ******* Model DistMult ****  at step 79999: 1.000000
2024-01-30 01:30:26,035 INFO     Test MRR at step 79999: 0.140895
2024-01-30 01:30:26,035 INFO     Test MR at step 79999: 7810.232123
2024-01-30 01:30:26,035 INFO     Test HITS@1 at step 79999: 0.077933
2024-01-30 01:30:26,035 INFO     Test HITS@3 at step 79999: 0.158101
2024-01-30 01:30:26,035 INFO     Test HITS@10 at step 79999: 0.275140
################################################## 
 ################################################## 
Print the evaluation logs for every relation:
2024-01-30 01:30:26,035 INFO     _member_of_domain_usage: 
2024-01-30 01:30:26,035 INFO     Test ******* Model DistMult ****  at step 79999: 1.000000
2024-01-30 01:30:26,035 INFO     Test MRR at step 79999: 0.235681
2024-01-30 01:30:26,035 INFO     Test MR at step 79999: 10221.291667
2024-01-30 01:30:26,035 INFO     Test HITS@1 at step 79999: 0.208333
2024-01-30 01:30:26,035 INFO     Test HITS@3 at step 79999: 0.250000
2024-01-30 01:30:26,036 INFO     Test HITS@10 at step 79999: 0.270833
2024-01-30 01:30:26,036 INFO     _member_of_domain_region: 
2024-01-30 01:30:26,036 INFO     Test ******* Model DistMult ****  at step 79999: 1.000000
2024-01-30 01:30:26,036 INFO     Test MRR at step 79999: 0.157004
2024-01-30 01:30:26,036 INFO     Test MR at step 79999: 16610.115385
2024-01-30 01:30:26,036 INFO     Test HITS@1 at step 79999: 0.115385
2024-01-30 01:30:26,036 INFO     Test HITS@3 at step 79999: 0.173077
2024-01-30 01:30:26,036 INFO     Test HITS@10 at step 79999: 0.269231
2024-01-30 01:30:26,036 INFO     _member_meronym: 
2024-01-30 01:30:26,036 INFO     Test ******* Model DistMult ****  at step 79999: 1.000000
2024-01-30 01:30:26,036 INFO     Test MRR at step 79999: 0.158596
2024-01-30 01:30:26,036 INFO     Test MR at step 79999: 1846.608696
2024-01-30 01:30:26,036 INFO     Test HITS@1 at step 79999: 0.061265
2024-01-30 01:30:26,036 INFO     Test HITS@3 at step 79999: 0.191700
2024-01-30 01:30:26,036 INFO     Test HITS@10 at step 79999: 0.353755
2024-01-30 01:30:26,036 INFO     _hypernym: 
2024-01-30 01:30:26,037 INFO     Test ******* Model DistMult ****  at step 79999: 1.000000
2024-01-30 01:30:26,037 INFO     Test MRR at step 79999: 0.094112
2024-01-30 01:30:26,037 INFO     Test MR at step 79999: 9186.467626
2024-01-30 01:30:26,037 INFO     Test HITS@1 at step 79999: 0.037170
2024-01-30 01:30:26,037 INFO     Test HITS@3 at step 79999: 0.105915
2024-01-30 01:30:26,037 INFO     Test HITS@10 at step 79999: 0.219824
2024-01-30 01:30:26,037 INFO     _instance_hypernym: 
2024-01-30 01:30:26,037 INFO     Test ******* Model DistMult ****  at step 79999: 1.000000
2024-01-30 01:30:26,037 INFO     Test MRR at step 79999: 0.359037
2024-01-30 01:30:26,037 INFO     Test MR at step 79999: 3926.856557
2024-01-30 01:30:26,037 INFO     Test HITS@1 at step 79999: 0.278689
2024-01-30 01:30:26,037 INFO     Test HITS@3 at step 79999: 0.401639
2024-01-30 01:30:26,037 INFO     Test HITS@10 at step 79999: 0.520492
2024-01-30 01:30:26,037 INFO     _synset_domain_topic_of: 
2024-01-30 01:30:26,037 INFO     Test ******* Model DistMult ****  at step 79999: 1.000000
2024-01-30 01:30:26,037 INFO     Test MRR at step 79999: 0.357909
2024-01-30 01:30:26,038 INFO     Test MR at step 79999: 7584.228070
2024-01-30 01:30:26,038 INFO     Test HITS@1 at step 79999: 0.311404
2024-01-30 01:30:26,038 INFO     Test HITS@3 at step 79999: 0.372807
2024-01-30 01:30:26,038 INFO     Test HITS@10 at step 79999: 0.447368
2024-01-30 01:30:26,952 INFO     Evaluating the model... (0/280)
2024-01-30 01:30:46,868 INFO     Ss_test.txt
2024-01-30 01:30:46,868 INFO     Test ******* Model DistMult ****  at step 79999: 1.000000
2024-01-30 01:30:46,868 INFO     Test MRR at step 79999: 0.957279
2024-01-30 01:30:46,868 INFO     Test MR at step 79999: 239.387545
2024-01-30 01:30:46,868 INFO     Test HITS@1 at step 79999: 0.948029
2024-01-30 01:30:46,868 INFO     Test HITS@3 at step 79999: 0.965054
2024-01-30 01:30:46,868 INFO     Test HITS@10 at step 79999: 0.972670
################################################## 
 ################################################## 
Print the evaluation logs for every relation:
2024-01-30 01:30:46,869 INFO     _verb_group: 
2024-01-30 01:30:46,869 INFO     Test ******* Model DistMult ****  at step 79999: 1.000000
2024-01-30 01:30:46,869 INFO     Test MRR at step 79999: 0.897441
2024-01-30 01:30:46,869 INFO     Test MR at step 79999: 132.884615
2024-01-30 01:30:46,869 INFO     Test HITS@1 at step 79999: 0.820513
2024-01-30 01:30:46,869 INFO     Test HITS@3 at step 79999: 0.974359
2024-01-30 01:30:46,869 INFO     Test HITS@10 at step 79999: 0.974359
2024-01-30 01:30:46,869 INFO     _derivationally_related_form: 
2024-01-30 01:30:46,869 INFO     Test ******* Model DistMult ****  at step 79999: 1.000000
2024-01-30 01:30:46,869 INFO     Test MRR at step 79999: 0.959332
2024-01-30 01:30:46,869 INFO     Test MR at step 79999: 243.920857
2024-01-30 01:30:46,869 INFO     Test HITS@1 at step 79999: 0.952514
2024-01-30 01:30:46,870 INFO     Test HITS@3 at step 79999: 0.964618
2024-01-30 01:30:46,870 INFO     Test HITS@10 at step 79999: 0.972533
2024-01-30 01:30:46,870 INFO     _similar_to: 
2024-01-30 01:30:46,870 INFO     Test ******* Model DistMult ****  at step 79999: 1.000000
2024-01-30 01:30:46,870 INFO     Test MRR at step 79999: 1.000000
2024-01-30 01:30:46,870 INFO     Test MR at step 79999: 1.000000
2024-01-30 01:30:46,870 INFO     Test HITS@1 at step 79999: 1.000000
2024-01-30 01:30:46,870 INFO     Test HITS@3 at step 79999: 1.000000
2024-01-30 01:30:46,870 INFO     Test HITS@10 at step 79999: 1.000000
2024-01-30 01:30:47,675 INFO     Evaluating the model... (0/44)
2024-01-30 01:30:51,177 INFO     AC_test.txt
2024-01-30 01:30:51,177 INFO     Test ******* Model DistMult ****  at step 79999: 1.000000
2024-01-30 01:30:51,177 INFO     Test MRR at step 79999: 0.155335
2024-01-30 01:30:51,177 INFO     Test MR at step 79999: 4002.441860
2024-01-30 01:30:51,177 INFO     Test HITS@1 at step 79999: 0.078488
2024-01-30 01:30:51,178 INFO     Test HITS@3 at step 79999: 0.159884
2024-01-30 01:30:51,178 INFO     Test HITS@10 at step 79999: 0.319767
################################################## 
 ################################################## 
Print the evaluation logs for every relation:
2024-01-30 01:30:51,178 INFO     _has_part: 
2024-01-30 01:30:51,178 INFO     Test ******* Model DistMult ****  at step 79999: 1.000000
2024-01-30 01:30:51,178 INFO     Test MRR at step 79999: 0.155335
2024-01-30 01:30:51,178 INFO     Test MR at step 79999: 4002.441860
2024-01-30 01:30:51,178 INFO     Test HITS@1 at step 79999: 0.078488
2024-01-30 01:30:51,178 INFO     Test HITS@3 at step 79999: 0.159884
2024-01-30 01:30:51,178 INFO     Test HITS@10 at step 79999: 0.319767
2024-01-30 01:30:52,075 INFO     Evaluating the model... (0/492)
2024-01-30 01:31:25,750 INFO     Aa_test.txt
2024-01-30 01:31:25,751 INFO     Test ******* Model DistMult ****  at step 79999: 1.000000
2024-01-30 01:31:25,751 INFO     Test MRR at step 79999: 0.142161
2024-01-30 01:31:25,751 INFO     Test MR at step 79999: 7476.419725
2024-01-30 01:31:25,751 INFO     Test HITS@1 at step 79999: 0.077982
2024-01-30 01:31:25,751 INFO     Test HITS@3 at step 79999: 0.158257
2024-01-30 01:31:25,751 INFO     Test HITS@10 at step 79999: 0.279052
################################################## 
 ################################################## 
Print the evaluation logs for every relation:
2024-01-30 01:31:25,751 INFO     _member_of_domain_usage: 
2024-01-30 01:31:25,751 INFO     Test ******* Model DistMult ****  at step 79999: 1.000000
2024-01-30 01:31:25,751 INFO     Test MRR at step 79999: 0.235681
2024-01-30 01:31:25,751 INFO     Test MR at step 79999: 10221.291667
2024-01-30 01:31:25,751 INFO     Test HITS@1 at step 79999: 0.208333
2024-01-30 01:31:25,751 INFO     Test HITS@3 at step 79999: 0.250000
2024-01-30 01:31:25,751 INFO     Test HITS@10 at step 79999: 0.270833
2024-01-30 01:31:25,751 INFO     _member_of_domain_region: 
2024-01-30 01:31:25,751 INFO     Test ******* Model DistMult ****  at step 79999: 1.000000
2024-01-30 01:31:25,752 INFO     Test MRR at step 79999: 0.157004
2024-01-30 01:31:25,752 INFO     Test MR at step 79999: 16610.115385
2024-01-30 01:31:25,752 INFO     Test HITS@1 at step 79999: 0.115385
2024-01-30 01:31:25,752 INFO     Test HITS@3 at step 79999: 0.173077
2024-01-30 01:31:25,752 INFO     Test HITS@10 at step 79999: 0.269231
2024-01-30 01:31:25,752 INFO     _member_meronym: 
2024-01-30 01:31:25,752 INFO     Test ******* Model DistMult ****  at step 79999: 1.000000
2024-01-30 01:31:25,752 INFO     Test MRR at step 79999: 0.158596
2024-01-30 01:31:25,752 INFO     Test MR at step 79999: 1846.608696
2024-01-30 01:31:25,752 INFO     Test HITS@1 at step 79999: 0.061265
2024-01-30 01:31:25,752 INFO     Test HITS@3 at step 79999: 0.191700
2024-01-30 01:31:25,752 INFO     Test HITS@10 at step 79999: 0.353755
2024-01-30 01:31:25,752 INFO     _hypernym: 
2024-01-30 01:31:25,752 INFO     Test ******* Model DistMult ****  at step 79999: 1.000000
2024-01-30 01:31:25,752 INFO     Test MRR at step 79999: 0.094112
2024-01-30 01:31:25,753 INFO     Test MR at step 79999: 9186.467626
2024-01-30 01:31:25,753 INFO     Test HITS@1 at step 79999: 0.037170
2024-01-30 01:31:25,753 INFO     Test HITS@3 at step 79999: 0.105915
2024-01-30 01:31:25,753 INFO     Test HITS@10 at step 79999: 0.219824
2024-01-30 01:31:25,753 INFO     _has_part: 
2024-01-30 01:31:25,753 INFO     Test ******* Model DistMult ****  at step 79999: 1.000000
2024-01-30 01:31:25,753 INFO     Test MRR at step 79999: 0.155335
2024-01-30 01:31:25,753 INFO     Test MR at step 79999: 4002.441860
2024-01-30 01:31:25,753 INFO     Test HITS@1 at step 79999: 0.078488
2024-01-30 01:31:25,753 INFO     Test HITS@3 at step 79999: 0.159884
2024-01-30 01:31:25,753 INFO     Test HITS@10 at step 79999: 0.319767
2024-01-30 01:31:25,753 INFO     _instance_hypernym: 
2024-01-30 01:31:25,753 INFO     Test ******* Model DistMult ****  at step 79999: 1.000000
2024-01-30 01:31:25,753 INFO     Test MRR at step 79999: 0.359037
2024-01-30 01:31:25,753 INFO     Test MR at step 79999: 3926.856557
2024-01-30 01:31:25,753 INFO     Test HITS@1 at step 79999: 0.278689
2024-01-30 01:31:25,754 INFO     Test HITS@3 at step 79999: 0.401639
2024-01-30 01:31:25,754 INFO     Test HITS@10 at step 79999: 0.520492
2024-01-30 01:31:25,754 INFO     _synset_domain_topic_of: 
2024-01-30 01:31:25,754 INFO     Test ******* Model DistMult ****  at step 79999: 1.000000
2024-01-30 01:31:25,754 INFO     Test MRR at step 79999: 0.357909
2024-01-30 01:31:25,754 INFO     Test MR at step 79999: 7584.228070
2024-01-30 01:31:25,754 INFO     Test HITS@1 at step 79999: 0.311404
2024-01-30 01:31:25,754 INFO     Test HITS@3 at step 79999: 0.372807
2024-01-30 01:31:25,754 INFO     Test HITS@10 at step 79999: 0.447368
