1.10.2
Start Evaluation on Test Data Set......
2024-01-30 01:23:04,865 INFO     Model: ComplEx
2024-01-30 01:23:04,865 INFO     Data Path: data/wn18rr
2024-01-30 01:23:04,865 INFO     #entity: 40943
2024-01-30 01:23:04,865 INFO     #relation: 11
2024-01-30 01:23:05,073 INFO     #train: 86835
2024-01-30 01:23:05,079 INFO     #valid: 3034
2024-01-30 01:23:05,086 INFO     #test: 3134
2024-01-30 01:23:05,086 INFO     C_test.txt#test: 0
2024-01-30 01:23:05,087 INFO     Cc_test.txt#test: 172
2024-01-30 01:23:05,090 INFO     S_test.txt#test: 1116
2024-01-30 01:23:05,094 INFO     A_test.txt#test: 1790
2024-01-30 01:23:05,094 INFO     AS_test.txt#test: 0
2024-01-30 01:23:05,094 INFO     CS_test.txt#test: 0
2024-01-30 01:23:05,097 INFO     Ss_test.txt#test: 1116
2024-01-30 01:23:05,098 INFO     ACS_test.txt#test: 0
2024-01-30 01:23:05,098 INFO     AC_test.txt#test: 172
2024-01-30 01:23:05,103 INFO     Aa_test.txt#test: 1962
2024-01-30 01:23:05,538 INFO     Model Parameter Configuration:
2024-01-30 01:23:05,538 INFO     Parameter gamma: torch.Size([1]), require_grad = False
2024-01-30 01:23:05,538 INFO     Parameter embedding_range: torch.Size([1]), require_grad = False
2024-01-30 01:23:05,538 INFO     Parameter entity_embedding: torch.Size([40943, 1000]), require_grad = True
2024-01-30 01:23:05,538 INFO     Parameter relation_embedding: torch.Size([11, 1000]), require_grad = True
2024-01-30 01:23:10,060 INFO     Loading checkpoint models/ComplEx_wn18rr_CoWR...
2024-01-30 01:23:10,282 INFO     Start Training...
2024-01-30 01:23:10,282 INFO     init_step = 79999
2024-01-30 01:23:10,282 INFO     batch_size = 1024
2024-01-30 01:23:10,282 INFO     negative_adversarial_sampling = 0
2024-01-30 01:23:10,283 INFO     hidden_dim = 500
2024-01-30 01:23:10,283 INFO     gamma = 12.000000
2024-01-30 01:23:10,283 INFO     negative_sample_size = 128
2024-01-30 01:23:10,283 INFO     negative_adversarial_sampling = False
2024-01-30 01:23:10,283 INFO     learning_rate = 0.000200
2024-01-30 01:23:11,894 INFO     Evaluating on Valid Dataset...
2024-01-30 01:23:12,921 INFO     Evaluating the model... (0/760)
2024-01-30 01:24:10,882 INFO     Valid ******* Model ComplEx ****  at step 79999: 1.000000
2024-01-30 01:24:10,882 INFO     Valid MRR at step 79999: 0.468150
2024-01-30 01:24:10,882 INFO     Valid MR at step 79999: 5157.596407
2024-01-30 01:24:10,882 INFO     Valid HITS@1 at step 79999: 0.428642
2024-01-30 01:24:10,882 INFO     Valid HITS@3 at step 79999: 0.481872
2024-01-30 01:24:10,882 INFO     Valid HITS@10 at step 79999: 0.549275
2024-01-30 01:24:10,882 INFO     Evaluating on Test Dataset...
2024-01-30 01:24:11,852 INFO     Evaluating the model... (0/784)
2024-01-30 01:25:12,065 INFO     Test ******* Model ComplEx ****  at step 79999: 1.000000
2024-01-30 01:25:12,066 INFO     Test MRR at step 79999: 0.467607
2024-01-30 01:25:12,066 INFO     Test MR at step 79999: 5436.068443
2024-01-30 01:25:12,066 INFO     Test HITS@1 at step 79999: 0.425175
2024-01-30 01:25:12,066 INFO     Test HITS@3 at step 79999: 0.485163
2024-01-30 01:25:12,066 INFO     Test HITS@10 at step 79999: 0.553446
################################################## 
 ################################################## 
Print the evaluation logs for every relation:
2024-01-30 01:25:12,066 INFO     _member_of_domain_usage: 
2024-01-30 01:25:12,066 INFO     Test ******* Model ComplEx ****  at step 79999: 1.000000
2024-01-30 01:25:12,066 INFO     Test MRR at step 79999: 0.195308
2024-01-30 01:25:12,066 INFO     Test MR at step 79999: 16264.083333
2024-01-30 01:25:12,066 INFO     Test HITS@1 at step 79999: 0.187500
2024-01-30 01:25:12,066 INFO     Test HITS@3 at step 79999: 0.187500
2024-01-30 01:25:12,066 INFO     Test HITS@10 at step 79999: 0.208333
2024-01-30 01:25:12,067 INFO     _verb_group: 
2024-01-30 01:25:12,067 INFO     Test ******* Model ComplEx ****  at step 79999: 1.000000
2024-01-30 01:25:12,067 INFO     Test MRR at step 79999: 0.942316
2024-01-30 01:25:12,067 INFO     Test MR at step 79999: 153.243590
2024-01-30 01:25:12,067 INFO     Test HITS@1 at step 79999: 0.910256
2024-01-30 01:25:12,067 INFO     Test HITS@3 at step 79999: 0.974359
2024-01-30 01:25:12,067 INFO     Test HITS@10 at step 79999: 0.974359
2024-01-30 01:25:12,067 INFO     _member_of_domain_region: 
2024-01-30 01:25:12,067 INFO     Test ******* Model ComplEx ****  at step 79999: 1.000000
2024-01-30 01:25:12,067 INFO     Test MRR at step 79999: 0.146470
2024-01-30 01:25:12,067 INFO     Test MR at step 79999: 16290.596154
2024-01-30 01:25:12,067 INFO     Test HITS@1 at step 79999: 0.115385
2024-01-30 01:25:12,067 INFO     Test HITS@3 at step 79999: 0.153846
2024-01-30 01:25:12,067 INFO     Test HITS@10 at step 79999: 0.230769
2024-01-30 01:25:12,067 INFO     _member_meronym: 
2024-01-30 01:25:12,068 INFO     Test ******* Model ComplEx ****  at step 79999: 1.000000
2024-01-30 01:25:12,068 INFO     Test MRR at step 79999: 0.238499
2024-01-30 01:25:12,068 INFO     Test MR at step 79999: 1907.245059
2024-01-30 01:25:12,068 INFO     Test HITS@1 at step 79999: 0.154150
2024-01-30 01:25:12,068 INFO     Test HITS@3 at step 79999: 0.258893
2024-01-30 01:25:12,068 INFO     Test HITS@10 at step 79999: 0.411067
2024-01-30 01:25:12,068 INFO     _hypernym: 
2024-01-30 01:25:12,068 INFO     Test ******* Model ComplEx ****  at step 79999: 1.000000
2024-01-30 01:25:12,068 INFO     Test MRR at step 79999: 0.141918
2024-01-30 01:25:12,068 INFO     Test MR at step 79999: 10124.382494
2024-01-30 01:25:12,068 INFO     Test HITS@1 at step 79999: 0.084732
2024-01-30 01:25:12,068 INFO     Test HITS@3 at step 79999: 0.161871
2024-01-30 01:25:12,068 INFO     Test HITS@10 at step 79999: 0.262190
2024-01-30 01:25:12,068 INFO     _has_part: 
2024-01-30 01:25:12,069 INFO     Test ******* Model ComplEx ****  at step 79999: 1.000000
2024-01-30 01:25:12,069 INFO     Test MRR at step 79999: 0.217362
2024-01-30 01:25:12,069 INFO     Test MR at step 79999: 5261.912791
2024-01-30 01:25:12,069 INFO     Test HITS@1 at step 79999: 0.162791
2024-01-30 01:25:12,069 INFO     Test HITS@3 at step 79999: 0.235465
2024-01-30 01:25:12,069 INFO     Test HITS@10 at step 79999: 0.337209
2024-01-30 01:25:12,069 INFO     _derivationally_related_form: 
2024-01-30 01:25:12,069 INFO     Test ******* Model ComplEx ****  at step 79999: 1.000000
2024-01-30 01:25:12,069 INFO     Test MRR at step 79999: 0.960120
2024-01-30 01:25:12,069 INFO     Test MR at step 79999: 340.194600
2024-01-30 01:25:12,069 INFO     Test HITS@1 at step 79999: 0.953445
2024-01-30 01:25:12,069 INFO     Test HITS@3 at step 79999: 0.966015
2024-01-30 01:25:12,069 INFO     Test HITS@10 at step 79999: 0.972533
2024-01-30 01:25:12,069 INFO     _also_see: 
2024-01-30 01:25:12,069 INFO     Test ******* Model ComplEx ****  at step 79999: 1.000000
2024-01-30 01:25:12,070 INFO     Test MRR at step 79999: 0.567107
2024-01-30 01:25:12,070 INFO     Test MR at step 79999: 4702.517857
2024-01-30 01:25:12,070 INFO     Test HITS@1 at step 79999: 0.491071
2024-01-30 01:25:12,070 INFO     Test HITS@3 at step 79999: 0.607143
2024-01-30 01:25:12,070 INFO     Test HITS@10 at step 79999: 0.696429
2024-01-30 01:25:12,070 INFO     _instance_hypernym: 
2024-01-30 01:25:12,070 INFO     Test ******* Model ComplEx ****  at step 79999: 1.000000
2024-01-30 01:25:12,070 INFO     Test MRR at step 79999: 0.349512
2024-01-30 01:25:12,070 INFO     Test MR at step 79999: 4489.963115
2024-01-30 01:25:12,070 INFO     Test HITS@1 at step 79999: 0.250000
2024-01-30 01:25:12,070 INFO     Test HITS@3 at step 79999: 0.426230
2024-01-30 01:25:12,070 INFO     Test HITS@10 at step 79999: 0.516393
2024-01-30 01:25:12,070 INFO     _synset_domain_topic_of: 
2024-01-30 01:25:12,070 INFO     Test ******* Model ComplEx ****  at step 79999: 1.000000
2024-01-30 01:25:12,070 INFO     Test MRR at step 79999: 0.319313
2024-01-30 01:25:12,071 INFO     Test MR at step 79999: 8658.732456
2024-01-30 01:25:12,071 INFO     Test HITS@1 at step 79999: 0.276316
2024-01-30 01:25:12,071 INFO     Test HITS@3 at step 79999: 0.342105
2024-01-30 01:25:12,071 INFO     Test HITS@10 at step 79999: 0.403509
2024-01-30 01:25:12,071 INFO     _similar_to: 
2024-01-30 01:25:12,071 INFO     Test ******* Model ComplEx ****  at step 79999: 1.000000
2024-01-30 01:25:12,071 INFO     Test MRR at step 79999: 1.000000
2024-01-30 01:25:12,071 INFO     Test MR at step 79999: 1.000000
2024-01-30 01:25:12,071 INFO     Test HITS@1 at step 79999: 1.000000
2024-01-30 01:25:12,071 INFO     Test HITS@3 at step 79999: 1.000000
2024-01-30 01:25:12,071 INFO     Test HITS@10 at step 79999: 1.000000
2024-01-30 01:25:12,071 INFO     Evaluating on sub_Test Dataset...
2024-01-30 01:25:13,031 INFO     Evaluating the model... (0/44)
2024-01-30 01:25:16,871 INFO     Cc_test.txt
2024-01-30 01:25:16,871 INFO     Test ******* Model ComplEx ****  at step 79999: 1.000000
2024-01-30 01:25:16,871 INFO     Test MRR at step 79999: 0.217362
2024-01-30 01:25:16,871 INFO     Test MR at step 79999: 5261.912791
2024-01-30 01:25:16,871 INFO     Test HITS@1 at step 79999: 0.162791
2024-01-30 01:25:16,871 INFO     Test HITS@3 at step 79999: 0.235465
2024-01-30 01:25:16,871 INFO     Test HITS@10 at step 79999: 0.337209
################################################## 
 ################################################## 
Print the evaluation logs for every relation:
2024-01-30 01:25:16,871 INFO     _has_part: 
2024-01-30 01:25:16,872 INFO     Test ******* Model ComplEx ****  at step 79999: 1.000000
2024-01-30 01:25:16,872 INFO     Test MRR at step 79999: 0.217362
2024-01-30 01:25:16,872 INFO     Test MR at step 79999: 5261.912791
2024-01-30 01:25:16,872 INFO     Test HITS@1 at step 79999: 0.162791
2024-01-30 01:25:16,872 INFO     Test HITS@3 at step 79999: 0.235465
2024-01-30 01:25:16,872 INFO     Test HITS@10 at step 79999: 0.337209
2024-01-30 01:25:17,848 INFO     Evaluating the model... (0/280)
2024-01-30 01:25:39,225 INFO     S_test.txt
2024-01-30 01:25:39,225 INFO     Test ******* Model ComplEx ****  at step 79999: 1.000000
2024-01-30 01:25:39,226 INFO     Test MRR at step 79999: 0.959605
2024-01-30 01:25:39,226 INFO     Test MR at step 79999: 332.749552
2024-01-30 01:25:39,226 INFO     Test HITS@1 at step 79999: 0.952061
2024-01-30 01:25:39,226 INFO     Test HITS@3 at step 79999: 0.966398
2024-01-30 01:25:39,226 INFO     Test HITS@10 at step 79999: 0.972670
################################################## 
 ################################################## 
Print the evaluation logs for every relation:
2024-01-30 01:25:39,226 INFO     _verb_group: 
2024-01-30 01:25:39,226 INFO     Test ******* Model ComplEx ****  at step 79999: 1.000000
2024-01-30 01:25:39,226 INFO     Test MRR at step 79999: 0.942316
2024-01-30 01:25:39,226 INFO     Test MR at step 79999: 153.243590
2024-01-30 01:25:39,226 INFO     Test HITS@1 at step 79999: 0.910256
2024-01-30 01:25:39,226 INFO     Test HITS@3 at step 79999: 0.974359
2024-01-30 01:25:39,226 INFO     Test HITS@10 at step 79999: 0.974359
2024-01-30 01:25:39,226 INFO     _derivationally_related_form: 
2024-01-30 01:25:39,226 INFO     Test ******* Model ComplEx ****  at step 79999: 1.000000
2024-01-30 01:25:39,227 INFO     Test MRR at step 79999: 0.960120
2024-01-30 01:25:39,227 INFO     Test MR at step 79999: 340.194600
2024-01-30 01:25:39,227 INFO     Test HITS@1 at step 79999: 0.953445
2024-01-30 01:25:39,227 INFO     Test HITS@3 at step 79999: 0.966015
2024-01-30 01:25:39,227 INFO     Test HITS@10 at step 79999: 0.972533
2024-01-30 01:25:39,227 INFO     _similar_to: 
2024-01-30 01:25:39,227 INFO     Test ******* Model ComplEx ****  at step 79999: 1.000000
2024-01-30 01:25:39,227 INFO     Test MRR at step 79999: 1.000000
2024-01-30 01:25:39,227 INFO     Test MR at step 79999: 1.000000
2024-01-30 01:25:39,227 INFO     Test HITS@1 at step 79999: 1.000000
2024-01-30 01:25:39,227 INFO     Test HITS@3 at step 79999: 1.000000
2024-01-30 01:25:39,227 INFO     Test HITS@10 at step 79999: 1.000000
2024-01-30 01:25:40,157 INFO     Evaluating the model... (0/448)
2024-01-30 01:26:14,008 INFO     A_test.txt
2024-01-30 01:26:14,008 INFO     Test ******* Model ComplEx ****  at step 79999: 1.000000
2024-01-30 01:26:14,008 INFO     Test MRR at step 79999: 0.181798
2024-01-30 01:26:14,008 INFO     Test MR at step 79999: 8657.486034
2024-01-30 01:26:14,008 INFO     Test HITS@1 at step 79999: 0.119832
2024-01-30 01:26:14,009 INFO     Test HITS@3 at step 79999: 0.205307
2024-01-30 01:26:14,009 INFO     Test HITS@10 at step 79999: 0.308380
################################################## 
 ################################################## 
Print the evaluation logs for every relation:
2024-01-30 01:26:14,009 INFO     _member_of_domain_usage: 
2024-01-30 01:26:14,009 INFO     Test ******* Model ComplEx ****  at step 79999: 1.000000
2024-01-30 01:26:14,009 INFO     Test MRR at step 79999: 0.195308
2024-01-30 01:26:14,009 INFO     Test MR at step 79999: 16264.083333
2024-01-30 01:26:14,009 INFO     Test HITS@1 at step 79999: 0.187500
2024-01-30 01:26:14,009 INFO     Test HITS@3 at step 79999: 0.187500
2024-01-30 01:26:14,009 INFO     Test HITS@10 at step 79999: 0.208333
2024-01-30 01:26:14,009 INFO     _member_of_domain_region: 
2024-01-30 01:26:14,009 INFO     Test ******* Model ComplEx ****  at step 79999: 1.000000
2024-01-30 01:26:14,009 INFO     Test MRR at step 79999: 0.146470
2024-01-30 01:26:14,009 INFO     Test MR at step 79999: 16290.596154
2024-01-30 01:26:14,009 INFO     Test HITS@1 at step 79999: 0.115385
2024-01-30 01:26:14,010 INFO     Test HITS@3 at step 79999: 0.153846
2024-01-30 01:26:14,010 INFO     Test HITS@10 at step 79999: 0.230769
2024-01-30 01:26:14,010 INFO     _member_meronym: 
2024-01-30 01:26:14,010 INFO     Test ******* Model ComplEx ****  at step 79999: 1.000000
2024-01-30 01:26:14,010 INFO     Test MRR at step 79999: 0.238499
2024-01-30 01:26:14,010 INFO     Test MR at step 79999: 1907.245059
2024-01-30 01:26:14,010 INFO     Test HITS@1 at step 79999: 0.154150
2024-01-30 01:26:14,010 INFO     Test HITS@3 at step 79999: 0.258893
2024-01-30 01:26:14,010 INFO     Test HITS@10 at step 79999: 0.411067
2024-01-30 01:26:14,010 INFO     _hypernym: 
2024-01-30 01:26:14,010 INFO     Test ******* Model ComplEx ****  at step 79999: 1.000000
2024-01-30 01:26:14,010 INFO     Test MRR at step 79999: 0.141918
2024-01-30 01:26:14,010 INFO     Test MR at step 79999: 10124.382494
2024-01-30 01:26:14,010 INFO     Test HITS@1 at step 79999: 0.084732
2024-01-30 01:26:14,011 INFO     Test HITS@3 at step 79999: 0.161871
2024-01-30 01:26:14,011 INFO     Test HITS@10 at step 79999: 0.262190
2024-01-30 01:26:14,011 INFO     _instance_hypernym: 
2024-01-30 01:26:14,011 INFO     Test ******* Model ComplEx ****  at step 79999: 1.000000
2024-01-30 01:26:14,011 INFO     Test MRR at step 79999: 0.349512
2024-01-30 01:26:14,011 INFO     Test MR at step 79999: 4489.963115
2024-01-30 01:26:14,011 INFO     Test HITS@1 at step 79999: 0.250000
2024-01-30 01:26:14,011 INFO     Test HITS@3 at step 79999: 0.426230
2024-01-30 01:26:14,011 INFO     Test HITS@10 at step 79999: 0.516393
2024-01-30 01:26:14,011 INFO     _synset_domain_topic_of: 
2024-01-30 01:26:14,011 INFO     Test ******* Model ComplEx ****  at step 79999: 1.000000
2024-01-30 01:26:14,011 INFO     Test MRR at step 79999: 0.319313
2024-01-30 01:26:14,011 INFO     Test MR at step 79999: 8658.732456
2024-01-30 01:26:14,011 INFO     Test HITS@1 at step 79999: 0.276316
2024-01-30 01:26:14,011 INFO     Test HITS@3 at step 79999: 0.342105
2024-01-30 01:26:14,012 INFO     Test HITS@10 at step 79999: 0.403509
2024-01-30 01:26:14,906 INFO     Evaluating the model... (0/280)
2024-01-30 01:26:36,752 INFO     Ss_test.txt
2024-01-30 01:26:36,752 INFO     Test ******* Model ComplEx ****  at step 79999: 1.000000
2024-01-30 01:26:36,752 INFO     Test MRR at step 79999: 0.959605
2024-01-30 01:26:36,753 INFO     Test MR at step 79999: 332.749552
2024-01-30 01:26:36,753 INFO     Test HITS@1 at step 79999: 0.952061
2024-01-30 01:26:36,753 INFO     Test HITS@3 at step 79999: 0.966398
2024-01-30 01:26:36,753 INFO     Test HITS@10 at step 79999: 0.972670
################################################## 
 ################################################## 
Print the evaluation logs for every relation:
2024-01-30 01:26:36,753 INFO     _verb_group: 
2024-01-30 01:26:36,753 INFO     Test ******* Model ComplEx ****  at step 79999: 1.000000
2024-01-30 01:26:36,753 INFO     Test MRR at step 79999: 0.942316
2024-01-30 01:26:36,753 INFO     Test MR at step 79999: 153.243590
2024-01-30 01:26:36,753 INFO     Test HITS@1 at step 79999: 0.910256
2024-01-30 01:26:36,753 INFO     Test HITS@3 at step 79999: 0.974359
2024-01-30 01:26:36,753 INFO     Test HITS@10 at step 79999: 0.974359
2024-01-30 01:26:36,753 INFO     _derivationally_related_form: 
2024-01-30 01:26:36,753 INFO     Test ******* Model ComplEx ****  at step 79999: 1.000000
2024-01-30 01:26:36,753 INFO     Test MRR at step 79999: 0.960120
2024-01-30 01:26:36,754 INFO     Test MR at step 79999: 340.194600
2024-01-30 01:26:36,754 INFO     Test HITS@1 at step 79999: 0.953445
2024-01-30 01:26:36,754 INFO     Test HITS@3 at step 79999: 0.966015
2024-01-30 01:26:36,754 INFO     Test HITS@10 at step 79999: 0.972533
2024-01-30 01:26:36,754 INFO     _similar_to: 
2024-01-30 01:26:36,754 INFO     Test ******* Model ComplEx ****  at step 79999: 1.000000
2024-01-30 01:26:36,754 INFO     Test MRR at step 79999: 1.000000
2024-01-30 01:26:36,754 INFO     Test MR at step 79999: 1.000000
2024-01-30 01:26:36,754 INFO     Test HITS@1 at step 79999: 1.000000
2024-01-30 01:26:36,754 INFO     Test HITS@3 at step 79999: 1.000000
2024-01-30 01:26:36,754 INFO     Test HITS@10 at step 79999: 1.000000
2024-01-30 01:26:37,586 INFO     Evaluating the model... (0/44)
2024-01-30 01:26:41,453 INFO     AC_test.txt
2024-01-30 01:26:41,453 INFO     Test ******* Model ComplEx ****  at step 79999: 1.000000
2024-01-30 01:26:41,453 INFO     Test MRR at step 79999: 0.217362
2024-01-30 01:26:41,453 INFO     Test MR at step 79999: 5261.912791
2024-01-30 01:26:41,453 INFO     Test HITS@1 at step 79999: 0.162791
2024-01-30 01:26:41,453 INFO     Test HITS@3 at step 79999: 0.235465
2024-01-30 01:26:41,453 INFO     Test HITS@10 at step 79999: 0.337209
################################################## 
 ################################################## 
Print the evaluation logs for every relation:
2024-01-30 01:26:41,453 INFO     _has_part: 
2024-01-30 01:26:41,453 INFO     Test ******* Model ComplEx ****  at step 79999: 1.000000
2024-01-30 01:26:41,454 INFO     Test MRR at step 79999: 0.217362
2024-01-30 01:26:41,454 INFO     Test MR at step 79999: 5261.912791
2024-01-30 01:26:41,454 INFO     Test HITS@1 at step 79999: 0.162791
2024-01-30 01:26:41,454 INFO     Test HITS@3 at step 79999: 0.235465
2024-01-30 01:26:41,454 INFO     Test HITS@10 at step 79999: 0.337209
2024-01-30 01:26:42,423 INFO     Evaluating the model... (0/492)
2024-01-30 01:27:19,867 INFO     Aa_test.txt
2024-01-30 01:27:19,868 INFO     Test ******* Model ComplEx ****  at step 79999: 1.000000
2024-01-30 01:27:19,868 INFO     Test MRR at step 79999: 0.184915
2024-01-30 01:27:19,868 INFO     Test MR at step 79999: 8359.810907
2024-01-30 01:27:19,868 INFO     Test HITS@1 at step 79999: 0.123598
2024-01-30 01:27:19,868 INFO     Test HITS@3 at step 79999: 0.207951
2024-01-30 01:27:19,868 INFO     Test HITS@10 at step 79999: 0.310907
################################################## 
 ################################################## 
Print the evaluation logs for every relation:
2024-01-30 01:27:19,868 INFO     _member_of_domain_usage: 
2024-01-30 01:27:19,868 INFO     Test ******* Model ComplEx ****  at step 79999: 1.000000
2024-01-30 01:27:19,868 INFO     Test MRR at step 79999: 0.195308
2024-01-30 01:27:19,868 INFO     Test MR at step 79999: 16264.083333
2024-01-30 01:27:19,868 INFO     Test HITS@1 at step 79999: 0.187500
2024-01-30 01:27:19,868 INFO     Test HITS@3 at step 79999: 0.187500
2024-01-30 01:27:19,868 INFO     Test HITS@10 at step 79999: 0.208333
2024-01-30 01:27:19,868 INFO     _member_of_domain_region: 
2024-01-30 01:27:19,869 INFO     Test ******* Model ComplEx ****  at step 79999: 1.000000
2024-01-30 01:27:19,869 INFO     Test MRR at step 79999: 0.146470
2024-01-30 01:27:19,869 INFO     Test MR at step 79999: 16290.596154
2024-01-30 01:27:19,869 INFO     Test HITS@1 at step 79999: 0.115385
2024-01-30 01:27:19,869 INFO     Test HITS@3 at step 79999: 0.153846
2024-01-30 01:27:19,869 INFO     Test HITS@10 at step 79999: 0.230769
2024-01-30 01:27:19,869 INFO     _member_meronym: 
2024-01-30 01:27:19,869 INFO     Test ******* Model ComplEx ****  at step 79999: 1.000000
2024-01-30 01:27:19,869 INFO     Test MRR at step 79999: 0.238499
2024-01-30 01:27:19,869 INFO     Test MR at step 79999: 1907.245059
2024-01-30 01:27:19,869 INFO     Test HITS@1 at step 79999: 0.154150
2024-01-30 01:27:19,869 INFO     Test HITS@3 at step 79999: 0.258893
2024-01-30 01:27:19,869 INFO     Test HITS@10 at step 79999: 0.411067
2024-01-30 01:27:19,869 INFO     _hypernym: 
2024-01-30 01:27:19,869 INFO     Test ******* Model ComplEx ****  at step 79999: 1.000000
2024-01-30 01:27:19,870 INFO     Test MRR at step 79999: 0.141918
2024-01-30 01:27:19,870 INFO     Test MR at step 79999: 10124.382494
2024-01-30 01:27:19,870 INFO     Test HITS@1 at step 79999: 0.084732
2024-01-30 01:27:19,870 INFO     Test HITS@3 at step 79999: 0.161871
2024-01-30 01:27:19,870 INFO     Test HITS@10 at step 79999: 0.262190
2024-01-30 01:27:19,870 INFO     _has_part: 
2024-01-30 01:27:19,870 INFO     Test ******* Model ComplEx ****  at step 79999: 1.000000
2024-01-30 01:27:19,870 INFO     Test MRR at step 79999: 0.217362
2024-01-30 01:27:19,870 INFO     Test MR at step 79999: 5261.912791
2024-01-30 01:27:19,870 INFO     Test HITS@1 at step 79999: 0.162791
2024-01-30 01:27:19,870 INFO     Test HITS@3 at step 79999: 0.235465
2024-01-30 01:27:19,870 INFO     Test HITS@10 at step 79999: 0.337209
2024-01-30 01:27:19,870 INFO     _instance_hypernym: 
2024-01-30 01:27:19,870 INFO     Test ******* Model ComplEx ****  at step 79999: 1.000000
2024-01-30 01:27:19,871 INFO     Test MRR at step 79999: 0.349512
2024-01-30 01:27:19,871 INFO     Test MR at step 79999: 4489.963115
2024-01-30 01:27:19,871 INFO     Test HITS@1 at step 79999: 0.250000
2024-01-30 01:27:19,871 INFO     Test HITS@3 at step 79999: 0.426230
2024-01-30 01:27:19,871 INFO     Test HITS@10 at step 79999: 0.516393
2024-01-30 01:27:19,871 INFO     _synset_domain_topic_of: 
2024-01-30 01:27:19,871 INFO     Test ******* Model ComplEx ****  at step 79999: 1.000000
2024-01-30 01:27:19,871 INFO     Test MRR at step 79999: 0.319313
2024-01-30 01:27:19,871 INFO     Test MR at step 79999: 8658.732456
2024-01-30 01:27:19,871 INFO     Test HITS@1 at step 79999: 0.276316
2024-01-30 01:27:19,871 INFO     Test HITS@3 at step 79999: 0.342105
2024-01-30 01:27:19,871 INFO     Test HITS@10 at step 79999: 0.403509
