1.10.2
Start Evaluation on Test Data Set......
2024-01-28 20:37:58,393 INFO     Model: EllipsE
2024-01-28 20:37:58,394 INFO     Data Path: data/wn18rr
2024-01-28 20:37:58,394 INFO     #entity: 40943
2024-01-28 20:37:58,394 INFO     #relation: 11
2024-01-28 20:37:58,585 INFO     #train: 86835
2024-01-28 20:37:58,591 INFO     #valid: 3034
2024-01-28 20:37:58,597 INFO     #test: 3134
2024-01-28 20:37:58,608 INFO     C_test.txt#test: 0
2024-01-28 20:37:58,621 INFO     Cc_test.txt#test: 172
2024-01-28 20:37:58,636 INFO     S_test.txt#test: 1116
2024-01-28 20:37:58,655 INFO     A_test.txt#test: 1790
2024-01-28 20:37:58,655 INFO     AS_test.txt#test: 0
2024-01-28 20:37:58,656 INFO     CS_test.txt#test: 0
2024-01-28 20:37:58,673 INFO     Ss_test.txt#test: 1116
2024-01-28 20:37:58,673 INFO     ACS_test.txt#test: 0
2024-01-28 20:37:58,691 INFO     AC_test.txt#test: 172
2024-01-28 20:37:58,713 INFO     Aa_test.txt#test: 1962
2024-01-28 20:37:59,118 INFO     Model Parameter Configuration:
2024-01-28 20:37:59,118 INFO     Parameter gamma: torch.Size([1]), require_grad = False
2024-01-28 20:37:59,118 INFO     Parameter embedding_range: torch.Size([1]), require_grad = False
2024-01-28 20:37:59,119 INFO     Parameter entity_embedding: torch.Size([40943, 1000]), require_grad = True
2024-01-28 20:37:59,119 INFO     Parameter relation_embedding: torch.Size([11, 500]), require_grad = True
2024-01-28 20:37:59,119 INFO     Parameter ellipse: torch.Size([1000]), require_grad = True
2024-01-28 20:38:03,242 INFO     Loading checkpoint models/EllipsE_wn18rr_ElWR...
2024-01-28 20:38:05,423 INFO     Start Training...
2024-01-28 20:38:05,423 INFO     init_step = 149999
2024-01-28 20:38:05,423 INFO     batch_size = 1024
2024-01-28 20:38:05,423 INFO     negative_adversarial_sampling = 0
2024-01-28 20:38:05,424 INFO     hidden_dim = 500
2024-01-28 20:38:05,424 INFO     gamma = 12.000000
2024-01-28 20:38:05,424 INFO     negative_sample_size = 128
2024-01-28 20:38:05,424 INFO     negative_adversarial_sampling = False
2024-01-28 20:38:05,424 INFO     learning_rate = 0.000005
2024-01-28 20:38:07,023 INFO     Evaluating on Valid Dataset...
2024-01-28 20:38:08,149 INFO     Evaluating the model... (0/380)
2024-01-28 20:39:09,046 INFO     Valid ******* Model EllipsE ****  at step 149999: 1.000000
2024-01-28 20:39:09,046 INFO     Valid MRR at step 149999: 0.484343
2024-01-28 20:39:09,046 INFO     Valid MR at step 149999: 3880.215557
2024-01-28 20:39:09,046 INFO     Valid HITS@1 at step 149999: 0.439848
2024-01-28 20:39:09,046 INFO     Valid HITS@3 at step 149999: 0.500000
2024-01-28 20:39:09,046 INFO     Valid HITS@10 at step 149999: 0.573830
2024-01-28 20:39:09,046 INFO     Valid EllipsE a mean at step 149999: 1.041543
2024-01-28 20:39:09,046 INFO     Valid EllipsE a std at step 149999: 0.260368
2024-01-28 20:39:09,046 INFO     Valid EllipsE a min at step 149999: -0.000258
2024-01-28 20:39:09,046 INFO     Valid EllipsE a max at step 149999: 2.486791
2024-01-28 20:39:09,046 INFO     Valid EllipsE b mean at step 149999: 0.747882
2024-01-28 20:39:09,046 INFO     Valid EllipsE b std at step 149999: 0.599225
2024-01-28 20:39:09,046 INFO     Valid EllipsE b min at step 149999: -0.000291
2024-01-28 20:39:09,047 INFO     Valid EllipsE b max at step 149999: 2.860031
2024-01-28 20:39:09,047 INFO     Evaluating on Test Dataset...
2024-01-28 20:39:10,345 INFO     Evaluating the model... (0/392)
2024-01-28 20:40:13,422 INFO     Test ******* Model EllipsE ****  at step 149999: 1.000000
2024-01-28 20:40:13,422 INFO     Test MRR at step 149999: 0.482348
2024-01-28 20:40:13,422 INFO     Test MR at step 149999: 3963.667358
2024-01-28 20:40:13,422 INFO     Test HITS@1 at step 149999: 0.436184
2024-01-28 20:40:13,422 INFO     Test HITS@3 at step 149999: 0.500479
2024-01-28 20:40:13,422 INFO     Test HITS@10 at step 149999: 0.572431
2024-01-28 20:40:13,422 INFO     Test EllipsE a mean at step 149999: 1.041543
2024-01-28 20:40:13,422 INFO     Test EllipsE a std at step 149999: 0.260368
2024-01-28 20:40:13,422 INFO     Test EllipsE a min at step 149999: -0.000258
2024-01-28 20:40:13,423 INFO     Test EllipsE a max at step 149999: 2.486791
2024-01-28 20:40:13,423 INFO     Test EllipsE b mean at step 149999: 0.747882
2024-01-28 20:40:13,423 INFO     Test EllipsE b std at step 149999: 0.599225
2024-01-28 20:40:13,423 INFO     Test EllipsE b min at step 149999: -0.000291
2024-01-28 20:40:13,423 INFO     Test EllipsE b max at step 149999: 2.860031
################################################## 
 ################################################## 
Print the evaluation logs for every relation:
2024-01-28 20:40:13,423 INFO     _member_of_domain_usage: 
2024-01-28 20:40:13,423 INFO     Test ******* Model EllipsE ****  at step 149999: 1.000000
2024-01-28 20:40:13,423 INFO     Test MRR at step 149999: 0.324885
2024-01-28 20:40:13,423 INFO     Test MR at step 149999: 8939.729167
2024-01-28 20:40:13,423 INFO     Test HITS@1 at step 149999: 0.291667
2024-01-28 20:40:13,423 INFO     Test HITS@3 at step 149999: 0.354167
2024-01-28 20:40:13,423 INFO     Test HITS@10 at step 149999: 0.395833
2024-01-28 20:40:13,423 INFO     Test EllipsE a mean at step 149999: 1.041543
2024-01-28 20:40:13,423 INFO     Test EllipsE a std at step 149999: 0.260368
2024-01-28 20:40:13,423 INFO     Test EllipsE a min at step 149999: -0.000258
2024-01-28 20:40:13,424 INFO     Test EllipsE a max at step 149999: 2.486791
2024-01-28 20:40:13,424 INFO     Test EllipsE b mean at step 149999: 0.747882
2024-01-28 20:40:13,424 INFO     Test EllipsE b std at step 149999: 0.599225
2024-01-28 20:40:13,424 INFO     Test EllipsE b min at step 149999: -0.000291
2024-01-28 20:40:13,424 INFO     Test EllipsE b max at step 149999: 2.860031
2024-01-28 20:40:13,424 INFO     _verb_group: 
2024-01-28 20:40:13,424 INFO     Test ******* Model EllipsE ****  at step 149999: 1.000000
2024-01-28 20:40:13,424 INFO     Test MRR at step 149999: 0.968391
2024-01-28 20:40:13,424 INFO     Test MR at step 149999: 335.961538
2024-01-28 20:40:13,424 INFO     Test HITS@1 at step 149999: 0.961538
2024-01-28 20:40:13,424 INFO     Test HITS@3 at step 149999: 0.974359
2024-01-28 20:40:13,424 INFO     Test HITS@10 at step 149999: 0.974359
2024-01-28 20:40:13,424 INFO     Test EllipsE a mean at step 149999: 1.041543
2024-01-28 20:40:13,424 INFO     Test EllipsE a std at step 149999: 0.260368
2024-01-28 20:40:13,424 INFO     Test EllipsE a min at step 149999: -0.000258
2024-01-28 20:40:13,424 INFO     Test EllipsE a max at step 149999: 2.486791
2024-01-28 20:40:13,425 INFO     Test EllipsE b mean at step 149999: 0.747882
2024-01-28 20:40:13,425 INFO     Test EllipsE b std at step 149999: 0.599225
2024-01-28 20:40:13,425 INFO     Test EllipsE b min at step 149999: -0.000291
2024-01-28 20:40:13,425 INFO     Test EllipsE b max at step 149999: 2.860031
2024-01-28 20:40:13,425 INFO     _member_of_domain_region: 
2024-01-28 20:40:13,425 INFO     Test ******* Model EllipsE ****  at step 149999: 1.000000
2024-01-28 20:40:13,425 INFO     Test MRR at step 149999: 0.310812
2024-01-28 20:40:13,425 INFO     Test MR at step 149999: 10320.326923
2024-01-28 20:40:13,425 INFO     Test HITS@1 at step 149999: 0.250000
2024-01-28 20:40:13,425 INFO     Test HITS@3 at step 149999: 0.326923
2024-01-28 20:40:13,425 INFO     Test HITS@10 at step 149999: 0.442308
2024-01-28 20:40:13,425 INFO     Test EllipsE a mean at step 149999: 1.041543
2024-01-28 20:40:13,425 INFO     Test EllipsE a std at step 149999: 0.260368
2024-01-28 20:40:13,425 INFO     Test EllipsE a min at step 149999: -0.000258
2024-01-28 20:40:13,425 INFO     Test EllipsE a max at step 149999: 2.486791
2024-01-28 20:40:13,426 INFO     Test EllipsE b mean at step 149999: 0.747882
2024-01-28 20:40:13,426 INFO     Test EllipsE b std at step 149999: 0.599225
2024-01-28 20:40:13,426 INFO     Test EllipsE b min at step 149999: -0.000291
2024-01-28 20:40:13,426 INFO     Test EllipsE b max at step 149999: 2.860031
2024-01-28 20:40:13,426 INFO     _member_meronym: 
2024-01-28 20:40:13,426 INFO     Test ******* Model EllipsE ****  at step 149999: 1.000000
2024-01-28 20:40:13,426 INFO     Test MRR at step 149999: 0.216863
2024-01-28 20:40:13,426 INFO     Test MR at step 149999: 2271.383399
2024-01-28 20:40:13,426 INFO     Test HITS@1 at step 149999: 0.136364
2024-01-28 20:40:13,426 INFO     Test HITS@3 at step 149999: 0.239130
2024-01-28 20:40:13,426 INFO     Test HITS@10 at step 149999: 0.373518
2024-01-28 20:40:13,426 INFO     Test EllipsE a mean at step 149999: 1.041543
2024-01-28 20:40:13,426 INFO     Test EllipsE a std at step 149999: 0.260368
2024-01-28 20:40:13,426 INFO     Test EllipsE a min at step 149999: -0.000258
2024-01-28 20:40:13,426 INFO     Test EllipsE a max at step 149999: 2.486791
2024-01-28 20:40:13,426 INFO     Test EllipsE b mean at step 149999: 0.747882
2024-01-28 20:40:13,427 INFO     Test EllipsE b std at step 149999: 0.599225
2024-01-28 20:40:13,427 INFO     Test EllipsE b min at step 149999: -0.000291
2024-01-28 20:40:13,427 INFO     Test EllipsE b max at step 149999: 2.860031
2024-01-28 20:40:13,427 INFO     _hypernym: 
2024-01-28 20:40:13,427 INFO     Test ******* Model EllipsE ****  at step 149999: 1.000000
2024-01-28 20:40:13,427 INFO     Test MRR at step 149999: 0.171800
2024-01-28 20:40:13,427 INFO     Test MR at step 149999: 7337.895683
2024-01-28 20:40:13,427 INFO     Test HITS@1 at step 149999: 0.107514
2024-01-28 20:40:13,427 INFO     Test HITS@3 at step 149999: 0.195444
2024-01-28 20:40:13,427 INFO     Test HITS@10 at step 149999: 0.300560
2024-01-28 20:40:13,427 INFO     Test EllipsE a mean at step 149999: 1.041543
2024-01-28 20:40:13,427 INFO     Test EllipsE a std at step 149999: 0.260368
2024-01-28 20:40:13,427 INFO     Test EllipsE a min at step 149999: -0.000258
2024-01-28 20:40:13,427 INFO     Test EllipsE a max at step 149999: 2.486791
2024-01-28 20:40:13,427 INFO     Test EllipsE b mean at step 149999: 0.747882
2024-01-28 20:40:13,427 INFO     Test EllipsE b std at step 149999: 0.599225
2024-01-28 20:40:13,428 INFO     Test EllipsE b min at step 149999: -0.000291
2024-01-28 20:40:13,428 INFO     Test EllipsE b max at step 149999: 2.860031
2024-01-28 20:40:13,428 INFO     _has_part: 
2024-01-28 20:40:13,428 INFO     Test ******* Model EllipsE ****  at step 149999: 1.000000
2024-01-28 20:40:13,428 INFO     Test MRR at step 149999: 0.205252
2024-01-28 20:40:13,428 INFO     Test MR at step 149999: 4667.267442
2024-01-28 20:40:13,428 INFO     Test HITS@1 at step 149999: 0.133721
2024-01-28 20:40:13,428 INFO     Test HITS@3 at step 149999: 0.220930
2024-01-28 20:40:13,428 INFO     Test HITS@10 at step 149999: 0.351744
2024-01-28 20:40:13,428 INFO     Test EllipsE a mean at step 149999: 1.041543
2024-01-28 20:40:13,428 INFO     Test EllipsE a std at step 149999: 0.260368
2024-01-28 20:40:13,428 INFO     Test EllipsE a min at step 149999: -0.000258
2024-01-28 20:40:13,428 INFO     Test EllipsE a max at step 149999: 2.486791
2024-01-28 20:40:13,428 INFO     Test EllipsE b mean at step 149999: 0.747882
2024-01-28 20:40:13,428 INFO     Test EllipsE b std at step 149999: 0.599225
2024-01-28 20:40:13,429 INFO     Test EllipsE b min at step 149999: -0.000291
2024-01-28 20:40:13,429 INFO     Test EllipsE b max at step 149999: 2.860031
2024-01-28 20:40:13,429 INFO     _derivationally_related_form: 
2024-01-28 20:40:13,429 INFO     Test ******* Model EllipsE ****  at step 149999: 1.000000
2024-01-28 20:40:13,429 INFO     Test MRR at step 149999: 0.958024
2024-01-28 20:40:13,429 INFO     Test MR at step 149999: 295.763966
2024-01-28 20:40:13,429 INFO     Test HITS@1 at step 149999: 0.951117
2024-01-28 20:40:13,429 INFO     Test HITS@3 at step 149999: 0.963222
2024-01-28 20:40:13,429 INFO     Test HITS@10 at step 149999: 0.968343
2024-01-28 20:40:13,429 INFO     Test EllipsE a mean at step 149999: 1.041543
2024-01-28 20:40:13,429 INFO     Test EllipsE a std at step 149999: 0.260368
2024-01-28 20:40:13,429 INFO     Test EllipsE a min at step 149999: -0.000258
2024-01-28 20:40:13,429 INFO     Test EllipsE a max at step 149999: 2.486791
2024-01-28 20:40:13,429 INFO     Test EllipsE b mean at step 149999: 0.747882
2024-01-28 20:40:13,429 INFO     Test EllipsE b std at step 149999: 0.599225
2024-01-28 20:40:13,429 INFO     Test EllipsE b min at step 149999: -0.000291
2024-01-28 20:40:13,430 INFO     Test EllipsE b max at step 149999: 2.860031
2024-01-28 20:40:13,430 INFO     _also_see: 
2024-01-28 20:40:13,430 INFO     Test ******* Model EllipsE ****  at step 149999: 1.000000
2024-01-28 20:40:13,430 INFO     Test MRR at step 149999: 0.633547
2024-01-28 20:40:13,430 INFO     Test MR at step 149999: 1567.500000
2024-01-28 20:40:13,430 INFO     Test HITS@1 at step 149999: 0.589286
2024-01-28 20:40:13,430 INFO     Test HITS@3 at step 149999: 0.660714
2024-01-28 20:40:13,430 INFO     Test HITS@10 at step 149999: 0.705357
2024-01-28 20:40:13,430 INFO     Test EllipsE a mean at step 149999: 1.041543
2024-01-28 20:40:13,430 INFO     Test EllipsE a std at step 149999: 0.260368
2024-01-28 20:40:13,430 INFO     Test EllipsE a min at step 149999: -0.000258
2024-01-28 20:40:13,430 INFO     Test EllipsE a max at step 149999: 2.486791
2024-01-28 20:40:13,430 INFO     Test EllipsE b mean at step 149999: 0.747882
2024-01-28 20:40:13,430 INFO     Test EllipsE b std at step 149999: 0.599225
2024-01-28 20:40:13,430 INFO     Test EllipsE b min at step 149999: -0.000291
2024-01-28 20:40:13,430 INFO     Test EllipsE b max at step 149999: 2.860031
2024-01-28 20:40:13,431 INFO     _instance_hypernym: 
2024-01-28 20:40:13,431 INFO     Test ******* Model EllipsE ****  at step 149999: 1.000000
2024-01-28 20:40:13,431 INFO     Test MRR at step 149999: 0.333371
2024-01-28 20:40:13,431 INFO     Test MR at step 149999: 2468.581967
2024-01-28 20:40:13,431 INFO     Test HITS@1 at step 149999: 0.233607
2024-01-28 20:40:13,431 INFO     Test HITS@3 at step 149999: 0.385246
2024-01-28 20:40:13,431 INFO     Test HITS@10 at step 149999: 0.540984
2024-01-28 20:40:13,431 INFO     Test EllipsE a mean at step 149999: 1.041543
2024-01-28 20:40:13,431 INFO     Test EllipsE a std at step 149999: 0.260368
2024-01-28 20:40:13,431 INFO     Test EllipsE a min at step 149999: -0.000258
2024-01-28 20:40:13,431 INFO     Test EllipsE a max at step 149999: 2.486791
2024-01-28 20:40:13,431 INFO     Test EllipsE b mean at step 149999: 0.747882
2024-01-28 20:40:13,431 INFO     Test EllipsE b std at step 149999: 0.599225
2024-01-28 20:40:13,431 INFO     Test EllipsE b min at step 149999: -0.000291
2024-01-28 20:40:13,431 INFO     Test EllipsE b max at step 149999: 2.860031
2024-01-28 20:40:13,432 INFO     _synset_domain_topic_of: 
2024-01-28 20:40:13,432 INFO     Test ******* Model EllipsE ****  at step 149999: 1.000000
2024-01-28 20:40:13,432 INFO     Test MRR at step 149999: 0.393646
2024-01-28 20:40:13,432 INFO     Test MR at step 149999: 5810.622807
2024-01-28 20:40:13,432 INFO     Test HITS@1 at step 149999: 0.333333
2024-01-28 20:40:13,432 INFO     Test HITS@3 at step 149999: 0.429825
2024-01-28 20:40:13,432 INFO     Test HITS@10 at step 149999: 0.486842
2024-01-28 20:40:13,432 INFO     Test EllipsE a mean at step 149999: 1.041543
2024-01-28 20:40:13,432 INFO     Test EllipsE a std at step 149999: 0.260368
2024-01-28 20:40:13,432 INFO     Test EllipsE a min at step 149999: -0.000258
2024-01-28 20:40:13,432 INFO     Test EllipsE a max at step 149999: 2.486791
2024-01-28 20:40:13,432 INFO     Test EllipsE b mean at step 149999: 0.747882
2024-01-28 20:40:13,432 INFO     Test EllipsE b std at step 149999: 0.599225
2024-01-28 20:40:13,432 INFO     Test EllipsE b min at step 149999: -0.000291
2024-01-28 20:40:13,432 INFO     Test EllipsE b max at step 149999: 2.860031
2024-01-28 20:40:13,432 INFO     _similar_to: 
2024-01-28 20:40:13,433 INFO     Test ******* Model EllipsE ****  at step 149999: 1.000000
2024-01-28 20:40:13,433 INFO     Test MRR at step 149999: 1.000000
2024-01-28 20:40:13,433 INFO     Test MR at step 149999: 1.000000
2024-01-28 20:40:13,433 INFO     Test HITS@1 at step 149999: 1.000000
2024-01-28 20:40:13,433 INFO     Test HITS@3 at step 149999: 1.000000
2024-01-28 20:40:13,433 INFO     Test HITS@10 at step 149999: 1.000000
2024-01-28 20:40:13,433 INFO     Test EllipsE a mean at step 149999: 1.041543
2024-01-28 20:40:13,433 INFO     Test EllipsE a std at step 149999: 0.260368
2024-01-28 20:40:13,433 INFO     Test EllipsE a min at step 149999: -0.000258
2024-01-28 20:40:13,433 INFO     Test EllipsE a max at step 149999: 2.486791
2024-01-28 20:40:13,433 INFO     Test EllipsE b mean at step 149999: 0.747882
2024-01-28 20:40:13,433 INFO     Test EllipsE b std at step 149999: 0.599225
2024-01-28 20:40:13,433 INFO     Test EllipsE b min at step 149999: -0.000291
2024-01-28 20:40:13,433 INFO     Test EllipsE b max at step 149999: 2.860031
2024-01-28 20:40:13,433 INFO     Evaluating on sub_Test Dataset...
2024-01-28 20:40:14,787 INFO     Evaluating the model... (0/22)
2024-01-28 20:40:18,873 INFO     Cc_test.txt
2024-01-28 20:40:18,873 INFO     Test ******* Model EllipsE ****  at step 149999: 1.000000
2024-01-28 20:40:18,873 INFO     Test MRR at step 149999: 0.205252
2024-01-28 20:40:18,873 INFO     Test MR at step 149999: 4667.267442
2024-01-28 20:40:18,873 INFO     Test HITS@1 at step 149999: 0.133721
2024-01-28 20:40:18,873 INFO     Test HITS@3 at step 149999: 0.220930
2024-01-28 20:40:18,873 INFO     Test HITS@10 at step 149999: 0.351744
2024-01-28 20:40:18,873 INFO     Test EllipsE a mean at step 149999: 1.041543
2024-01-28 20:40:18,874 INFO     Test EllipsE a std at step 149999: 0.260368
2024-01-28 20:40:18,874 INFO     Test EllipsE a min at step 149999: -0.000258
2024-01-28 20:40:18,874 INFO     Test EllipsE a max at step 149999: 2.486791
2024-01-28 20:40:18,874 INFO     Test EllipsE b mean at step 149999: 0.747882
2024-01-28 20:40:18,874 INFO     Test EllipsE b std at step 149999: 0.599225
2024-01-28 20:40:18,874 INFO     Test EllipsE b min at step 149999: -0.000291
2024-01-28 20:40:18,874 INFO     Test EllipsE b max at step 149999: 2.860031
################################################## 
 ################################################## 
Print the evaluation logs for every relation:
2024-01-28 20:40:18,874 INFO     _has_part: 
2024-01-28 20:40:18,874 INFO     Test ******* Model EllipsE ****  at step 149999: 1.000000
2024-01-28 20:40:18,874 INFO     Test MRR at step 149999: 0.205252
2024-01-28 20:40:18,874 INFO     Test MR at step 149999: 4667.267442
2024-01-28 20:40:18,874 INFO     Test HITS@1 at step 149999: 0.133721
2024-01-28 20:40:18,875 INFO     Test HITS@3 at step 149999: 0.220930
2024-01-28 20:40:18,875 INFO     Test HITS@10 at step 149999: 0.351744
2024-01-28 20:40:18,875 INFO     Test EllipsE a mean at step 149999: 1.041543
2024-01-28 20:40:18,875 INFO     Test EllipsE a std at step 149999: 0.260368
2024-01-28 20:40:18,875 INFO     Test EllipsE a min at step 149999: -0.000258
2024-01-28 20:40:18,875 INFO     Test EllipsE a max at step 149999: 2.486791
2024-01-28 20:40:18,875 INFO     Test EllipsE b mean at step 149999: 0.747882
2024-01-28 20:40:18,875 INFO     Test EllipsE b std at step 149999: 0.599225
2024-01-28 20:40:18,875 INFO     Test EllipsE b min at step 149999: -0.000291
2024-01-28 20:40:18,875 INFO     Test EllipsE b max at step 149999: 2.860031
2024-01-28 20:40:19,997 INFO     Evaluating the model... (0/140)
2024-01-28 20:40:43,085 INFO     S_test.txt
2024-01-28 20:40:43,085 INFO     Test ******* Model EllipsE ****  at step 149999: 1.000000
2024-01-28 20:40:43,085 INFO     Test MRR at step 149999: 0.958499
2024-01-28 20:40:43,085 INFO     Test MR at step 149999: 296.376344
2024-01-28 20:40:43,085 INFO     Test HITS@1 at step 149999: 0.951613
2024-01-28 20:40:43,085 INFO     Test HITS@3 at step 149999: 0.963710
2024-01-28 20:40:43,085 INFO     Test HITS@10 at step 149999: 0.968638
2024-01-28 20:40:43,085 INFO     Test EllipsE a mean at step 149999: 1.041543
2024-01-28 20:40:43,085 INFO     Test EllipsE a std at step 149999: 0.260368
2024-01-28 20:40:43,085 INFO     Test EllipsE a min at step 149999: -0.000258
2024-01-28 20:40:43,086 INFO     Test EllipsE a max at step 149999: 2.486791
2024-01-28 20:40:43,086 INFO     Test EllipsE b mean at step 149999: 0.747882
2024-01-28 20:40:43,086 INFO     Test EllipsE b std at step 149999: 0.599225
2024-01-28 20:40:43,086 INFO     Test EllipsE b min at step 149999: -0.000291
2024-01-28 20:40:43,086 INFO     Test EllipsE b max at step 149999: 2.860031
################################################## 
 ################################################## 
Print the evaluation logs for every relation:
2024-01-28 20:40:43,086 INFO     _verb_group: 
2024-01-28 20:40:43,086 INFO     Test ******* Model EllipsE ****  at step 149999: 1.000000
2024-01-28 20:40:43,086 INFO     Test MRR at step 149999: 0.968391
2024-01-28 20:40:43,086 INFO     Test MR at step 149999: 335.961538
2024-01-28 20:40:43,086 INFO     Test HITS@1 at step 149999: 0.961538
2024-01-28 20:40:43,086 INFO     Test HITS@3 at step 149999: 0.974359
2024-01-28 20:40:43,086 INFO     Test HITS@10 at step 149999: 0.974359
2024-01-28 20:40:43,087 INFO     Test EllipsE a mean at step 149999: 1.041543
2024-01-28 20:40:43,087 INFO     Test EllipsE a std at step 149999: 0.260368
2024-01-28 20:40:43,087 INFO     Test EllipsE a min at step 149999: -0.000258
2024-01-28 20:40:43,087 INFO     Test EllipsE a max at step 149999: 2.486791
2024-01-28 20:40:43,087 INFO     Test EllipsE b mean at step 149999: 0.747882
2024-01-28 20:40:43,087 INFO     Test EllipsE b std at step 149999: 0.599225
2024-01-28 20:40:43,087 INFO     Test EllipsE b min at step 149999: -0.000291
2024-01-28 20:40:43,087 INFO     Test EllipsE b max at step 149999: 2.860031
2024-01-28 20:40:43,087 INFO     _derivationally_related_form: 
2024-01-28 20:40:43,087 INFO     Test ******* Model EllipsE ****  at step 149999: 1.000000
2024-01-28 20:40:43,087 INFO     Test MRR at step 149999: 0.958024
2024-01-28 20:40:43,087 INFO     Test MR at step 149999: 295.763966
2024-01-28 20:40:43,088 INFO     Test HITS@1 at step 149999: 0.951117
2024-01-28 20:40:43,088 INFO     Test HITS@3 at step 149999: 0.963222
2024-01-28 20:40:43,088 INFO     Test HITS@10 at step 149999: 0.968343
2024-01-28 20:40:43,088 INFO     Test EllipsE a mean at step 149999: 1.041543
2024-01-28 20:40:43,088 INFO     Test EllipsE a std at step 149999: 0.260368
2024-01-28 20:40:43,088 INFO     Test EllipsE a min at step 149999: -0.000258
2024-01-28 20:40:43,088 INFO     Test EllipsE a max at step 149999: 2.486791
2024-01-28 20:40:43,088 INFO     Test EllipsE b mean at step 149999: 0.747882
2024-01-28 20:40:43,088 INFO     Test EllipsE b std at step 149999: 0.599225
2024-01-28 20:40:43,088 INFO     Test EllipsE b min at step 149999: -0.000291
2024-01-28 20:40:43,088 INFO     Test EllipsE b max at step 149999: 2.860031
2024-01-28 20:40:43,088 INFO     _similar_to: 
2024-01-28 20:40:43,089 INFO     Test ******* Model EllipsE ****  at step 149999: 1.000000
2024-01-28 20:40:43,089 INFO     Test MRR at step 149999: 1.000000
2024-01-28 20:40:43,089 INFO     Test MR at step 149999: 1.000000
2024-01-28 20:40:43,089 INFO     Test HITS@1 at step 149999: 1.000000
2024-01-28 20:40:43,089 INFO     Test HITS@3 at step 149999: 1.000000
2024-01-28 20:40:43,089 INFO     Test HITS@10 at step 149999: 1.000000
2024-01-28 20:40:43,089 INFO     Test EllipsE a mean at step 149999: 1.041543
2024-01-28 20:40:43,089 INFO     Test EllipsE a std at step 149999: 0.260368
2024-01-28 20:40:43,089 INFO     Test EllipsE a min at step 149999: -0.000258
2024-01-28 20:40:43,089 INFO     Test EllipsE a max at step 149999: 2.486791
2024-01-28 20:40:43,089 INFO     Test EllipsE b mean at step 149999: 0.747882
2024-01-28 20:40:43,089 INFO     Test EllipsE b std at step 149999: 0.599225
2024-01-28 20:40:43,090 INFO     Test EllipsE b min at step 149999: -0.000291
2024-01-28 20:40:43,090 INFO     Test EllipsE b max at step 149999: 2.860031
2024-01-28 20:40:44,527 INFO     Evaluating the model... (0/224)
2024-01-28 20:41:20,345 INFO     A_test.txt
2024-01-28 20:41:20,345 INFO     Test ******* Model EllipsE ****  at step 149999: 1.000000
2024-01-28 20:41:20,345 INFO     Test MRR at step 149999: 0.207382
2024-01-28 20:41:20,345 INFO     Test MR at step 149999: 6257.445531
2024-01-28 20:41:20,345 INFO     Test HITS@1 at step 149999: 0.139106
2024-01-28 20:41:20,345 INFO     Test HITS@3 at step 149999: 0.233520
2024-01-28 20:41:20,345 INFO     Test HITS@10 at step 149999: 0.342458
2024-01-28 20:41:20,345 INFO     Test EllipsE a mean at step 149999: 1.041543
2024-01-28 20:41:20,346 INFO     Test EllipsE a std at step 149999: 0.260368
2024-01-28 20:41:20,346 INFO     Test EllipsE a min at step 149999: -0.000258
2024-01-28 20:41:20,346 INFO     Test EllipsE a max at step 149999: 2.486791
2024-01-28 20:41:20,346 INFO     Test EllipsE b mean at step 149999: 0.747882
2024-01-28 20:41:20,346 INFO     Test EllipsE b std at step 149999: 0.599225
2024-01-28 20:41:20,346 INFO     Test EllipsE b min at step 149999: -0.000291
2024-01-28 20:41:20,346 INFO     Test EllipsE b max at step 149999: 2.860031
################################################## 
 ################################################## 
Print the evaluation logs for every relation:
2024-01-28 20:41:20,346 INFO     _member_of_domain_usage: 
2024-01-28 20:41:20,346 INFO     Test ******* Model EllipsE ****  at step 149999: 1.000000
2024-01-28 20:41:20,346 INFO     Test MRR at step 149999: 0.324885
2024-01-28 20:41:20,346 INFO     Test MR at step 149999: 8939.729167
2024-01-28 20:41:20,346 INFO     Test HITS@1 at step 149999: 0.291667
2024-01-28 20:41:20,347 INFO     Test HITS@3 at step 149999: 0.354167
2024-01-28 20:41:20,347 INFO     Test HITS@10 at step 149999: 0.395833
2024-01-28 20:41:20,347 INFO     Test EllipsE a mean at step 149999: 1.041543
2024-01-28 20:41:20,347 INFO     Test EllipsE a std at step 149999: 0.260368
2024-01-28 20:41:20,347 INFO     Test EllipsE a min at step 149999: -0.000258
2024-01-28 20:41:20,347 INFO     Test EllipsE a max at step 149999: 2.486791
2024-01-28 20:41:20,347 INFO     Test EllipsE b mean at step 149999: 0.747882
2024-01-28 20:41:20,347 INFO     Test EllipsE b std at step 149999: 0.599225
2024-01-28 20:41:20,347 INFO     Test EllipsE b min at step 149999: -0.000291
2024-01-28 20:41:20,347 INFO     Test EllipsE b max at step 149999: 2.860031
2024-01-28 20:41:20,347 INFO     _member_of_domain_region: 
2024-01-28 20:41:20,347 INFO     Test ******* Model EllipsE ****  at step 149999: 1.000000
2024-01-28 20:41:20,348 INFO     Test MRR at step 149999: 0.310812
2024-01-28 20:41:20,348 INFO     Test MR at step 149999: 10320.326923
2024-01-28 20:41:20,348 INFO     Test HITS@1 at step 149999: 0.250000
2024-01-28 20:41:20,348 INFO     Test HITS@3 at step 149999: 0.326923
2024-01-28 20:41:20,348 INFO     Test HITS@10 at step 149999: 0.442308
2024-01-28 20:41:20,348 INFO     Test EllipsE a mean at step 149999: 1.041543
2024-01-28 20:41:20,348 INFO     Test EllipsE a std at step 149999: 0.260368
2024-01-28 20:41:20,348 INFO     Test EllipsE a min at step 149999: -0.000258
2024-01-28 20:41:20,348 INFO     Test EllipsE a max at step 149999: 2.486791
2024-01-28 20:41:20,348 INFO     Test EllipsE b mean at step 149999: 0.747882
2024-01-28 20:41:20,348 INFO     Test EllipsE b std at step 149999: 0.599225
2024-01-28 20:41:20,348 INFO     Test EllipsE b min at step 149999: -0.000291
2024-01-28 20:41:20,349 INFO     Test EllipsE b max at step 149999: 2.860031
2024-01-28 20:41:20,349 INFO     _member_meronym: 
2024-01-28 20:41:20,349 INFO     Test ******* Model EllipsE ****  at step 149999: 1.000000
2024-01-28 20:41:20,349 INFO     Test MRR at step 149999: 0.216863
2024-01-28 20:41:20,349 INFO     Test MR at step 149999: 2271.383399
2024-01-28 20:41:20,349 INFO     Test HITS@1 at step 149999: 0.136364
2024-01-28 20:41:20,349 INFO     Test HITS@3 at step 149999: 0.239130
2024-01-28 20:41:20,349 INFO     Test HITS@10 at step 149999: 0.373518
2024-01-28 20:41:20,349 INFO     Test EllipsE a mean at step 149999: 1.041543
2024-01-28 20:41:20,349 INFO     Test EllipsE a std at step 149999: 0.260368
2024-01-28 20:41:20,349 INFO     Test EllipsE a min at step 149999: -0.000258
2024-01-28 20:41:20,349 INFO     Test EllipsE a max at step 149999: 2.486791
2024-01-28 20:41:20,350 INFO     Test EllipsE b mean at step 149999: 0.747882
2024-01-28 20:41:20,350 INFO     Test EllipsE b std at step 149999: 0.599225
2024-01-28 20:41:20,350 INFO     Test EllipsE b min at step 149999: -0.000291
2024-01-28 20:41:20,350 INFO     Test EllipsE b max at step 149999: 2.860031
2024-01-28 20:41:20,350 INFO     _hypernym: 
2024-01-28 20:41:20,350 INFO     Test ******* Model EllipsE ****  at step 149999: 1.000000
2024-01-28 20:41:20,350 INFO     Test MRR at step 149999: 0.171800
2024-01-28 20:41:20,350 INFO     Test MR at step 149999: 7337.895683
2024-01-28 20:41:20,350 INFO     Test HITS@1 at step 149999: 0.107514
2024-01-28 20:41:20,350 INFO     Test HITS@3 at step 149999: 0.195444
2024-01-28 20:41:20,350 INFO     Test HITS@10 at step 149999: 0.300560
2024-01-28 20:41:20,350 INFO     Test EllipsE a mean at step 149999: 1.041543
2024-01-28 20:41:20,351 INFO     Test EllipsE a std at step 149999: 0.260368
2024-01-28 20:41:20,351 INFO     Test EllipsE a min at step 149999: -0.000258
2024-01-28 20:41:20,351 INFO     Test EllipsE a max at step 149999: 2.486791
2024-01-28 20:41:20,351 INFO     Test EllipsE b mean at step 149999: 0.747882
2024-01-28 20:41:20,351 INFO     Test EllipsE b std at step 149999: 0.599225
2024-01-28 20:41:20,351 INFO     Test EllipsE b min at step 149999: -0.000291
2024-01-28 20:41:20,351 INFO     Test EllipsE b max at step 149999: 2.860031
2024-01-28 20:41:20,351 INFO     _instance_hypernym: 
2024-01-28 20:41:20,351 INFO     Test ******* Model EllipsE ****  at step 149999: 1.000000
2024-01-28 20:41:20,351 INFO     Test MRR at step 149999: 0.333371
2024-01-28 20:41:20,351 INFO     Test MR at step 149999: 2468.581967
2024-01-28 20:41:20,351 INFO     Test HITS@1 at step 149999: 0.233607
2024-01-28 20:41:20,352 INFO     Test HITS@3 at step 149999: 0.385246
2024-01-28 20:41:20,352 INFO     Test HITS@10 at step 149999: 0.540984
2024-01-28 20:41:20,352 INFO     Test EllipsE a mean at step 149999: 1.041543
2024-01-28 20:41:20,352 INFO     Test EllipsE a std at step 149999: 0.260368
2024-01-28 20:41:20,352 INFO     Test EllipsE a min at step 149999: -0.000258
2024-01-28 20:41:20,352 INFO     Test EllipsE a max at step 149999: 2.486791
2024-01-28 20:41:20,352 INFO     Test EllipsE b mean at step 149999: 0.747882
2024-01-28 20:41:20,352 INFO     Test EllipsE b std at step 149999: 0.599225
2024-01-28 20:41:20,352 INFO     Test EllipsE b min at step 149999: -0.000291
2024-01-28 20:41:20,352 INFO     Test EllipsE b max at step 149999: 2.860031
2024-01-28 20:41:20,352 INFO     _synset_domain_topic_of: 
2024-01-28 20:41:20,352 INFO     Test ******* Model EllipsE ****  at step 149999: 1.000000
2024-01-28 20:41:20,353 INFO     Test MRR at step 149999: 0.393646
2024-01-28 20:41:20,353 INFO     Test MR at step 149999: 5810.622807
2024-01-28 20:41:20,353 INFO     Test HITS@1 at step 149999: 0.333333
2024-01-28 20:41:20,353 INFO     Test HITS@3 at step 149999: 0.429825
2024-01-28 20:41:20,353 INFO     Test HITS@10 at step 149999: 0.486842
2024-01-28 20:41:20,353 INFO     Test EllipsE a mean at step 149999: 1.041543
2024-01-28 20:41:20,353 INFO     Test EllipsE a std at step 149999: 0.260368
2024-01-28 20:41:20,353 INFO     Test EllipsE a min at step 149999: -0.000258
2024-01-28 20:41:20,353 INFO     Test EllipsE a max at step 149999: 2.486791
2024-01-28 20:41:20,353 INFO     Test EllipsE b mean at step 149999: 0.747882
2024-01-28 20:41:20,353 INFO     Test EllipsE b std at step 149999: 0.599225
2024-01-28 20:41:20,353 INFO     Test EllipsE b min at step 149999: -0.000291
2024-01-28 20:41:20,354 INFO     Test EllipsE b max at step 149999: 2.860031
2024-01-28 20:41:21,508 INFO     Evaluating the model... (0/140)
2024-01-28 20:41:44,510 INFO     Ss_test.txt
2024-01-28 20:41:44,510 INFO     Test ******* Model EllipsE ****  at step 149999: 1.000000
2024-01-28 20:41:44,510 INFO     Test MRR at step 149999: 0.958499
2024-01-28 20:41:44,510 INFO     Test MR at step 149999: 296.376344
2024-01-28 20:41:44,510 INFO     Test HITS@1 at step 149999: 0.951613
2024-01-28 20:41:44,510 INFO     Test HITS@3 at step 149999: 0.963710
2024-01-28 20:41:44,510 INFO     Test HITS@10 at step 149999: 0.968638
2024-01-28 20:41:44,510 INFO     Test EllipsE a mean at step 149999: 1.041543
2024-01-28 20:41:44,510 INFO     Test EllipsE a std at step 149999: 0.260368
2024-01-28 20:41:44,511 INFO     Test EllipsE a min at step 149999: -0.000258
2024-01-28 20:41:44,511 INFO     Test EllipsE a max at step 149999: 2.486791
2024-01-28 20:41:44,511 INFO     Test EllipsE b mean at step 149999: 0.747882
2024-01-28 20:41:44,511 INFO     Test EllipsE b std at step 149999: 0.599225
2024-01-28 20:41:44,511 INFO     Test EllipsE b min at step 149999: -0.000291
2024-01-28 20:41:44,511 INFO     Test EllipsE b max at step 149999: 2.860031
################################################## 
 ################################################## 
Print the evaluation logs for every relation:
2024-01-28 20:41:44,511 INFO     _verb_group: 
2024-01-28 20:41:44,511 INFO     Test ******* Model EllipsE ****  at step 149999: 1.000000
2024-01-28 20:41:44,511 INFO     Test MRR at step 149999: 0.968391
2024-01-28 20:41:44,511 INFO     Test MR at step 149999: 335.961538
2024-01-28 20:41:44,511 INFO     Test HITS@1 at step 149999: 0.961538
2024-01-28 20:41:44,511 INFO     Test HITS@3 at step 149999: 0.974359
2024-01-28 20:41:44,512 INFO     Test HITS@10 at step 149999: 0.974359
2024-01-28 20:41:44,512 INFO     Test EllipsE a mean at step 149999: 1.041543
2024-01-28 20:41:44,512 INFO     Test EllipsE a std at step 149999: 0.260368
2024-01-28 20:41:44,512 INFO     Test EllipsE a min at step 149999: -0.000258
2024-01-28 20:41:44,512 INFO     Test EllipsE a max at step 149999: 2.486791
2024-01-28 20:41:44,512 INFO     Test EllipsE b mean at step 149999: 0.747882
2024-01-28 20:41:44,512 INFO     Test EllipsE b std at step 149999: 0.599225
2024-01-28 20:41:44,512 INFO     Test EllipsE b min at step 149999: -0.000291
2024-01-28 20:41:44,512 INFO     Test EllipsE b max at step 149999: 2.860031
2024-01-28 20:41:44,512 INFO     _derivationally_related_form: 
2024-01-28 20:41:44,512 INFO     Test ******* Model EllipsE ****  at step 149999: 1.000000
2024-01-28 20:41:44,512 INFO     Test MRR at step 149999: 0.958024
2024-01-28 20:41:44,513 INFO     Test MR at step 149999: 295.763966
2024-01-28 20:41:44,513 INFO     Test HITS@1 at step 149999: 0.951117
2024-01-28 20:41:44,513 INFO     Test HITS@3 at step 149999: 0.963222
2024-01-28 20:41:44,513 INFO     Test HITS@10 at step 149999: 0.968343
2024-01-28 20:41:44,513 INFO     Test EllipsE a mean at step 149999: 1.041543
2024-01-28 20:41:44,513 INFO     Test EllipsE a std at step 149999: 0.260368
2024-01-28 20:41:44,513 INFO     Test EllipsE a min at step 149999: -0.000258
2024-01-28 20:41:44,513 INFO     Test EllipsE a max at step 149999: 2.486791
2024-01-28 20:41:44,513 INFO     Test EllipsE b mean at step 149999: 0.747882
2024-01-28 20:41:44,513 INFO     Test EllipsE b std at step 149999: 0.599225
2024-01-28 20:41:44,513 INFO     Test EllipsE b min at step 149999: -0.000291
2024-01-28 20:41:44,513 INFO     Test EllipsE b max at step 149999: 2.860031
2024-01-28 20:41:44,514 INFO     _similar_to: 
2024-01-28 20:41:44,514 INFO     Test ******* Model EllipsE ****  at step 149999: 1.000000
2024-01-28 20:41:44,514 INFO     Test MRR at step 149999: 1.000000
2024-01-28 20:41:44,514 INFO     Test MR at step 149999: 1.000000
2024-01-28 20:41:44,514 INFO     Test HITS@1 at step 149999: 1.000000
2024-01-28 20:41:44,514 INFO     Test HITS@3 at step 149999: 1.000000
2024-01-28 20:41:44,514 INFO     Test HITS@10 at step 149999: 1.000000
2024-01-28 20:41:44,514 INFO     Test EllipsE a mean at step 149999: 1.041543
2024-01-28 20:41:44,514 INFO     Test EllipsE a std at step 149999: 0.260368
2024-01-28 20:41:44,514 INFO     Test EllipsE a min at step 149999: -0.000258
2024-01-28 20:41:44,514 INFO     Test EllipsE a max at step 149999: 2.486791
2024-01-28 20:41:44,514 INFO     Test EllipsE b mean at step 149999: 0.747882
2024-01-28 20:41:44,515 INFO     Test EllipsE b std at step 149999: 0.599225
2024-01-28 20:41:44,515 INFO     Test EllipsE b min at step 149999: -0.000291
2024-01-28 20:41:44,515 INFO     Test EllipsE b max at step 149999: 2.860031
2024-01-28 20:41:45,893 INFO     Evaluating the model... (0/22)
2024-01-28 20:41:50,002 INFO     AC_test.txt
2024-01-28 20:41:50,002 INFO     Test ******* Model EllipsE ****  at step 149999: 1.000000
2024-01-28 20:41:50,002 INFO     Test MRR at step 149999: 0.205252
2024-01-28 20:41:50,002 INFO     Test MR at step 149999: 4667.267442
2024-01-28 20:41:50,002 INFO     Test HITS@1 at step 149999: 0.133721
2024-01-28 20:41:50,002 INFO     Test HITS@3 at step 149999: 0.220930
2024-01-28 20:41:50,003 INFO     Test HITS@10 at step 149999: 0.351744
2024-01-28 20:41:50,003 INFO     Test EllipsE a mean at step 149999: 1.041543
2024-01-28 20:41:50,003 INFO     Test EllipsE a std at step 149999: 0.260368
2024-01-28 20:41:50,003 INFO     Test EllipsE a min at step 149999: -0.000258
2024-01-28 20:41:50,003 INFO     Test EllipsE a max at step 149999: 2.486791
2024-01-28 20:41:50,003 INFO     Test EllipsE b mean at step 149999: 0.747882
2024-01-28 20:41:50,003 INFO     Test EllipsE b std at step 149999: 0.599225
2024-01-28 20:41:50,003 INFO     Test EllipsE b min at step 149999: -0.000291
2024-01-28 20:41:50,003 INFO     Test EllipsE b max at step 149999: 2.860031
################################################## 
 ################################################## 
Print the evaluation logs for every relation:
2024-01-28 20:41:50,003 INFO     _has_part: 
2024-01-28 20:41:50,003 INFO     Test ******* Model EllipsE ****  at step 149999: 1.000000
2024-01-28 20:41:50,003 INFO     Test MRR at step 149999: 0.205252
2024-01-28 20:41:50,004 INFO     Test MR at step 149999: 4667.267442
2024-01-28 20:41:50,004 INFO     Test HITS@1 at step 149999: 0.133721
2024-01-28 20:41:50,004 INFO     Test HITS@3 at step 149999: 0.220930
2024-01-28 20:41:50,004 INFO     Test HITS@10 at step 149999: 0.351744
2024-01-28 20:41:50,004 INFO     Test EllipsE a mean at step 149999: 1.041543
2024-01-28 20:41:50,004 INFO     Test EllipsE a std at step 149999: 0.260368
2024-01-28 20:41:50,004 INFO     Test EllipsE a min at step 149999: -0.000258
2024-01-28 20:41:50,004 INFO     Test EllipsE a max at step 149999: 2.486791
2024-01-28 20:41:50,004 INFO     Test EllipsE b mean at step 149999: 0.747882
2024-01-28 20:41:50,004 INFO     Test EllipsE b std at step 149999: 0.599225
2024-01-28 20:41:50,004 INFO     Test EllipsE b min at step 149999: -0.000291
2024-01-28 20:41:50,005 INFO     Test EllipsE b max at step 149999: 2.860031
2024-01-28 20:41:51,421 INFO     Evaluating the model... (0/246)
2024-01-28 20:42:30,917 INFO     Aa_test.txt
2024-01-28 20:42:30,917 INFO     Test ******* Model EllipsE ****  at step 149999: 1.000000
2024-01-28 20:42:30,917 INFO     Test MRR at step 149999: 0.207195
2024-01-28 20:42:30,917 INFO     Test MR at step 149999: 6118.041539
2024-01-28 20:42:30,917 INFO     Test HITS@1 at step 149999: 0.138634
2024-01-28 20:42:30,918 INFO     Test HITS@3 at step 149999: 0.232416
2024-01-28 20:42:30,918 INFO     Test HITS@10 at step 149999: 0.343272
2024-01-28 20:42:30,918 INFO     Test EllipsE a mean at step 149999: 1.041543
2024-01-28 20:42:30,918 INFO     Test EllipsE a std at step 149999: 0.260368
2024-01-28 20:42:30,918 INFO     Test EllipsE a min at step 149999: -0.000258
2024-01-28 20:42:30,918 INFO     Test EllipsE a max at step 149999: 2.486791
2024-01-28 20:42:30,918 INFO     Test EllipsE b mean at step 149999: 0.747882
2024-01-28 20:42:30,918 INFO     Test EllipsE b std at step 149999: 0.599225
2024-01-28 20:42:30,918 INFO     Test EllipsE b min at step 149999: -0.000291
2024-01-28 20:42:30,918 INFO     Test EllipsE b max at step 149999: 2.860031
################################################## 
 ################################################## 
Print the evaluation logs for every relation:
2024-01-28 20:42:30,918 INFO     _member_of_domain_usage: 
2024-01-28 20:42:30,918 INFO     Test ******* Model EllipsE ****  at step 149999: 1.000000
2024-01-28 20:42:30,918 INFO     Test MRR at step 149999: 0.324885
2024-01-28 20:42:30,918 INFO     Test MR at step 149999: 8939.729167
2024-01-28 20:42:30,918 INFO     Test HITS@1 at step 149999: 0.291667
2024-01-28 20:42:30,919 INFO     Test HITS@3 at step 149999: 0.354167
2024-01-28 20:42:30,919 INFO     Test HITS@10 at step 149999: 0.395833
2024-01-28 20:42:30,919 INFO     Test EllipsE a mean at step 149999: 1.041543
2024-01-28 20:42:30,919 INFO     Test EllipsE a std at step 149999: 0.260368
2024-01-28 20:42:30,919 INFO     Test EllipsE a min at step 149999: -0.000258
2024-01-28 20:42:30,919 INFO     Test EllipsE a max at step 149999: 2.486791
2024-01-28 20:42:30,919 INFO     Test EllipsE b mean at step 149999: 0.747882
2024-01-28 20:42:30,919 INFO     Test EllipsE b std at step 149999: 0.599225
2024-01-28 20:42:30,919 INFO     Test EllipsE b min at step 149999: -0.000291
2024-01-28 20:42:30,919 INFO     Test EllipsE b max at step 149999: 2.860031
2024-01-28 20:42:30,919 INFO     _member_of_domain_region: 
2024-01-28 20:42:30,919 INFO     Test ******* Model EllipsE ****  at step 149999: 1.000000
2024-01-28 20:42:30,919 INFO     Test MRR at step 149999: 0.310812
2024-01-28 20:42:30,919 INFO     Test MR at step 149999: 10320.326923
2024-01-28 20:42:30,919 INFO     Test HITS@1 at step 149999: 0.250000
2024-01-28 20:42:30,919 INFO     Test HITS@3 at step 149999: 0.326923
2024-01-28 20:42:30,920 INFO     Test HITS@10 at step 149999: 0.442308
2024-01-28 20:42:30,920 INFO     Test EllipsE a mean at step 149999: 1.041543
2024-01-28 20:42:30,920 INFO     Test EllipsE a std at step 149999: 0.260368
2024-01-28 20:42:30,920 INFO     Test EllipsE a min at step 149999: -0.000258
2024-01-28 20:42:30,920 INFO     Test EllipsE a max at step 149999: 2.486791
2024-01-28 20:42:30,920 INFO     Test EllipsE b mean at step 149999: 0.747882
2024-01-28 20:42:30,920 INFO     Test EllipsE b std at step 149999: 0.599225
2024-01-28 20:42:30,920 INFO     Test EllipsE b min at step 149999: -0.000291
2024-01-28 20:42:30,920 INFO     Test EllipsE b max at step 149999: 2.860031
2024-01-28 20:42:30,920 INFO     _member_meronym: 
2024-01-28 20:42:30,920 INFO     Test ******* Model EllipsE ****  at step 149999: 1.000000
2024-01-28 20:42:30,920 INFO     Test MRR at step 149999: 0.216863
2024-01-28 20:42:30,920 INFO     Test MR at step 149999: 2271.383399
2024-01-28 20:42:30,920 INFO     Test HITS@1 at step 149999: 0.136364
2024-01-28 20:42:30,920 INFO     Test HITS@3 at step 149999: 0.239130
2024-01-28 20:42:30,920 INFO     Test HITS@10 at step 149999: 0.373518
2024-01-28 20:42:30,921 INFO     Test EllipsE a mean at step 149999: 1.041543
2024-01-28 20:42:30,921 INFO     Test EllipsE a std at step 149999: 0.260368
2024-01-28 20:42:30,921 INFO     Test EllipsE a min at step 149999: -0.000258
2024-01-28 20:42:30,921 INFO     Test EllipsE a max at step 149999: 2.486791
2024-01-28 20:42:30,921 INFO     Test EllipsE b mean at step 149999: 0.747882
2024-01-28 20:42:30,921 INFO     Test EllipsE b std at step 149999: 0.599225
2024-01-28 20:42:30,921 INFO     Test EllipsE b min at step 149999: -0.000291
2024-01-28 20:42:30,921 INFO     Test EllipsE b max at step 149999: 2.860031
2024-01-28 20:42:30,921 INFO     _hypernym: 
2024-01-28 20:42:30,921 INFO     Test ******* Model EllipsE ****  at step 149999: 1.000000
2024-01-28 20:42:30,921 INFO     Test MRR at step 149999: 0.171800
2024-01-28 20:42:30,921 INFO     Test MR at step 149999: 7337.895683
2024-01-28 20:42:30,921 INFO     Test HITS@1 at step 149999: 0.107514
2024-01-28 20:42:30,921 INFO     Test HITS@3 at step 149999: 0.195444
2024-01-28 20:42:30,921 INFO     Test HITS@10 at step 149999: 0.300560
2024-01-28 20:42:30,921 INFO     Test EllipsE a mean at step 149999: 1.041543
2024-01-28 20:42:30,922 INFO     Test EllipsE a std at step 149999: 0.260368
2024-01-28 20:42:30,922 INFO     Test EllipsE a min at step 149999: -0.000258
2024-01-28 20:42:30,922 INFO     Test EllipsE a max at step 149999: 2.486791
2024-01-28 20:42:30,922 INFO     Test EllipsE b mean at step 149999: 0.747882
2024-01-28 20:42:30,922 INFO     Test EllipsE b std at step 149999: 0.599225
2024-01-28 20:42:30,922 INFO     Test EllipsE b min at step 149999: -0.000291
2024-01-28 20:42:30,922 INFO     Test EllipsE b max at step 149999: 2.860031
2024-01-28 20:42:30,922 INFO     _has_part: 
2024-01-28 20:42:30,922 INFO     Test ******* Model EllipsE ****  at step 149999: 1.000000
2024-01-28 20:42:30,922 INFO     Test MRR at step 149999: 0.205252
2024-01-28 20:42:30,922 INFO     Test MR at step 149999: 4667.267442
2024-01-28 20:42:30,922 INFO     Test HITS@1 at step 149999: 0.133721
2024-01-28 20:42:30,922 INFO     Test HITS@3 at step 149999: 0.220930
2024-01-28 20:42:30,922 INFO     Test HITS@10 at step 149999: 0.351744
2024-01-28 20:42:30,922 INFO     Test EllipsE a mean at step 149999: 1.041543
2024-01-28 20:42:30,923 INFO     Test EllipsE a std at step 149999: 0.260368
2024-01-28 20:42:30,923 INFO     Test EllipsE a min at step 149999: -0.000258
2024-01-28 20:42:30,923 INFO     Test EllipsE a max at step 149999: 2.486791
2024-01-28 20:42:30,923 INFO     Test EllipsE b mean at step 149999: 0.747882
2024-01-28 20:42:30,923 INFO     Test EllipsE b std at step 149999: 0.599225
2024-01-28 20:42:30,923 INFO     Test EllipsE b min at step 149999: -0.000291
2024-01-28 20:42:30,923 INFO     Test EllipsE b max at step 149999: 2.860031
2024-01-28 20:42:30,923 INFO     _instance_hypernym: 
2024-01-28 20:42:30,923 INFO     Test ******* Model EllipsE ****  at step 149999: 1.000000
2024-01-28 20:42:30,923 INFO     Test MRR at step 149999: 0.333371
2024-01-28 20:42:30,923 INFO     Test MR at step 149999: 2468.581967
2024-01-28 20:42:30,923 INFO     Test HITS@1 at step 149999: 0.233607
2024-01-28 20:42:30,923 INFO     Test HITS@3 at step 149999: 0.385246
2024-01-28 20:42:30,923 INFO     Test HITS@10 at step 149999: 0.540984
2024-01-28 20:42:30,923 INFO     Test EllipsE a mean at step 149999: 1.041543
2024-01-28 20:42:30,923 INFO     Test EllipsE a std at step 149999: 0.260368
2024-01-28 20:42:30,924 INFO     Test EllipsE a min at step 149999: -0.000258
2024-01-28 20:42:30,924 INFO     Test EllipsE a max at step 149999: 2.486791
2024-01-28 20:42:30,924 INFO     Test EllipsE b mean at step 149999: 0.747882
2024-01-28 20:42:30,924 INFO     Test EllipsE b std at step 149999: 0.599225
2024-01-28 20:42:30,924 INFO     Test EllipsE b min at step 149999: -0.000291
2024-01-28 20:42:30,924 INFO     Test EllipsE b max at step 149999: 2.860031
2024-01-28 20:42:30,924 INFO     _synset_domain_topic_of: 
2024-01-28 20:42:30,924 INFO     Test ******* Model EllipsE ****  at step 149999: 1.000000
2024-01-28 20:42:30,924 INFO     Test MRR at step 149999: 0.393646
2024-01-28 20:42:30,924 INFO     Test MR at step 149999: 5810.622807
2024-01-28 20:42:30,924 INFO     Test HITS@1 at step 149999: 0.333333
2024-01-28 20:42:30,924 INFO     Test HITS@3 at step 149999: 0.429825
2024-01-28 20:42:30,924 INFO     Test HITS@10 at step 149999: 0.486842
2024-01-28 20:42:30,924 INFO     Test EllipsE a mean at step 149999: 1.041543
2024-01-28 20:42:30,924 INFO     Test EllipsE a std at step 149999: 0.260368
2024-01-28 20:42:30,924 INFO     Test EllipsE a min at step 149999: -0.000258
2024-01-28 20:42:30,925 INFO     Test EllipsE a max at step 149999: 2.486791
2024-01-28 20:42:30,925 INFO     Test EllipsE b mean at step 149999: 0.747882
2024-01-28 20:42:30,925 INFO     Test EllipsE b std at step 149999: 0.599225
2024-01-28 20:42:30,925 INFO     Test EllipsE b min at step 149999: -0.000291
2024-01-28 20:42:30,925 INFO     Test EllipsE b max at step 149999: 2.860031
