1.10.2
Start Evaluation on Test Data Set......
2024-01-28 21:55:54,355 INFO     Model: TransE
2024-01-28 21:55:54,355 INFO     Data Path: data/wn18rr
2024-01-28 21:55:54,355 INFO     #entity: 40943
2024-01-28 21:55:54,355 INFO     #relation: 11
2024-01-28 21:55:54,548 INFO     #train: 86835
2024-01-28 21:55:54,554 INFO     #valid: 3034
2024-01-28 21:55:54,560 INFO     #test: 3134
2024-01-28 21:55:54,561 INFO     C_test.txt#test: 0
2024-01-28 21:55:54,562 INFO     Cc_test.txt#test: 172
2024-01-28 21:55:54,564 INFO     S_test.txt#test: 1116
2024-01-28 21:55:54,568 INFO     A_test.txt#test: 1790
2024-01-28 21:55:54,569 INFO     AS_test.txt#test: 0
2024-01-28 21:55:54,569 INFO     CS_test.txt#test: 0
2024-01-28 21:55:54,571 INFO     Ss_test.txt#test: 1116
2024-01-28 21:55:54,572 INFO     ACS_test.txt#test: 0
2024-01-28 21:55:54,572 INFO     AC_test.txt#test: 172
2024-01-28 21:55:54,577 INFO     Aa_test.txt#test: 1962
2024-01-28 21:55:54,796 INFO     Model Parameter Configuration:
2024-01-28 21:55:54,797 INFO     Parameter gamma: torch.Size([1]), require_grad = False
2024-01-28 21:55:54,797 INFO     Parameter embedding_range: torch.Size([1]), require_grad = False
2024-01-28 21:55:54,797 INFO     Parameter entity_embedding: torch.Size([40943, 500]), require_grad = True
2024-01-28 21:55:54,797 INFO     Parameter relation_embedding: torch.Size([11, 500]), require_grad = True
2024-01-28 21:55:59,024 INFO     Loading checkpoint models/TransE_wn18rr_TrWR...
2024-01-28 21:56:00,322 INFO     Start Training...
2024-01-28 21:56:00,323 INFO     init_step = 79999
2024-01-28 21:56:00,323 INFO     batch_size = 1024
2024-01-28 21:56:00,323 INFO     negative_adversarial_sampling = 0
2024-01-28 21:56:00,323 INFO     hidden_dim = 500
2024-01-28 21:56:00,323 INFO     gamma = 12.000000
2024-01-28 21:56:00,323 INFO     negative_sample_size = 128
2024-01-28 21:56:00,323 INFO     negative_adversarial_sampling = False
2024-01-28 21:56:00,323 INFO     learning_rate = 0.000005
2024-01-28 21:56:01,207 INFO     Evaluating on Valid Dataset...
2024-01-28 21:56:02,146 INFO     Evaluating the model... (0/760)
2024-01-28 21:56:51,268 INFO     Valid ******* Model TransE ****  at step 79999: 1.000000
2024-01-28 21:56:51,268 INFO     Valid MRR at step 79999: 0.220012
2024-01-28 21:56:51,268 INFO     Valid MR at step 79999: 3380.750824
2024-01-28 21:56:51,268 INFO     Valid HITS@1 at step 79999: 0.011536
2024-01-28 21:56:51,268 INFO     Valid HITS@3 at step 79999: 0.400461
2024-01-28 21:56:51,268 INFO     Valid HITS@10 at step 79999: 0.519446
2024-01-28 21:56:51,268 INFO     Evaluating on Test Dataset...
2024-01-28 21:56:52,166 INFO     Evaluating the model... (0/784)
2024-01-28 21:57:43,148 INFO     Test ******* Model TransE ****  at step 79999: 1.000000
2024-01-28 21:57:43,149 INFO     Test MRR at step 79999: 0.224357
2024-01-28 21:57:43,149 INFO     Test MR at step 79999: 3428.783982
2024-01-28 21:57:43,149 INFO     Test HITS@1 at step 79999: 0.014518
2024-01-28 21:57:43,149 INFO     Test HITS@3 at step 79999: 0.402521
2024-01-28 21:57:43,149 INFO     Test HITS@10 at step 79999: 0.528398
################################################## 
 ################################################## 
Print the evaluation logs for every relation:
2024-01-28 21:57:43,149 INFO     _member_of_domain_usage: 
2024-01-28 21:57:43,149 INFO     Test ******* Model TransE ****  at step 79999: 1.000000
2024-01-28 21:57:43,149 INFO     Test MRR at step 79999: 0.114927
2024-01-28 21:57:43,149 INFO     Test MR at step 79999: 4531.937500
2024-01-28 21:57:43,149 INFO     Test HITS@1 at step 79999: 0.000000
2024-01-28 21:57:43,149 INFO     Test HITS@3 at step 79999: 0.187500
2024-01-28 21:57:43,149 INFO     Test HITS@10 at step 79999: 0.250000
2024-01-28 21:57:43,149 INFO     _verb_group: 
2024-01-28 21:57:43,149 INFO     Test ******* Model TransE ****  at step 79999: 1.000000
2024-01-28 21:57:43,149 INFO     Test MRR at step 79999: 0.369494
2024-01-28 21:57:43,149 INFO     Test MR at step 79999: 33.141026
2024-01-28 21:57:43,150 INFO     Test HITS@1 at step 79999: 0.000000
2024-01-28 21:57:43,150 INFO     Test HITS@3 at step 79999: 0.756410
2024-01-28 21:57:43,150 INFO     Test HITS@10 at step 79999: 0.974359
2024-01-28 21:57:43,150 INFO     _member_of_domain_region: 
2024-01-28 21:57:43,150 INFO     Test ******* Model TransE ****  at step 79999: 1.000000
2024-01-28 21:57:43,150 INFO     Test MRR at step 79999: 0.126630
2024-01-28 21:57:43,150 INFO     Test MR at step 79999: 5719.153846
2024-01-28 21:57:43,150 INFO     Test HITS@1 at step 79999: 0.057692
2024-01-28 21:57:43,150 INFO     Test HITS@3 at step 79999: 0.076923
2024-01-28 21:57:43,150 INFO     Test HITS@10 at step 79999: 0.346154
2024-01-28 21:57:43,150 INFO     _member_meronym: 
2024-01-28 21:57:43,150 INFO     Test ******* Model TransE ****  at step 79999: 1.000000
2024-01-28 21:57:43,150 INFO     Test MRR at step 79999: 0.181631
2024-01-28 21:57:43,150 INFO     Test MR at step 79999: 1169.843874
2024-01-28 21:57:43,150 INFO     Test HITS@1 at step 79999: 0.045455
2024-01-28 21:57:43,150 INFO     Test HITS@3 at step 79999: 0.264822
2024-01-28 21:57:43,151 INFO     Test HITS@10 at step 79999: 0.422925
2024-01-28 21:57:43,151 INFO     _hypernym: 
2024-01-28 21:57:43,151 INFO     Test ******* Model TransE ****  at step 79999: 1.000000
2024-01-28 21:57:43,151 INFO     Test MRR at step 79999: 0.060789
2024-01-28 21:57:43,151 INFO     Test MR at step 79999: 7152.436451
2024-01-28 21:57:43,151 INFO     Test HITS@1 at step 79999: 0.000799
2024-01-28 21:57:43,151 INFO     Test HITS@3 at step 79999: 0.061551
2024-01-28 21:57:43,151 INFO     Test HITS@10 at step 79999: 0.206235
2024-01-28 21:57:43,151 INFO     _has_part: 
2024-01-28 21:57:43,151 INFO     Test ******* Model TransE ****  at step 79999: 1.000000
2024-01-28 21:57:43,151 INFO     Test MRR at step 79999: 0.122465
2024-01-28 21:57:43,151 INFO     Test MR at step 79999: 1985.468023
2024-01-28 21:57:43,151 INFO     Test HITS@1 at step 79999: 0.017442
2024-01-28 21:57:43,151 INFO     Test HITS@3 at step 79999: 0.156977
2024-01-28 21:57:43,151 INFO     Test HITS@10 at step 79999: 0.328488
2024-01-28 21:57:43,151 INFO     _derivationally_related_form: 
2024-01-28 21:57:43,152 INFO     Test ******* Model TransE ****  at step 79999: 1.000000
2024-01-28 21:57:43,152 INFO     Test MRR at step 79999: 0.440890
2024-01-28 21:57:43,152 INFO     Test MR at step 79999: 140.188082
2024-01-28 21:57:43,152 INFO     Test HITS@1 at step 79999: 0.000000
2024-01-28 21:57:43,152 INFO     Test HITS@3 at step 79999: 0.901304
2024-01-28 21:57:43,152 INFO     Test HITS@10 at step 79999: 0.962291
2024-01-28 21:57:43,152 INFO     _also_see: 
2024-01-28 21:57:43,152 INFO     Test ******* Model TransE ****  at step 79999: 1.000000
2024-01-28 21:57:43,152 INFO     Test MRR at step 79999: 0.231825
2024-01-28 21:57:43,152 INFO     Test MR at step 79999: 1092.437500
2024-01-28 21:57:43,152 INFO     Test HITS@1 at step 79999: 0.000000
2024-01-28 21:57:43,152 INFO     Test HITS@3 at step 79999: 0.410714
2024-01-28 21:57:43,152 INFO     Test HITS@10 at step 79999: 0.714286
2024-01-28 21:57:43,152 INFO     _instance_hypernym: 
2024-01-28 21:57:43,152 INFO     Test ******* Model TransE ****  at step 79999: 1.000000
2024-01-28 21:57:43,152 INFO     Test MRR at step 79999: 0.289883
2024-01-28 21:57:43,152 INFO     Test MR at step 79999: 2482.549180
2024-01-28 21:57:43,153 INFO     Test HITS@1 at step 79999: 0.196721
2024-01-28 21:57:43,153 INFO     Test HITS@3 at step 79999: 0.336066
2024-01-28 21:57:43,153 INFO     Test HITS@10 at step 79999: 0.500000
2024-01-28 21:57:43,153 INFO     _synset_domain_topic_of: 
2024-01-28 21:57:43,153 INFO     Test ******* Model TransE ****  at step 79999: 1.000000
2024-01-28 21:57:43,153 INFO     Test MRR at step 79999: 0.147920
2024-01-28 21:57:43,153 INFO     Test MR at step 79999: 3397.035088
2024-01-28 21:57:43,153 INFO     Test HITS@1 at step 79999: 0.039474
2024-01-28 21:57:43,153 INFO     Test HITS@3 at step 79999: 0.184211
2024-01-28 21:57:43,153 INFO     Test HITS@10 at step 79999: 0.385965
2024-01-28 21:57:43,153 INFO     _similar_to: 
2024-01-28 21:57:43,153 INFO     Test ******* Model TransE ****  at step 79999: 1.000000
2024-01-28 21:57:43,153 INFO     Test MRR at step 79999: 0.294444
2024-01-28 21:57:43,153 INFO     Test MR at step 79999: 3.833333
2024-01-28 21:57:43,153 INFO     Test HITS@1 at step 79999: 0.000000
2024-01-28 21:57:43,153 INFO     Test HITS@3 at step 79999: 0.500000
2024-01-28 21:57:43,154 INFO     Test HITS@10 at step 79999: 1.000000
2024-01-28 21:57:43,154 INFO     Evaluating on sub_Test Dataset...
2024-01-28 21:57:43,975 INFO     Evaluating the model... (0/44)
2024-01-28 21:57:47,201 INFO     Cc_test.txt
2024-01-28 21:57:47,201 INFO     Test ******* Model TransE ****  at step 79999: 1.000000
2024-01-28 21:57:47,201 INFO     Test MRR at step 79999: 0.122465
2024-01-28 21:57:47,201 INFO     Test MR at step 79999: 1985.468023
2024-01-28 21:57:47,201 INFO     Test HITS@1 at step 79999: 0.017442
2024-01-28 21:57:47,201 INFO     Test HITS@3 at step 79999: 0.156977
2024-01-28 21:57:47,201 INFO     Test HITS@10 at step 79999: 0.328488
################################################## 
 ################################################## 
Print the evaluation logs for every relation:
2024-01-28 21:57:47,201 INFO     _has_part: 
2024-01-28 21:57:47,201 INFO     Test ******* Model TransE ****  at step 79999: 1.000000
2024-01-28 21:57:47,201 INFO     Test MRR at step 79999: 0.122465
2024-01-28 21:57:47,202 INFO     Test MR at step 79999: 1985.468023
2024-01-28 21:57:47,202 INFO     Test HITS@1 at step 79999: 0.017442
2024-01-28 21:57:47,202 INFO     Test HITS@3 at step 79999: 0.156977
2024-01-28 21:57:47,202 INFO     Test HITS@10 at step 79999: 0.328488
2024-01-28 21:57:48,092 INFO     Evaluating the model... (0/280)
2024-01-28 21:58:06,308 INFO     S_test.txt
2024-01-28 21:58:06,308 INFO     Test ******* Model TransE ****  at step 79999: 1.000000
2024-01-28 21:58:06,308 INFO     Test MRR at step 79999: 0.438001
2024-01-28 21:58:06,308 INFO     Test MR at step 79999: 136.080645
2024-01-28 21:58:06,308 INFO     Test HITS@1 at step 79999: 0.000000
2024-01-28 21:58:06,309 INFO     Test HITS@3 at step 79999: 0.895161
2024-01-28 21:58:06,309 INFO     Test HITS@10 at step 79999: 0.962814
################################################## 
 ################################################## 
Print the evaluation logs for every relation:
2024-01-28 21:58:06,309 INFO     _verb_group: 
2024-01-28 21:58:06,309 INFO     Test ******* Model TransE ****  at step 79999: 1.000000
2024-01-28 21:58:06,309 INFO     Test MRR at step 79999: 0.369494
2024-01-28 21:58:06,309 INFO     Test MR at step 79999: 33.141026
2024-01-28 21:58:06,309 INFO     Test HITS@1 at step 79999: 0.000000
2024-01-28 21:58:06,309 INFO     Test HITS@3 at step 79999: 0.756410
2024-01-28 21:58:06,309 INFO     Test HITS@10 at step 79999: 0.974359
2024-01-28 21:58:06,309 INFO     _derivationally_related_form: 
2024-01-28 21:58:06,309 INFO     Test ******* Model TransE ****  at step 79999: 1.000000
2024-01-28 21:58:06,309 INFO     Test MRR at step 79999: 0.440890
2024-01-28 21:58:06,309 INFO     Test MR at step 79999: 140.188082
2024-01-28 21:58:06,309 INFO     Test HITS@1 at step 79999: 0.000000
2024-01-28 21:58:06,309 INFO     Test HITS@3 at step 79999: 0.901304
2024-01-28 21:58:06,309 INFO     Test HITS@10 at step 79999: 0.962291
2024-01-28 21:58:06,310 INFO     _similar_to: 
2024-01-28 21:58:06,310 INFO     Test ******* Model TransE ****  at step 79999: 1.000000
2024-01-28 21:58:06,310 INFO     Test MRR at step 79999: 0.294444
2024-01-28 21:58:06,310 INFO     Test MR at step 79999: 3.833333
2024-01-28 21:58:06,310 INFO     Test HITS@1 at step 79999: 0.000000
2024-01-28 21:58:06,310 INFO     Test HITS@3 at step 79999: 0.500000
2024-01-28 21:58:06,310 INFO     Test HITS@10 at step 79999: 1.000000
2024-01-28 21:58:07,107 INFO     Evaluating the model... (0/448)
2024-01-28 21:58:35,849 INFO     A_test.txt
2024-01-28 21:58:35,849 INFO     Test ******* Model TransE ****  at step 79999: 1.000000
2024-01-28 21:58:35,849 INFO     Test MRR at step 79999: 0.100715
2024-01-28 21:58:35,849 INFO     Test MR at step 79999: 5693.444693
2024-01-28 21:58:35,849 INFO     Test HITS@1 at step 79999: 0.023743
2024-01-28 21:58:35,850 INFO     Test HITS@3 at step 79999: 0.118715
2024-01-28 21:58:35,850 INFO     Test HITS@10 at step 79999: 0.270950
################################################## 
 ################################################## 
Print the evaluation logs for every relation:
2024-01-28 21:58:35,850 INFO     _member_of_domain_usage: 
2024-01-28 21:58:35,850 INFO     Test ******* Model TransE ****  at step 79999: 1.000000
2024-01-28 21:58:35,850 INFO     Test MRR at step 79999: 0.114927
2024-01-28 21:58:35,850 INFO     Test MR at step 79999: 4531.937500
2024-01-28 21:58:35,850 INFO     Test HITS@1 at step 79999: 0.000000
2024-01-28 21:58:35,850 INFO     Test HITS@3 at step 79999: 0.187500
2024-01-28 21:58:35,850 INFO     Test HITS@10 at step 79999: 0.250000
2024-01-28 21:58:35,850 INFO     _member_of_domain_region: 
2024-01-28 21:58:35,850 INFO     Test ******* Model TransE ****  at step 79999: 1.000000
2024-01-28 21:58:35,850 INFO     Test MRR at step 79999: 0.126630
2024-01-28 21:58:35,850 INFO     Test MR at step 79999: 5719.153846
2024-01-28 21:58:35,850 INFO     Test HITS@1 at step 79999: 0.057692
2024-01-28 21:58:35,850 INFO     Test HITS@3 at step 79999: 0.076923
2024-01-28 21:58:35,850 INFO     Test HITS@10 at step 79999: 0.346154
2024-01-28 21:58:35,851 INFO     _member_meronym: 
2024-01-28 21:58:35,851 INFO     Test ******* Model TransE ****  at step 79999: 1.000000
2024-01-28 21:58:35,851 INFO     Test MRR at step 79999: 0.181631
2024-01-28 21:58:35,851 INFO     Test MR at step 79999: 1169.843874
2024-01-28 21:58:35,851 INFO     Test HITS@1 at step 79999: 0.045455
2024-01-28 21:58:35,851 INFO     Test HITS@3 at step 79999: 0.264822
2024-01-28 21:58:35,851 INFO     Test HITS@10 at step 79999: 0.422925
2024-01-28 21:58:35,851 INFO     _hypernym: 
2024-01-28 21:58:35,851 INFO     Test ******* Model TransE ****  at step 79999: 1.000000
2024-01-28 21:58:35,851 INFO     Test MRR at step 79999: 0.060789
2024-01-28 21:58:35,851 INFO     Test MR at step 79999: 7152.436451
2024-01-28 21:58:35,851 INFO     Test HITS@1 at step 79999: 0.000799
2024-01-28 21:58:35,851 INFO     Test HITS@3 at step 79999: 0.061551
2024-01-28 21:58:35,851 INFO     Test HITS@10 at step 79999: 0.206235
2024-01-28 21:58:35,851 INFO     _instance_hypernym: 
2024-01-28 21:58:35,851 INFO     Test ******* Model TransE ****  at step 79999: 1.000000
2024-01-28 21:58:35,852 INFO     Test MRR at step 79999: 0.289883
2024-01-28 21:58:35,852 INFO     Test MR at step 79999: 2482.549180
2024-01-28 21:58:35,852 INFO     Test HITS@1 at step 79999: 0.196721
2024-01-28 21:58:35,852 INFO     Test HITS@3 at step 79999: 0.336066
2024-01-28 21:58:35,852 INFO     Test HITS@10 at step 79999: 0.500000
2024-01-28 21:58:35,852 INFO     _synset_domain_topic_of: 
2024-01-28 21:58:35,852 INFO     Test ******* Model TransE ****  at step 79999: 1.000000
2024-01-28 21:58:35,852 INFO     Test MRR at step 79999: 0.147920
2024-01-28 21:58:35,852 INFO     Test MR at step 79999: 3397.035088
2024-01-28 21:58:35,852 INFO     Test HITS@1 at step 79999: 0.039474
2024-01-28 21:58:35,852 INFO     Test HITS@3 at step 79999: 0.184211
2024-01-28 21:58:35,852 INFO     Test HITS@10 at step 79999: 0.385965
2024-01-28 21:58:36,743 INFO     Evaluating the model... (0/280)
2024-01-28 21:58:54,988 INFO     Ss_test.txt
2024-01-28 21:58:54,988 INFO     Test ******* Model TransE ****  at step 79999: 1.000000
2024-01-28 21:58:54,988 INFO     Test MRR at step 79999: 0.438001
2024-01-28 21:58:54,988 INFO     Test MR at step 79999: 136.080645
2024-01-28 21:58:54,988 INFO     Test HITS@1 at step 79999: 0.000000
2024-01-28 21:58:54,988 INFO     Test HITS@3 at step 79999: 0.895161
2024-01-28 21:58:54,988 INFO     Test HITS@10 at step 79999: 0.962814
################################################## 
 ################################################## 
Print the evaluation logs for every relation:
2024-01-28 21:58:54,988 INFO     _verb_group: 
2024-01-28 21:58:54,988 INFO     Test ******* Model TransE ****  at step 79999: 1.000000
2024-01-28 21:58:54,989 INFO     Test MRR at step 79999: 0.369494
2024-01-28 21:58:54,989 INFO     Test MR at step 79999: 33.141026
2024-01-28 21:58:54,989 INFO     Test HITS@1 at step 79999: 0.000000
2024-01-28 21:58:54,989 INFO     Test HITS@3 at step 79999: 0.756410
2024-01-28 21:58:54,989 INFO     Test HITS@10 at step 79999: 0.974359
2024-01-28 21:58:54,989 INFO     _derivationally_related_form: 
2024-01-28 21:58:54,989 INFO     Test ******* Model TransE ****  at step 79999: 1.000000
2024-01-28 21:58:54,989 INFO     Test MRR at step 79999: 0.440890
2024-01-28 21:58:54,989 INFO     Test MR at step 79999: 140.188082
2024-01-28 21:58:54,989 INFO     Test HITS@1 at step 79999: 0.000000
2024-01-28 21:58:54,989 INFO     Test HITS@3 at step 79999: 0.901304
2024-01-28 21:58:54,989 INFO     Test HITS@10 at step 79999: 0.962291
2024-01-28 21:58:54,990 INFO     _similar_to: 
2024-01-28 21:58:54,990 INFO     Test ******* Model TransE ****  at step 79999: 1.000000
2024-01-28 21:58:54,990 INFO     Test MRR at step 79999: 0.294444
2024-01-28 21:58:54,990 INFO     Test MR at step 79999: 3.833333
2024-01-28 21:58:54,990 INFO     Test HITS@1 at step 79999: 0.000000
2024-01-28 21:58:54,990 INFO     Test HITS@3 at step 79999: 0.500000
2024-01-28 21:58:54,990 INFO     Test HITS@10 at step 79999: 1.000000
2024-01-28 21:58:55,875 INFO     Evaluating the model... (0/44)
2024-01-28 21:58:59,130 INFO     AC_test.txt
2024-01-28 21:58:59,131 INFO     Test ******* Model TransE ****  at step 79999: 1.000000
2024-01-28 21:58:59,131 INFO     Test MRR at step 79999: 0.122465
2024-01-28 21:58:59,131 INFO     Test MR at step 79999: 1985.468023
2024-01-28 21:58:59,131 INFO     Test HITS@1 at step 79999: 0.017442
2024-01-28 21:58:59,131 INFO     Test HITS@3 at step 79999: 0.156977
2024-01-28 21:58:59,131 INFO     Test HITS@10 at step 79999: 0.328488
################################################## 
 ################################################## 
Print the evaluation logs for every relation:
2024-01-28 21:58:59,131 INFO     _has_part: 
2024-01-28 21:58:59,131 INFO     Test ******* Model TransE ****  at step 79999: 1.000000
2024-01-28 21:58:59,131 INFO     Test MRR at step 79999: 0.122465
2024-01-28 21:58:59,131 INFO     Test MR at step 79999: 1985.468023
2024-01-28 21:58:59,131 INFO     Test HITS@1 at step 79999: 0.017442
2024-01-28 21:58:59,131 INFO     Test HITS@3 at step 79999: 0.156977
2024-01-28 21:58:59,131 INFO     Test HITS@10 at step 79999: 0.328488
2024-01-28 21:58:59,995 INFO     Evaluating the model... (0/492)
2024-01-28 21:59:31,618 INFO     Aa_test.txt
2024-01-28 21:59:31,618 INFO     Test ******* Model TransE ****  at step 79999: 1.000000
2024-01-28 21:59:31,618 INFO     Test MRR at step 79999: 0.102621
2024-01-28 21:59:31,619 INFO     Test MR at step 79999: 5368.382518
2024-01-28 21:59:31,619 INFO     Test HITS@1 at step 79999: 0.023191
2024-01-28 21:59:31,619 INFO     Test HITS@3 at step 79999: 0.122069
2024-01-28 21:59:31,619 INFO     Test HITS@10 at step 79999: 0.275994
################################################## 
 ################################################## 
Print the evaluation logs for every relation:
2024-01-28 21:59:31,619 INFO     _member_of_domain_usage: 
2024-01-28 21:59:31,619 INFO     Test ******* Model TransE ****  at step 79999: 1.000000
2024-01-28 21:59:31,619 INFO     Test MRR at step 79999: 0.114927
2024-01-28 21:59:31,619 INFO     Test MR at step 79999: 4531.937500
2024-01-28 21:59:31,619 INFO     Test HITS@1 at step 79999: 0.000000
2024-01-28 21:59:31,619 INFO     Test HITS@3 at step 79999: 0.187500
2024-01-28 21:59:31,619 INFO     Test HITS@10 at step 79999: 0.250000
2024-01-28 21:59:31,619 INFO     _member_of_domain_region: 
2024-01-28 21:59:31,619 INFO     Test ******* Model TransE ****  at step 79999: 1.000000
2024-01-28 21:59:31,619 INFO     Test MRR at step 79999: 0.126630
2024-01-28 21:59:31,619 INFO     Test MR at step 79999: 5719.153846
2024-01-28 21:59:31,619 INFO     Test HITS@1 at step 79999: 0.057692
2024-01-28 21:59:31,620 INFO     Test HITS@3 at step 79999: 0.076923
2024-01-28 21:59:31,620 INFO     Test HITS@10 at step 79999: 0.346154
2024-01-28 21:59:31,620 INFO     _member_meronym: 
2024-01-28 21:59:31,620 INFO     Test ******* Model TransE ****  at step 79999: 1.000000
2024-01-28 21:59:31,620 INFO     Test MRR at step 79999: 0.181631
2024-01-28 21:59:31,620 INFO     Test MR at step 79999: 1169.843874
2024-01-28 21:59:31,620 INFO     Test HITS@1 at step 79999: 0.045455
2024-01-28 21:59:31,620 INFO     Test HITS@3 at step 79999: 0.264822
2024-01-28 21:59:31,620 INFO     Test HITS@10 at step 79999: 0.422925
2024-01-28 21:59:31,620 INFO     _hypernym: 
2024-01-28 21:59:31,620 INFO     Test ******* Model TransE ****  at step 79999: 1.000000
2024-01-28 21:59:31,620 INFO     Test MRR at step 79999: 0.060789
2024-01-28 21:59:31,620 INFO     Test MR at step 79999: 7152.436451
2024-01-28 21:59:31,620 INFO     Test HITS@1 at step 79999: 0.000799
2024-01-28 21:59:31,620 INFO     Test HITS@3 at step 79999: 0.061551
2024-01-28 21:59:31,621 INFO     Test HITS@10 at step 79999: 0.206235
2024-01-28 21:59:31,621 INFO     _has_part: 
2024-01-28 21:59:31,621 INFO     Test ******* Model TransE ****  at step 79999: 1.000000
2024-01-28 21:59:31,621 INFO     Test MRR at step 79999: 0.122465
2024-01-28 21:59:31,621 INFO     Test MR at step 79999: 1985.468023
2024-01-28 21:59:31,621 INFO     Test HITS@1 at step 79999: 0.017442
2024-01-28 21:59:31,621 INFO     Test HITS@3 at step 79999: 0.156977
2024-01-28 21:59:31,621 INFO     Test HITS@10 at step 79999: 0.328488
2024-01-28 21:59:31,621 INFO     _instance_hypernym: 
2024-01-28 21:59:31,621 INFO     Test ******* Model TransE ****  at step 79999: 1.000000
2024-01-28 21:59:31,621 INFO     Test MRR at step 79999: 0.289883
2024-01-28 21:59:31,621 INFO     Test MR at step 79999: 2482.549180
2024-01-28 21:59:31,621 INFO     Test HITS@1 at step 79999: 0.196721
2024-01-28 21:59:31,621 INFO     Test HITS@3 at step 79999: 0.336066
2024-01-28 21:59:31,621 INFO     Test HITS@10 at step 79999: 0.500000
2024-01-28 21:59:31,621 INFO     _synset_domain_topic_of: 
2024-01-28 21:59:31,622 INFO     Test ******* Model TransE ****  at step 79999: 1.000000
2024-01-28 21:59:31,622 INFO     Test MRR at step 79999: 0.147920
2024-01-28 21:59:31,622 INFO     Test MR at step 79999: 3397.035088
2024-01-28 21:59:31,622 INFO     Test HITS@1 at step 79999: 0.039474
2024-01-28 21:59:31,622 INFO     Test HITS@3 at step 79999: 0.184211
2024-01-28 21:59:31,622 INFO     Test HITS@10 at step 79999: 0.385965
