1.10.2
Start Evaluation on Test Data Set......
2024-01-28 22:00:31,762 INFO     Model: DistMult
2024-01-28 22:00:31,762 INFO     Data Path: data/wn18rr
2024-01-28 22:00:31,762 INFO     #entity: 40943
2024-01-28 22:00:31,762 INFO     #relation: 11
2024-01-28 22:00:31,956 INFO     #train: 86835
2024-01-28 22:00:31,962 INFO     #valid: 3034
2024-01-28 22:00:31,968 INFO     #test: 3134
2024-01-28 22:00:31,969 INFO     C_test.txt#test: 0
2024-01-28 22:00:31,969 INFO     Cc_test.txt#test: 172
2024-01-28 22:00:31,972 INFO     S_test.txt#test: 1116
2024-01-28 22:00:31,976 INFO     A_test.txt#test: 1790
2024-01-28 22:00:31,976 INFO     AS_test.txt#test: 0
2024-01-28 22:00:31,976 INFO     CS_test.txt#test: 0
2024-01-28 22:00:31,979 INFO     Ss_test.txt#test: 1116
2024-01-28 22:00:31,979 INFO     ACS_test.txt#test: 0
2024-01-28 22:00:31,980 INFO     AC_test.txt#test: 172
2024-01-28 22:00:31,984 INFO     Aa_test.txt#test: 1962
2024-01-28 22:00:32,377 INFO     Model Parameter Configuration:
2024-01-28 22:00:32,378 INFO     Parameter gamma: torch.Size([1]), require_grad = False
2024-01-28 22:00:32,378 INFO     Parameter embedding_range: torch.Size([1]), require_grad = False
2024-01-28 22:00:32,378 INFO     Parameter entity_embedding: torch.Size([40943, 1000]), require_grad = True
2024-01-28 22:00:32,378 INFO     Parameter relation_embedding: torch.Size([11, 1000]), require_grad = True
2024-01-28 22:00:36,450 INFO     Loading checkpoint models/DistMult_wn18rr_DmWR...
2024-01-28 22:00:38,266 INFO     Start Training...
2024-01-28 22:00:38,266 INFO     init_step = 79999
2024-01-28 22:00:38,266 INFO     batch_size = 1024
2024-01-28 22:00:38,266 INFO     negative_adversarial_sampling = 0
2024-01-28 22:00:38,266 INFO     hidden_dim = 1000
2024-01-28 22:00:38,266 INFO     gamma = 12.000000
2024-01-28 22:00:38,266 INFO     negative_sample_size = 128
2024-01-28 22:00:38,266 INFO     negative_adversarial_sampling = False
2024-01-28 22:00:38,267 INFO     learning_rate = 0.000200
2024-01-28 22:00:39,815 INFO     Evaluating on Valid Dataset...
2024-01-28 22:00:40,694 INFO     Evaluating the model... (0/760)
2024-01-28 22:01:33,727 INFO     Valid ******* Model DistMult ****  at step 79999: 1.000000
2024-01-28 22:01:33,727 INFO     Valid MRR at step 79999: 0.441896
2024-01-28 22:01:33,728 INFO     Valid MR at step 79999: 4760.983355
2024-01-28 22:01:33,728 INFO     Valid HITS@1 at step 79999: 0.399308
2024-01-28 22:01:33,728 INFO     Valid HITS@3 at step 79999: 0.453527
2024-01-28 22:01:33,728 INFO     Valid HITS@10 at step 79999: 0.529993
2024-01-28 22:01:33,728 INFO     Evaluating on Test Dataset...
2024-01-28 22:01:34,620 INFO     Evaluating the model... (0/784)
2024-01-28 22:02:29,196 INFO     Test ******* Model DistMult ****  at step 79999: 1.000000
2024-01-28 22:02:29,197 INFO     Test MRR at step 79999: 0.440719
2024-01-28 22:02:29,197 INFO     Test MR at step 79999: 4848.631621
2024-01-28 22:02:29,197 INFO     Test HITS@1 at step 79999: 0.396299
2024-01-28 22:02:29,197 INFO     Test HITS@3 at step 79999: 0.453893
2024-01-28 22:02:29,197 INFO     Test HITS@10 at step 79999: 0.533663
################################################## 
 ################################################## 
Print the evaluation logs for every relation:
2024-01-28 22:02:29,197 INFO     _member_of_domain_usage: 
2024-01-28 22:02:29,197 INFO     Test ******* Model DistMult ****  at step 79999: 1.000000
2024-01-28 22:02:29,197 INFO     Test MRR at step 79999: 0.235681
2024-01-28 22:02:29,197 INFO     Test MR at step 79999: 10221.291667
2024-01-28 22:02:29,197 INFO     Test HITS@1 at step 79999: 0.208333
2024-01-28 22:02:29,197 INFO     Test HITS@3 at step 79999: 0.250000
2024-01-28 22:02:29,197 INFO     Test HITS@10 at step 79999: 0.270833
2024-01-28 22:02:29,198 INFO     _verb_group: 
2024-01-28 22:02:29,198 INFO     Test ******* Model DistMult ****  at step 79999: 1.000000
2024-01-28 22:02:29,198 INFO     Test MRR at step 79999: 0.897441
2024-01-28 22:02:29,198 INFO     Test MR at step 79999: 132.884615
2024-01-28 22:02:29,198 INFO     Test HITS@1 at step 79999: 0.820513
2024-01-28 22:02:29,198 INFO     Test HITS@3 at step 79999: 0.974359
2024-01-28 22:02:29,198 INFO     Test HITS@10 at step 79999: 0.974359
2024-01-28 22:02:29,198 INFO     _member_of_domain_region: 
2024-01-28 22:02:29,198 INFO     Test ******* Model DistMult ****  at step 79999: 1.000000
2024-01-28 22:02:29,198 INFO     Test MRR at step 79999: 0.157004
2024-01-28 22:02:29,198 INFO     Test MR at step 79999: 16610.115385
2024-01-28 22:02:29,198 INFO     Test HITS@1 at step 79999: 0.115385
2024-01-28 22:02:29,199 INFO     Test HITS@3 at step 79999: 0.173077
2024-01-28 22:02:29,199 INFO     Test HITS@10 at step 79999: 0.269231
2024-01-28 22:02:29,199 INFO     _member_meronym: 
2024-01-28 22:02:29,199 INFO     Test ******* Model DistMult ****  at step 79999: 1.000000
2024-01-28 22:02:29,199 INFO     Test MRR at step 79999: 0.158596
2024-01-28 22:02:29,199 INFO     Test MR at step 79999: 1846.608696
2024-01-28 22:02:29,199 INFO     Test HITS@1 at step 79999: 0.061265
2024-01-28 22:02:29,199 INFO     Test HITS@3 at step 79999: 0.191700
2024-01-28 22:02:29,199 INFO     Test HITS@10 at step 79999: 0.353755
2024-01-28 22:02:29,199 INFO     _hypernym: 
2024-01-28 22:02:29,199 INFO     Test ******* Model DistMult ****  at step 79999: 1.000000
2024-01-28 22:02:29,199 INFO     Test MRR at step 79999: 0.094112
2024-01-28 22:02:29,200 INFO     Test MR at step 79999: 9186.467626
2024-01-28 22:02:29,200 INFO     Test HITS@1 at step 79999: 0.037170
2024-01-28 22:02:29,200 INFO     Test HITS@3 at step 79999: 0.105915
2024-01-28 22:02:29,200 INFO     Test HITS@10 at step 79999: 0.219824
2024-01-28 22:02:29,200 INFO     _has_part: 
2024-01-28 22:02:29,200 INFO     Test ******* Model DistMult ****  at step 79999: 1.000000
2024-01-28 22:02:29,200 INFO     Test MRR at step 79999: 0.155335
2024-01-28 22:02:29,200 INFO     Test MR at step 79999: 4002.441860
2024-01-28 22:02:29,200 INFO     Test HITS@1 at step 79999: 0.078488
2024-01-28 22:02:29,200 INFO     Test HITS@3 at step 79999: 0.159884
2024-01-28 22:02:29,200 INFO     Test HITS@10 at step 79999: 0.319767
2024-01-28 22:02:29,200 INFO     _derivationally_related_form: 
2024-01-28 22:02:29,201 INFO     Test ******* Model DistMult ****  at step 79999: 1.000000
2024-01-28 22:02:29,201 INFO     Test MRR at step 79999: 0.959332
2024-01-28 22:02:29,201 INFO     Test MR at step 79999: 243.920857
2024-01-28 22:02:29,201 INFO     Test HITS@1 at step 79999: 0.952514
2024-01-28 22:02:29,201 INFO     Test HITS@3 at step 79999: 0.964618
2024-01-28 22:02:29,201 INFO     Test HITS@10 at step 79999: 0.972533
2024-01-28 22:02:29,201 INFO     _also_see: 
2024-01-28 22:02:29,201 INFO     Test ******* Model DistMult ****  at step 79999: 1.000000
2024-01-28 22:02:29,201 INFO     Test MRR at step 79999: 0.606619
2024-01-28 22:02:29,201 INFO     Test MR at step 79999: 4637.848214
2024-01-28 22:02:29,201 INFO     Test HITS@1 at step 79999: 0.553571
2024-01-28 22:02:29,201 INFO     Test HITS@3 at step 79999: 0.625000
2024-01-28 22:02:29,201 INFO     Test HITS@10 at step 79999: 0.705357
2024-01-28 22:02:29,202 INFO     _instance_hypernym: 
2024-01-28 22:02:29,202 INFO     Test ******* Model DistMult ****  at step 79999: 1.000000
2024-01-28 22:02:29,202 INFO     Test MRR at step 79999: 0.359037
2024-01-28 22:02:29,202 INFO     Test MR at step 79999: 3926.856557
2024-01-28 22:02:29,202 INFO     Test HITS@1 at step 79999: 0.278689
2024-01-28 22:02:29,202 INFO     Test HITS@3 at step 79999: 0.401639
2024-01-28 22:02:29,202 INFO     Test HITS@10 at step 79999: 0.520492
2024-01-28 22:02:29,202 INFO     _synset_domain_topic_of: 
2024-01-28 22:02:29,202 INFO     Test ******* Model DistMult ****  at step 79999: 1.000000
2024-01-28 22:02:29,202 INFO     Test MRR at step 79999: 0.357909
2024-01-28 22:02:29,202 INFO     Test MR at step 79999: 7584.228070
2024-01-28 22:02:29,202 INFO     Test HITS@1 at step 79999: 0.311404
2024-01-28 22:02:29,203 INFO     Test HITS@3 at step 79999: 0.372807
2024-01-28 22:02:29,203 INFO     Test HITS@10 at step 79999: 0.447368
2024-01-28 22:02:29,203 INFO     _similar_to: 
2024-01-28 22:02:29,203 INFO     Test ******* Model DistMult ****  at step 79999: 1.000000
2024-01-28 22:02:29,203 INFO     Test MRR at step 79999: 1.000000
2024-01-28 22:02:29,203 INFO     Test MR at step 79999: 1.000000
2024-01-28 22:02:29,203 INFO     Test HITS@1 at step 79999: 1.000000
2024-01-28 22:02:29,203 INFO     Test HITS@3 at step 79999: 1.000000
2024-01-28 22:02:29,203 INFO     Test HITS@10 at step 79999: 1.000000
2024-01-28 22:02:29,203 INFO     Evaluating on sub_Test Dataset...
2024-01-28 22:02:29,984 INFO     Evaluating the model... (0/44)
2024-01-28 22:02:33,409 INFO     Cc_test.txt
2024-01-28 22:02:33,409 INFO     Test ******* Model DistMult ****  at step 79999: 1.000000
2024-01-28 22:02:33,409 INFO     Test MRR at step 79999: 0.155335
2024-01-28 22:02:33,409 INFO     Test MR at step 79999: 4002.441860
2024-01-28 22:02:33,409 INFO     Test HITS@1 at step 79999: 0.078488
2024-01-28 22:02:33,409 INFO     Test HITS@3 at step 79999: 0.159884
2024-01-28 22:02:33,409 INFO     Test HITS@10 at step 79999: 0.319767
################################################## 
 ################################################## 
Print the evaluation logs for every relation:
2024-01-28 22:02:33,409 INFO     _has_part: 
2024-01-28 22:02:33,410 INFO     Test ******* Model DistMult ****  at step 79999: 1.000000
2024-01-28 22:02:33,410 INFO     Test MRR at step 79999: 0.155335
2024-01-28 22:02:33,410 INFO     Test MR at step 79999: 4002.441860
2024-01-28 22:02:33,410 INFO     Test HITS@1 at step 79999: 0.078488
2024-01-28 22:02:33,410 INFO     Test HITS@3 at step 79999: 0.159884
2024-01-28 22:02:33,410 INFO     Test HITS@10 at step 79999: 0.319767
2024-01-28 22:02:34,302 INFO     Evaluating the model... (0/280)
2024-01-28 22:02:53,775 INFO     S_test.txt
2024-01-28 22:02:53,775 INFO     Test ******* Model DistMult ****  at step 79999: 1.000000
2024-01-28 22:02:53,775 INFO     Test MRR at step 79999: 0.957279
2024-01-28 22:02:53,775 INFO     Test MR at step 79999: 239.387545
2024-01-28 22:02:53,775 INFO     Test HITS@1 at step 79999: 0.948029
2024-01-28 22:02:53,775 INFO     Test HITS@3 at step 79999: 0.965054
2024-01-28 22:02:53,775 INFO     Test HITS@10 at step 79999: 0.972670
################################################## 
 ################################################## 
Print the evaluation logs for every relation:
2024-01-28 22:02:53,775 INFO     _verb_group: 
2024-01-28 22:02:53,776 INFO     Test ******* Model DistMult ****  at step 79999: 1.000000
2024-01-28 22:02:53,776 INFO     Test MRR at step 79999: 0.897441
2024-01-28 22:02:53,776 INFO     Test MR at step 79999: 132.884615
2024-01-28 22:02:53,776 INFO     Test HITS@1 at step 79999: 0.820513
2024-01-28 22:02:53,776 INFO     Test HITS@3 at step 79999: 0.974359
2024-01-28 22:02:53,776 INFO     Test HITS@10 at step 79999: 0.974359
2024-01-28 22:02:53,776 INFO     _derivationally_related_form: 
2024-01-28 22:02:53,776 INFO     Test ******* Model DistMult ****  at step 79999: 1.000000
2024-01-28 22:02:53,776 INFO     Test MRR at step 79999: 0.959332
2024-01-28 22:02:53,776 INFO     Test MR at step 79999: 243.920857
2024-01-28 22:02:53,776 INFO     Test HITS@1 at step 79999: 0.952514
2024-01-28 22:02:53,777 INFO     Test HITS@3 at step 79999: 0.964618
2024-01-28 22:02:53,777 INFO     Test HITS@10 at step 79999: 0.972533
2024-01-28 22:02:53,777 INFO     _similar_to: 
2024-01-28 22:02:53,777 INFO     Test ******* Model DistMult ****  at step 79999: 1.000000
2024-01-28 22:02:53,777 INFO     Test MRR at step 79999: 1.000000
2024-01-28 22:02:53,777 INFO     Test MR at step 79999: 1.000000
2024-01-28 22:02:53,777 INFO     Test HITS@1 at step 79999: 1.000000
2024-01-28 22:02:53,777 INFO     Test HITS@3 at step 79999: 1.000000
2024-01-28 22:02:53,777 INFO     Test HITS@10 at step 79999: 1.000000
2024-01-28 22:02:54,670 INFO     Evaluating the model... (0/448)
2024-01-28 22:03:25,800 INFO     A_test.txt
2024-01-28 22:03:25,800 INFO     Test ******* Model DistMult ****  at step 79999: 1.000000
2024-01-28 22:03:25,800 INFO     Test MRR at step 79999: 0.140895
2024-01-28 22:03:25,800 INFO     Test MR at step 79999: 7810.232123
2024-01-28 22:03:25,800 INFO     Test HITS@1 at step 79999: 0.077933
2024-01-28 22:03:25,800 INFO     Test HITS@3 at step 79999: 0.158101
2024-01-28 22:03:25,800 INFO     Test HITS@10 at step 79999: 0.275140
################################################## 
 ################################################## 
Print the evaluation logs for every relation:
2024-01-28 22:03:25,800 INFO     _member_of_domain_usage: 
2024-01-28 22:03:25,801 INFO     Test ******* Model DistMult ****  at step 79999: 1.000000
2024-01-28 22:03:25,801 INFO     Test MRR at step 79999: 0.235681
2024-01-28 22:03:25,801 INFO     Test MR at step 79999: 10221.291667
2024-01-28 22:03:25,801 INFO     Test HITS@1 at step 79999: 0.208333
2024-01-28 22:03:25,801 INFO     Test HITS@3 at step 79999: 0.250000
2024-01-28 22:03:25,801 INFO     Test HITS@10 at step 79999: 0.270833
2024-01-28 22:03:25,801 INFO     _member_of_domain_region: 
2024-01-28 22:03:25,801 INFO     Test ******* Model DistMult ****  at step 79999: 1.000000
2024-01-28 22:03:25,801 INFO     Test MRR at step 79999: 0.157004
2024-01-28 22:03:25,801 INFO     Test MR at step 79999: 16610.115385
2024-01-28 22:03:25,801 INFO     Test HITS@1 at step 79999: 0.115385
2024-01-28 22:03:25,801 INFO     Test HITS@3 at step 79999: 0.173077
2024-01-28 22:03:25,801 INFO     Test HITS@10 at step 79999: 0.269231
2024-01-28 22:03:25,801 INFO     _member_meronym: 
2024-01-28 22:03:25,801 INFO     Test ******* Model DistMult ****  at step 79999: 1.000000
2024-01-28 22:03:25,801 INFO     Test MRR at step 79999: 0.158596
2024-01-28 22:03:25,802 INFO     Test MR at step 79999: 1846.608696
2024-01-28 22:03:25,802 INFO     Test HITS@1 at step 79999: 0.061265
2024-01-28 22:03:25,802 INFO     Test HITS@3 at step 79999: 0.191700
2024-01-28 22:03:25,802 INFO     Test HITS@10 at step 79999: 0.353755
2024-01-28 22:03:25,802 INFO     _hypernym: 
2024-01-28 22:03:25,802 INFO     Test ******* Model DistMult ****  at step 79999: 1.000000
2024-01-28 22:03:25,802 INFO     Test MRR at step 79999: 0.094112
2024-01-28 22:03:25,802 INFO     Test MR at step 79999: 9186.467626
2024-01-28 22:03:25,802 INFO     Test HITS@1 at step 79999: 0.037170
2024-01-28 22:03:25,802 INFO     Test HITS@3 at step 79999: 0.105915
2024-01-28 22:03:25,802 INFO     Test HITS@10 at step 79999: 0.219824
2024-01-28 22:03:25,802 INFO     _instance_hypernym: 
2024-01-28 22:03:25,802 INFO     Test ******* Model DistMult ****  at step 79999: 1.000000
2024-01-28 22:03:25,802 INFO     Test MRR at step 79999: 0.359037
2024-01-28 22:03:25,802 INFO     Test MR at step 79999: 3926.856557
2024-01-28 22:03:25,802 INFO     Test HITS@1 at step 79999: 0.278689
2024-01-28 22:03:25,803 INFO     Test HITS@3 at step 79999: 0.401639
2024-01-28 22:03:25,803 INFO     Test HITS@10 at step 79999: 0.520492
2024-01-28 22:03:25,803 INFO     _synset_domain_topic_of: 
2024-01-28 22:03:25,803 INFO     Test ******* Model DistMult ****  at step 79999: 1.000000
2024-01-28 22:03:25,803 INFO     Test MRR at step 79999: 0.357909
2024-01-28 22:03:25,803 INFO     Test MR at step 79999: 7584.228070
2024-01-28 22:03:25,803 INFO     Test HITS@1 at step 79999: 0.311404
2024-01-28 22:03:25,803 INFO     Test HITS@3 at step 79999: 0.372807
2024-01-28 22:03:25,803 INFO     Test HITS@10 at step 79999: 0.447368
2024-01-28 22:03:26,534 INFO     Evaluating the model... (0/280)
2024-01-28 22:03:46,342 INFO     Ss_test.txt
2024-01-28 22:03:46,342 INFO     Test ******* Model DistMult ****  at step 79999: 1.000000
2024-01-28 22:03:46,342 INFO     Test MRR at step 79999: 0.957279
2024-01-28 22:03:46,342 INFO     Test MR at step 79999: 239.387545
2024-01-28 22:03:46,342 INFO     Test HITS@1 at step 79999: 0.948029
2024-01-28 22:03:46,342 INFO     Test HITS@3 at step 79999: 0.965054
2024-01-28 22:03:46,342 INFO     Test HITS@10 at step 79999: 0.972670
################################################## 
 ################################################## 
Print the evaluation logs for every relation:
2024-01-28 22:03:46,343 INFO     _verb_group: 
2024-01-28 22:03:46,343 INFO     Test ******* Model DistMult ****  at step 79999: 1.000000
2024-01-28 22:03:46,343 INFO     Test MRR at step 79999: 0.897441
2024-01-28 22:03:46,343 INFO     Test MR at step 79999: 132.884615
2024-01-28 22:03:46,343 INFO     Test HITS@1 at step 79999: 0.820513
2024-01-28 22:03:46,343 INFO     Test HITS@3 at step 79999: 0.974359
2024-01-28 22:03:46,343 INFO     Test HITS@10 at step 79999: 0.974359
2024-01-28 22:03:46,343 INFO     _derivationally_related_form: 
2024-01-28 22:03:46,343 INFO     Test ******* Model DistMult ****  at step 79999: 1.000000
2024-01-28 22:03:46,343 INFO     Test MRR at step 79999: 0.959332
2024-01-28 22:03:46,343 INFO     Test MR at step 79999: 243.920857
2024-01-28 22:03:46,343 INFO     Test HITS@1 at step 79999: 0.952514
2024-01-28 22:03:46,343 INFO     Test HITS@3 at step 79999: 0.964618
2024-01-28 22:03:46,343 INFO     Test HITS@10 at step 79999: 0.972533
2024-01-28 22:03:46,343 INFO     _similar_to: 
2024-01-28 22:03:46,343 INFO     Test ******* Model DistMult ****  at step 79999: 1.000000
2024-01-28 22:03:46,344 INFO     Test MRR at step 79999: 1.000000
2024-01-28 22:03:46,344 INFO     Test MR at step 79999: 1.000000
2024-01-28 22:03:46,344 INFO     Test HITS@1 at step 79999: 1.000000
2024-01-28 22:03:46,344 INFO     Test HITS@3 at step 79999: 1.000000
2024-01-28 22:03:46,344 INFO     Test HITS@10 at step 79999: 1.000000
2024-01-28 22:03:47,216 INFO     Evaluating the model... (0/44)
2024-01-28 22:03:50,739 INFO     AC_test.txt
2024-01-28 22:03:50,739 INFO     Test ******* Model DistMult ****  at step 79999: 1.000000
2024-01-28 22:03:50,739 INFO     Test MRR at step 79999: 0.155335
2024-01-28 22:03:50,739 INFO     Test MR at step 79999: 4002.441860
2024-01-28 22:03:50,739 INFO     Test HITS@1 at step 79999: 0.078488
2024-01-28 22:03:50,739 INFO     Test HITS@3 at step 79999: 0.159884
2024-01-28 22:03:50,739 INFO     Test HITS@10 at step 79999: 0.319767
################################################## 
 ################################################## 
Print the evaluation logs for every relation:
2024-01-28 22:03:50,740 INFO     _has_part: 
2024-01-28 22:03:50,740 INFO     Test ******* Model DistMult ****  at step 79999: 1.000000
2024-01-28 22:03:50,740 INFO     Test MRR at step 79999: 0.155335
2024-01-28 22:03:50,740 INFO     Test MR at step 79999: 4002.441860
2024-01-28 22:03:50,740 INFO     Test HITS@1 at step 79999: 0.078488
2024-01-28 22:03:50,740 INFO     Test HITS@3 at step 79999: 0.159884
2024-01-28 22:03:50,740 INFO     Test HITS@10 at step 79999: 0.319767
2024-01-28 22:03:51,645 INFO     Evaluating the model... (0/492)
2024-01-28 22:04:25,617 INFO     Aa_test.txt
2024-01-28 22:04:25,617 INFO     Test ******* Model DistMult ****  at step 79999: 1.000000
2024-01-28 22:04:25,618 INFO     Test MRR at step 79999: 0.142161
2024-01-28 22:04:25,618 INFO     Test MR at step 79999: 7476.419725
2024-01-28 22:04:25,618 INFO     Test HITS@1 at step 79999: 0.077982
2024-01-28 22:04:25,618 INFO     Test HITS@3 at step 79999: 0.158257
2024-01-28 22:04:25,618 INFO     Test HITS@10 at step 79999: 0.279052
################################################## 
 ################################################## 
Print the evaluation logs for every relation:
2024-01-28 22:04:25,618 INFO     _member_of_domain_usage: 
2024-01-28 22:04:25,618 INFO     Test ******* Model DistMult ****  at step 79999: 1.000000
2024-01-28 22:04:25,618 INFO     Test MRR at step 79999: 0.235681
2024-01-28 22:04:25,618 INFO     Test MR at step 79999: 10221.291667
2024-01-28 22:04:25,618 INFO     Test HITS@1 at step 79999: 0.208333
2024-01-28 22:04:25,618 INFO     Test HITS@3 at step 79999: 0.250000
2024-01-28 22:04:25,618 INFO     Test HITS@10 at step 79999: 0.270833
2024-01-28 22:04:25,618 INFO     _member_of_domain_region: 
2024-01-28 22:04:25,618 INFO     Test ******* Model DistMult ****  at step 79999: 1.000000
2024-01-28 22:04:25,618 INFO     Test MRR at step 79999: 0.157004
2024-01-28 22:04:25,618 INFO     Test MR at step 79999: 16610.115385
2024-01-28 22:04:25,619 INFO     Test HITS@1 at step 79999: 0.115385
2024-01-28 22:04:25,619 INFO     Test HITS@3 at step 79999: 0.173077
2024-01-28 22:04:25,619 INFO     Test HITS@10 at step 79999: 0.269231
2024-01-28 22:04:25,619 INFO     _member_meronym: 
2024-01-28 22:04:25,619 INFO     Test ******* Model DistMult ****  at step 79999: 1.000000
2024-01-28 22:04:25,619 INFO     Test MRR at step 79999: 0.158596
2024-01-28 22:04:25,619 INFO     Test MR at step 79999: 1846.608696
2024-01-28 22:04:25,619 INFO     Test HITS@1 at step 79999: 0.061265
2024-01-28 22:04:25,619 INFO     Test HITS@3 at step 79999: 0.191700
2024-01-28 22:04:25,619 INFO     Test HITS@10 at step 79999: 0.353755
2024-01-28 22:04:25,619 INFO     _hypernym: 
2024-01-28 22:04:25,619 INFO     Test ******* Model DistMult ****  at step 79999: 1.000000
2024-01-28 22:04:25,619 INFO     Test MRR at step 79999: 0.094112
2024-01-28 22:04:25,619 INFO     Test MR at step 79999: 9186.467626
2024-01-28 22:04:25,619 INFO     Test HITS@1 at step 79999: 0.037170
2024-01-28 22:04:25,619 INFO     Test HITS@3 at step 79999: 0.105915
2024-01-28 22:04:25,620 INFO     Test HITS@10 at step 79999: 0.219824
2024-01-28 22:04:25,620 INFO     _has_part: 
2024-01-28 22:04:25,620 INFO     Test ******* Model DistMult ****  at step 79999: 1.000000
2024-01-28 22:04:25,620 INFO     Test MRR at step 79999: 0.155335
2024-01-28 22:04:25,620 INFO     Test MR at step 79999: 4002.441860
2024-01-28 22:04:25,620 INFO     Test HITS@1 at step 79999: 0.078488
2024-01-28 22:04:25,620 INFO     Test HITS@3 at step 79999: 0.159884
2024-01-28 22:04:25,620 INFO     Test HITS@10 at step 79999: 0.319767
2024-01-28 22:04:25,620 INFO     _instance_hypernym: 
2024-01-28 22:04:25,620 INFO     Test ******* Model DistMult ****  at step 79999: 1.000000
2024-01-28 22:04:25,620 INFO     Test MRR at step 79999: 0.359037
2024-01-28 22:04:25,620 INFO     Test MR at step 79999: 3926.856557
2024-01-28 22:04:25,620 INFO     Test HITS@1 at step 79999: 0.278689
2024-01-28 22:04:25,620 INFO     Test HITS@3 at step 79999: 0.401639
2024-01-28 22:04:25,620 INFO     Test HITS@10 at step 79999: 0.520492
2024-01-28 22:04:25,620 INFO     _synset_domain_topic_of: 
2024-01-28 22:04:25,621 INFO     Test ******* Model DistMult ****  at step 79999: 1.000000
2024-01-28 22:04:25,621 INFO     Test MRR at step 79999: 0.357909
2024-01-28 22:04:25,621 INFO     Test MR at step 79999: 7584.228070
2024-01-28 22:04:25,621 INFO     Test HITS@1 at step 79999: 0.311404
2024-01-28 22:04:25,621 INFO     Test HITS@3 at step 79999: 0.372807
2024-01-28 22:04:25,621 INFO     Test HITS@10 at step 79999: 0.447368
