1.10.2
Start Evaluation on Test Data Set......
2024-01-28 20:42:35,597 INFO     Model: Butterfly
2024-01-28 20:42:35,597 INFO     Data Path: data/wn18rr
2024-01-28 20:42:35,597 INFO     #entity: 40943
2024-01-28 20:42:35,598 INFO     #relation: 11
2024-01-28 20:42:35,790 INFO     #train: 86835
2024-01-28 20:42:35,795 INFO     #valid: 3034
2024-01-28 20:42:35,801 INFO     #test: 3134
2024-01-28 20:42:35,802 INFO     C_test.txt#test: 0
2024-01-28 20:42:35,802 INFO     Cc_test.txt#test: 172
2024-01-28 20:42:35,805 INFO     S_test.txt#test: 1116
2024-01-28 20:42:35,809 INFO     A_test.txt#test: 1790
2024-01-28 20:42:35,809 INFO     AS_test.txt#test: 0
2024-01-28 20:42:35,809 INFO     CS_test.txt#test: 0
2024-01-28 20:42:35,812 INFO     Ss_test.txt#test: 1116
2024-01-28 20:42:35,812 INFO     ACS_test.txt#test: 0
2024-01-28 20:42:35,813 INFO     AC_test.txt#test: 172
2024-01-28 20:42:35,817 INFO     Aa_test.txt#test: 1962
2024-01-28 20:42:36,222 INFO     Model Parameter Configuration:
2024-01-28 20:42:36,222 INFO     Parameter gamma: torch.Size([1]), require_grad = False
2024-01-28 20:42:36,222 INFO     Parameter embedding_range: torch.Size([1]), require_grad = False
2024-01-28 20:42:36,222 INFO     Parameter entity_embedding: torch.Size([40943, 1000]), require_grad = True
2024-01-28 20:42:36,222 INFO     Parameter relation_embedding: torch.Size([11, 500]), require_grad = True
2024-01-28 20:42:36,222 INFO     Parameter ellipse: torch.Size([1000]), require_grad = True
2024-01-28 20:42:40,423 INFO     Loading checkpoint models/Butterfly_wn18rr_BuWR...
2024-01-28 20:42:40,688 INFO     Start Training...
2024-01-28 20:42:40,688 INFO     init_step = 149999
2024-01-28 20:42:40,688 INFO     batch_size = 1024
2024-01-28 20:42:40,688 INFO     negative_adversarial_sampling = 0
2024-01-28 20:42:40,688 INFO     hidden_dim = 500
2024-01-28 20:42:40,688 INFO     gamma = 12.000000
2024-01-28 20:42:40,688 INFO     negative_sample_size = 128
2024-01-28 20:42:40,688 INFO     negative_adversarial_sampling = False
2024-01-28 20:42:40,689 INFO     learning_rate = 0.000010
2024-01-28 20:42:42,177 INFO     Evaluating on Valid Dataset...
2024-01-28 20:42:43,366 INFO     Evaluating the model... (0/380)
2024-01-28 20:43:41,124 INFO     Valid ******* Model Butterfly ****  at step 149999: 1.000000
2024-01-28 20:43:41,124 INFO     Valid MRR at step 149999: 0.465905
2024-01-28 20:43:41,124 INFO     Valid MR at step 149999: 4322.169908
2024-01-28 20:43:41,125 INFO     Valid HITS@1 at step 149999: 0.417436
2024-01-28 20:43:41,125 INFO     Valid HITS@3 at step 149999: 0.488629
2024-01-28 20:43:41,125 INFO     Valid HITS@10 at step 149999: 0.555867
2024-01-28 20:43:41,125 INFO     Evaluating on Test Dataset...
2024-01-28 20:43:42,459 INFO     Evaluating the model... (0/392)
2024-01-28 20:44:42,626 INFO     Test ******* Model Butterfly ****  at step 149999: 1.000000
2024-01-28 20:44:42,626 INFO     Test MRR at step 149999: 0.465122
2024-01-28 20:44:42,627 INFO     Test MR at step 149999: 4383.933153
2024-01-28 20:44:42,627 INFO     Test HITS@1 at step 149999: 0.413050
2024-01-28 20:44:42,627 INFO     Test HITS@3 at step 149999: 0.492023
2024-01-28 20:44:42,627 INFO     Test HITS@10 at step 149999: 0.559030
################################################## 
 ################################################## 
Print the evaluation logs for every relation:
2024-01-28 20:44:42,627 INFO     _member_of_domain_usage: 
2024-01-28 20:44:42,627 INFO     Test ******* Model Butterfly ****  at step 149999: 1.000000
2024-01-28 20:44:42,627 INFO     Test MRR at step 149999: 0.282442
2024-01-28 20:44:42,627 INFO     Test MR at step 149999: 8782.229167
2024-01-28 20:44:42,627 INFO     Test HITS@1 at step 149999: 0.208333
2024-01-28 20:44:42,627 INFO     Test HITS@3 at step 149999: 0.312500
2024-01-28 20:44:42,627 INFO     Test HITS@10 at step 149999: 0.437500
2024-01-28 20:44:42,628 INFO     _verb_group: 
2024-01-28 20:44:42,628 INFO     Test ******* Model Butterfly ****  at step 149999: 1.000000
2024-01-28 20:44:42,628 INFO     Test MRR at step 149999: 0.458847
2024-01-28 20:44:42,628 INFO     Test MR at step 149999: 367.000000
2024-01-28 20:44:42,628 INFO     Test HITS@1 at step 149999: 0.012821
2024-01-28 20:44:42,628 INFO     Test HITS@3 at step 149999: 0.897436
2024-01-28 20:44:42,628 INFO     Test HITS@10 at step 149999: 0.974359
2024-01-28 20:44:42,628 INFO     _member_of_domain_region: 
2024-01-28 20:44:42,628 INFO     Test ******* Model Butterfly ****  at step 149999: 1.000000
2024-01-28 20:44:42,628 INFO     Test MRR at step 149999: 0.338166
2024-01-28 20:44:42,628 INFO     Test MR at step 149999: 10260.115385
2024-01-28 20:44:42,628 INFO     Test HITS@1 at step 149999: 0.250000
2024-01-28 20:44:42,629 INFO     Test HITS@3 at step 149999: 0.384615
2024-01-28 20:44:42,629 INFO     Test HITS@10 at step 149999: 0.461538
2024-01-28 20:44:42,629 INFO     _member_meronym: 
2024-01-28 20:44:42,629 INFO     Test ******* Model Butterfly ****  at step 149999: 1.000000
2024-01-28 20:44:42,629 INFO     Test MRR at step 149999: 0.200834
2024-01-28 20:44:42,629 INFO     Test MR at step 149999: 3281.750988
2024-01-28 20:44:42,629 INFO     Test HITS@1 at step 149999: 0.126482
2024-01-28 20:44:42,629 INFO     Test HITS@3 at step 149999: 0.219368
2024-01-28 20:44:42,629 INFO     Test HITS@10 at step 149999: 0.347826
2024-01-28 20:44:42,629 INFO     _hypernym: 
2024-01-28 20:44:42,629 INFO     Test ******* Model Butterfly ****  at step 149999: 1.000000
2024-01-28 20:44:42,629 INFO     Test MRR at step 149999: 0.168395
2024-01-28 20:44:42,630 INFO     Test MR at step 149999: 8156.215827
2024-01-28 20:44:42,630 INFO     Test HITS@1 at step 149999: 0.112710
2024-01-28 20:44:42,630 INFO     Test HITS@3 at step 149999: 0.189448
2024-01-28 20:44:42,630 INFO     Test HITS@10 at step 149999: 0.275380
2024-01-28 20:44:42,630 INFO     _has_part: 
2024-01-28 20:44:42,630 INFO     Test ******* Model Butterfly ****  at step 149999: 1.000000
2024-01-28 20:44:42,630 INFO     Test MRR at step 149999: 0.199041
2024-01-28 20:44:42,630 INFO     Test MR at step 149999: 5141.459302
2024-01-28 20:44:42,630 INFO     Test HITS@1 at step 149999: 0.136628
2024-01-28 20:44:42,630 INFO     Test HITS@3 at step 149999: 0.220930
2024-01-28 20:44:42,630 INFO     Test HITS@10 at step 149999: 0.325581
2024-01-28 20:44:42,630 INFO     _derivationally_related_form: 
2024-01-28 20:44:42,631 INFO     Test ******* Model Butterfly ****  at step 149999: 1.000000
2024-01-28 20:44:42,631 INFO     Test MRR at step 149999: 0.953620
2024-01-28 20:44:42,631 INFO     Test MR at step 149999: 347.830540
2024-01-28 20:44:42,631 INFO     Test HITS@1 at step 149999: 0.942272
2024-01-28 20:44:42,631 INFO     Test HITS@3 at step 149999: 0.964153
2024-01-28 20:44:42,631 INFO     Test HITS@10 at step 149999: 0.968808
2024-01-28 20:44:42,631 INFO     _also_see: 
2024-01-28 20:44:42,631 INFO     Test ******* Model Butterfly ****  at step 149999: 1.000000
2024-01-28 20:44:42,631 INFO     Test MRR at step 149999: 0.404980
2024-01-28 20:44:42,631 INFO     Test MR at step 149999: 1660.928571
2024-01-28 20:44:42,631 INFO     Test HITS@1 at step 149999: 0.232143
2024-01-28 20:44:42,632 INFO     Test HITS@3 at step 149999: 0.500000
2024-01-28 20:44:42,632 INFO     Test HITS@10 at step 149999: 0.723214
2024-01-28 20:44:42,632 INFO     _instance_hypernym: 
2024-01-28 20:44:42,632 INFO     Test ******* Model Butterfly ****  at step 149999: 1.000000
2024-01-28 20:44:42,632 INFO     Test MRR at step 149999: 0.334427
2024-01-28 20:44:42,632 INFO     Test MR at step 149999: 1373.114754
2024-01-28 20:44:42,632 INFO     Test HITS@1 at step 149999: 0.229508
2024-01-28 20:44:42,632 INFO     Test HITS@3 at step 149999: 0.397541
2024-01-28 20:44:42,632 INFO     Test HITS@10 at step 149999: 0.553279
2024-01-28 20:44:42,632 INFO     _synset_domain_topic_of: 
2024-01-28 20:44:42,632 INFO     Test ******* Model Butterfly ****  at step 149999: 1.000000
2024-01-28 20:44:42,632 INFO     Test MRR at step 149999: 0.344810
2024-01-28 20:44:42,633 INFO     Test MR at step 149999: 6098.666667
2024-01-28 20:44:42,633 INFO     Test HITS@1 at step 149999: 0.285088
2024-01-28 20:44:42,633 INFO     Test HITS@3 at step 149999: 0.390351
2024-01-28 20:44:42,633 INFO     Test HITS@10 at step 149999: 0.451754
2024-01-28 20:44:42,633 INFO     _similar_to: 
2024-01-28 20:44:42,633 INFO     Test ******* Model Butterfly ****  at step 149999: 1.000000
2024-01-28 20:44:42,633 INFO     Test MRR at step 149999: 0.513889
2024-01-28 20:44:42,633 INFO     Test MR at step 149999: 2.333333
2024-01-28 20:44:42,633 INFO     Test HITS@1 at step 149999: 0.166667
2024-01-28 20:44:42,633 INFO     Test HITS@3 at step 149999: 0.833333
2024-01-28 20:44:42,633 INFO     Test HITS@10 at step 149999: 1.000000
2024-01-28 20:44:42,633 INFO     Evaluating on sub_Test Dataset...
2024-01-28 20:44:43,691 INFO     Evaluating the model... (0/22)
2024-01-28 20:44:47,614 INFO     Cc_test.txt
2024-01-28 20:44:47,614 INFO     Test ******* Model Butterfly ****  at step 149999: 1.000000
2024-01-28 20:44:47,614 INFO     Test MRR at step 149999: 0.199041
2024-01-28 20:44:47,614 INFO     Test MR at step 149999: 5141.459302
2024-01-28 20:44:47,614 INFO     Test HITS@1 at step 149999: 0.136628
2024-01-28 20:44:47,615 INFO     Test HITS@3 at step 149999: 0.220930
2024-01-28 20:44:47,615 INFO     Test HITS@10 at step 149999: 0.325581
################################################## 
 ################################################## 
Print the evaluation logs for every relation:
2024-01-28 20:44:47,615 INFO     _has_part: 
2024-01-28 20:44:47,615 INFO     Test ******* Model Butterfly ****  at step 149999: 1.000000
2024-01-28 20:44:47,615 INFO     Test MRR at step 149999: 0.199041
2024-01-28 20:44:47,615 INFO     Test MR at step 149999: 5141.459302
2024-01-28 20:44:47,615 INFO     Test HITS@1 at step 149999: 0.136628
2024-01-28 20:44:47,615 INFO     Test HITS@3 at step 149999: 0.220930
2024-01-28 20:44:47,615 INFO     Test HITS@10 at step 149999: 0.325581
2024-01-28 20:44:48,682 INFO     Evaluating the model... (0/140)
2024-01-28 20:45:10,351 INFO     S_test.txt
2024-01-28 20:45:10,351 INFO     Test ******* Model Butterfly ****  at step 149999: 1.000000
2024-01-28 20:45:10,351 INFO     Test MRR at step 149999: 0.935147
2024-01-28 20:45:10,351 INFO     Test MR at step 149999: 347.571685
2024-01-28 20:45:10,351 INFO     Test HITS@1 at step 149999: 0.907706
2024-01-28 20:45:10,351 INFO     Test HITS@3 at step 149999: 0.961470
2024-01-28 20:45:10,351 INFO     Test HITS@10 at step 149999: 0.969086
################################################## 
 ################################################## 
Print the evaluation logs for every relation:
2024-01-28 20:45:10,351 INFO     _verb_group: 
2024-01-28 20:45:10,351 INFO     Test ******* Model Butterfly ****  at step 149999: 1.000000
2024-01-28 20:45:10,351 INFO     Test MRR at step 149999: 0.458847
2024-01-28 20:45:10,351 INFO     Test MR at step 149999: 367.000000
2024-01-28 20:45:10,351 INFO     Test HITS@1 at step 149999: 0.012821
2024-01-28 20:45:10,352 INFO     Test HITS@3 at step 149999: 0.897436
2024-01-28 20:45:10,352 INFO     Test HITS@10 at step 149999: 0.974359
2024-01-28 20:45:10,352 INFO     _derivationally_related_form: 
2024-01-28 20:45:10,352 INFO     Test ******* Model Butterfly ****  at step 149999: 1.000000
2024-01-28 20:45:10,352 INFO     Test MRR at step 149999: 0.953620
2024-01-28 20:45:10,352 INFO     Test MR at step 149999: 347.830540
2024-01-28 20:45:10,352 INFO     Test HITS@1 at step 149999: 0.942272
2024-01-28 20:45:10,352 INFO     Test HITS@3 at step 149999: 0.964153
2024-01-28 20:45:10,352 INFO     Test HITS@10 at step 149999: 0.968808
2024-01-28 20:45:10,352 INFO     _similar_to: 
2024-01-28 20:45:10,352 INFO     Test ******* Model Butterfly ****  at step 149999: 1.000000
2024-01-28 20:45:10,352 INFO     Test MRR at step 149999: 0.513889
2024-01-28 20:45:10,352 INFO     Test MR at step 149999: 2.333333
2024-01-28 20:45:10,352 INFO     Test HITS@1 at step 149999: 0.166667
2024-01-28 20:45:10,352 INFO     Test HITS@3 at step 149999: 0.833333
2024-01-28 20:45:10,352 INFO     Test HITS@10 at step 149999: 1.000000
2024-01-28 20:45:11,615 INFO     Evaluating the model... (0/224)
2024-01-28 20:45:45,631 INFO     A_test.txt
2024-01-28 20:45:45,631 INFO     Test ******* Model Butterfly ****  at step 149999: 1.000000
2024-01-28 20:45:45,632 INFO     Test MRR at step 149999: 0.199527
2024-01-28 20:45:45,632 INFO     Test MR at step 149999: 6912.856704
2024-01-28 20:45:45,632 INFO     Test HITS@1 at step 149999: 0.136872
2024-01-28 20:45:45,632 INFO     Test HITS@3 at step 149999: 0.225140
2024-01-28 20:45:45,632 INFO     Test HITS@10 at step 149999: 0.320670
################################################## 
 ################################################## 
Print the evaluation logs for every relation:
2024-01-28 20:45:45,632 INFO     _member_of_domain_usage: 
2024-01-28 20:45:45,632 INFO     Test ******* Model Butterfly ****  at step 149999: 1.000000
2024-01-28 20:45:45,632 INFO     Test MRR at step 149999: 0.282442
2024-01-28 20:45:45,632 INFO     Test MR at step 149999: 8782.229167
2024-01-28 20:45:45,632 INFO     Test HITS@1 at step 149999: 0.208333
2024-01-28 20:45:45,632 INFO     Test HITS@3 at step 149999: 0.312500
2024-01-28 20:45:45,632 INFO     Test HITS@10 at step 149999: 0.437500
2024-01-28 20:45:45,632 INFO     _member_of_domain_region: 
2024-01-28 20:45:45,632 INFO     Test ******* Model Butterfly ****  at step 149999: 1.000000
2024-01-28 20:45:45,632 INFO     Test MRR at step 149999: 0.338166
2024-01-28 20:45:45,633 INFO     Test MR at step 149999: 10260.115385
2024-01-28 20:45:45,633 INFO     Test HITS@1 at step 149999: 0.250000
2024-01-28 20:45:45,633 INFO     Test HITS@3 at step 149999: 0.384615
2024-01-28 20:45:45,633 INFO     Test HITS@10 at step 149999: 0.461538
2024-01-28 20:45:45,633 INFO     _member_meronym: 
2024-01-28 20:45:45,633 INFO     Test ******* Model Butterfly ****  at step 149999: 1.000000
2024-01-28 20:45:45,633 INFO     Test MRR at step 149999: 0.200834
2024-01-28 20:45:45,633 INFO     Test MR at step 149999: 3281.750988
2024-01-28 20:45:45,633 INFO     Test HITS@1 at step 149999: 0.126482
2024-01-28 20:45:45,633 INFO     Test HITS@3 at step 149999: 0.219368
2024-01-28 20:45:45,633 INFO     Test HITS@10 at step 149999: 0.347826
2024-01-28 20:45:45,633 INFO     _hypernym: 
2024-01-28 20:45:45,633 INFO     Test ******* Model Butterfly ****  at step 149999: 1.000000
2024-01-28 20:45:45,633 INFO     Test MRR at step 149999: 0.168395
2024-01-28 20:45:45,633 INFO     Test MR at step 149999: 8156.215827
2024-01-28 20:45:45,633 INFO     Test HITS@1 at step 149999: 0.112710
2024-01-28 20:45:45,634 INFO     Test HITS@3 at step 149999: 0.189448
2024-01-28 20:45:45,634 INFO     Test HITS@10 at step 149999: 0.275380
2024-01-28 20:45:45,634 INFO     _instance_hypernym: 
2024-01-28 20:45:45,634 INFO     Test ******* Model Butterfly ****  at step 149999: 1.000000
2024-01-28 20:45:45,634 INFO     Test MRR at step 149999: 0.334427
2024-01-28 20:45:45,634 INFO     Test MR at step 149999: 1373.114754
2024-01-28 20:45:45,634 INFO     Test HITS@1 at step 149999: 0.229508
2024-01-28 20:45:45,634 INFO     Test HITS@3 at step 149999: 0.397541
2024-01-28 20:45:45,634 INFO     Test HITS@10 at step 149999: 0.553279
2024-01-28 20:45:45,634 INFO     _synset_domain_topic_of: 
2024-01-28 20:45:45,634 INFO     Test ******* Model Butterfly ****  at step 149999: 1.000000
2024-01-28 20:45:45,634 INFO     Test MRR at step 149999: 0.344810
2024-01-28 20:45:45,634 INFO     Test MR at step 149999: 6098.666667
2024-01-28 20:45:45,634 INFO     Test HITS@1 at step 149999: 0.285088
2024-01-28 20:45:45,634 INFO     Test HITS@3 at step 149999: 0.390351
2024-01-28 20:45:45,634 INFO     Test HITS@10 at step 149999: 0.451754
2024-01-28 20:45:46,713 INFO     Evaluating the model... (0/140)
2024-01-28 20:46:07,991 INFO     Ss_test.txt
2024-01-28 20:46:07,992 INFO     Test ******* Model Butterfly ****  at step 149999: 1.000000
2024-01-28 20:46:07,992 INFO     Test MRR at step 149999: 0.935147
2024-01-28 20:46:07,992 INFO     Test MR at step 149999: 347.571685
2024-01-28 20:46:07,992 INFO     Test HITS@1 at step 149999: 0.907706
2024-01-28 20:46:07,992 INFO     Test HITS@3 at step 149999: 0.961470
2024-01-28 20:46:07,992 INFO     Test HITS@10 at step 149999: 0.969086
################################################## 
 ################################################## 
Print the evaluation logs for every relation:
2024-01-28 20:46:07,992 INFO     _verb_group: 
2024-01-28 20:46:07,992 INFO     Test ******* Model Butterfly ****  at step 149999: 1.000000
2024-01-28 20:46:07,992 INFO     Test MRR at step 149999: 0.458847
2024-01-28 20:46:07,992 INFO     Test MR at step 149999: 367.000000
2024-01-28 20:46:07,992 INFO     Test HITS@1 at step 149999: 0.012821
2024-01-28 20:46:07,992 INFO     Test HITS@3 at step 149999: 0.897436
2024-01-28 20:46:07,993 INFO     Test HITS@10 at step 149999: 0.974359
2024-01-28 20:46:07,993 INFO     _derivationally_related_form: 
2024-01-28 20:46:07,993 INFO     Test ******* Model Butterfly ****  at step 149999: 1.000000
2024-01-28 20:46:07,993 INFO     Test MRR at step 149999: 0.953620
2024-01-28 20:46:07,993 INFO     Test MR at step 149999: 347.830540
2024-01-28 20:46:07,993 INFO     Test HITS@1 at step 149999: 0.942272
2024-01-28 20:46:07,993 INFO     Test HITS@3 at step 149999: 0.964153
2024-01-28 20:46:07,993 INFO     Test HITS@10 at step 149999: 0.968808
2024-01-28 20:46:07,993 INFO     _similar_to: 
2024-01-28 20:46:07,993 INFO     Test ******* Model Butterfly ****  at step 149999: 1.000000
2024-01-28 20:46:07,993 INFO     Test MRR at step 149999: 0.513889
2024-01-28 20:46:07,993 INFO     Test MR at step 149999: 2.333333
2024-01-28 20:46:07,993 INFO     Test HITS@1 at step 149999: 0.166667
2024-01-28 20:46:07,993 INFO     Test HITS@3 at step 149999: 0.833333
2024-01-28 20:46:07,993 INFO     Test HITS@10 at step 149999: 1.000000
2024-01-28 20:46:09,207 INFO     Evaluating the model... (0/22)
2024-01-28 20:46:13,080 INFO     AC_test.txt
2024-01-28 20:46:13,080 INFO     Test ******* Model Butterfly ****  at step 149999: 1.000000
2024-01-28 20:46:13,080 INFO     Test MRR at step 149999: 0.199041
2024-01-28 20:46:13,080 INFO     Test MR at step 149999: 5141.459302
2024-01-28 20:46:13,080 INFO     Test HITS@1 at step 149999: 0.136628
2024-01-28 20:46:13,080 INFO     Test HITS@3 at step 149999: 0.220930
2024-01-28 20:46:13,080 INFO     Test HITS@10 at step 149999: 0.325581
################################################## 
 ################################################## 
Print the evaluation logs for every relation:
2024-01-28 20:46:13,081 INFO     _has_part: 
2024-01-28 20:46:13,081 INFO     Test ******* Model Butterfly ****  at step 149999: 1.000000
2024-01-28 20:46:13,081 INFO     Test MRR at step 149999: 0.199041
2024-01-28 20:46:13,081 INFO     Test MR at step 149999: 5141.459302
2024-01-28 20:46:13,081 INFO     Test HITS@1 at step 149999: 0.136628
2024-01-28 20:46:13,081 INFO     Test HITS@3 at step 149999: 0.220930
2024-01-28 20:46:13,081 INFO     Test HITS@10 at step 149999: 0.325581
2024-01-28 20:46:14,406 INFO     Evaluating the model... (0/246)
2024-01-28 20:46:51,795 INFO     Aa_test.txt
2024-01-28 20:46:51,795 INFO     Test ******* Model Butterfly ****  at step 149999: 1.000000
2024-01-28 20:46:51,795 INFO     Test MRR at step 149999: 0.199484
2024-01-28 20:46:51,795 INFO     Test MR at step 149999: 6757.566004
2024-01-28 20:46:51,795 INFO     Test HITS@1 at step 149999: 0.136850
2024-01-28 20:46:51,796 INFO     Test HITS@3 at step 149999: 0.224771
2024-01-28 20:46:51,796 INFO     Test HITS@10 at step 149999: 0.321101
################################################## 
 ################################################## 
Print the evaluation logs for every relation:
2024-01-28 20:46:51,796 INFO     _member_of_domain_usage: 
2024-01-28 20:46:51,796 INFO     Test ******* Model Butterfly ****  at step 149999: 1.000000
2024-01-28 20:46:51,796 INFO     Test MRR at step 149999: 0.282442
2024-01-28 20:46:51,796 INFO     Test MR at step 149999: 8782.229167
2024-01-28 20:46:51,796 INFO     Test HITS@1 at step 149999: 0.208333
2024-01-28 20:46:51,796 INFO     Test HITS@3 at step 149999: 0.312500
2024-01-28 20:46:51,796 INFO     Test HITS@10 at step 149999: 0.437500
2024-01-28 20:46:51,796 INFO     _member_of_domain_region: 
2024-01-28 20:46:51,796 INFO     Test ******* Model Butterfly ****  at step 149999: 1.000000
2024-01-28 20:46:51,796 INFO     Test MRR at step 149999: 0.338166
2024-01-28 20:46:51,796 INFO     Test MR at step 149999: 10260.115385
2024-01-28 20:46:51,796 INFO     Test HITS@1 at step 149999: 0.250000
2024-01-28 20:46:51,796 INFO     Test HITS@3 at step 149999: 0.384615
2024-01-28 20:46:51,796 INFO     Test HITS@10 at step 149999: 0.461538
2024-01-28 20:46:51,797 INFO     _member_meronym: 
2024-01-28 20:46:51,797 INFO     Test ******* Model Butterfly ****  at step 149999: 1.000000
2024-01-28 20:46:51,797 INFO     Test MRR at step 149999: 0.200834
2024-01-28 20:46:51,797 INFO     Test MR at step 149999: 3281.750988
2024-01-28 20:46:51,797 INFO     Test HITS@1 at step 149999: 0.126482
2024-01-28 20:46:51,797 INFO     Test HITS@3 at step 149999: 0.219368
2024-01-28 20:46:51,797 INFO     Test HITS@10 at step 149999: 0.347826
2024-01-28 20:46:51,797 INFO     _hypernym: 
2024-01-28 20:46:51,797 INFO     Test ******* Model Butterfly ****  at step 149999: 1.000000
2024-01-28 20:46:51,797 INFO     Test MRR at step 149999: 0.168395
2024-01-28 20:46:51,797 INFO     Test MR at step 149999: 8156.215827
2024-01-28 20:46:51,797 INFO     Test HITS@1 at step 149999: 0.112710
2024-01-28 20:46:51,797 INFO     Test HITS@3 at step 149999: 0.189448
2024-01-28 20:46:51,797 INFO     Test HITS@10 at step 149999: 0.275380
2024-01-28 20:46:51,797 INFO     _has_part: 
2024-01-28 20:46:51,797 INFO     Test ******* Model Butterfly ****  at step 149999: 1.000000
2024-01-28 20:46:51,798 INFO     Test MRR at step 149999: 0.199041
2024-01-28 20:46:51,798 INFO     Test MR at step 149999: 5141.459302
2024-01-28 20:46:51,798 INFO     Test HITS@1 at step 149999: 0.136628
2024-01-28 20:46:51,798 INFO     Test HITS@3 at step 149999: 0.220930
2024-01-28 20:46:51,798 INFO     Test HITS@10 at step 149999: 0.325581
2024-01-28 20:46:51,798 INFO     _instance_hypernym: 
2024-01-28 20:46:51,798 INFO     Test ******* Model Butterfly ****  at step 149999: 1.000000
2024-01-28 20:46:51,798 INFO     Test MRR at step 149999: 0.334427
2024-01-28 20:46:51,798 INFO     Test MR at step 149999: 1373.114754
2024-01-28 20:46:51,798 INFO     Test HITS@1 at step 149999: 0.229508
2024-01-28 20:46:51,798 INFO     Test HITS@3 at step 149999: 0.397541
2024-01-28 20:46:51,798 INFO     Test HITS@10 at step 149999: 0.553279
2024-01-28 20:46:51,798 INFO     _synset_domain_topic_of: 
2024-01-28 20:46:51,798 INFO     Test ******* Model Butterfly ****  at step 149999: 1.000000
2024-01-28 20:46:51,798 INFO     Test MRR at step 149999: 0.344810
2024-01-28 20:46:51,798 INFO     Test MR at step 149999: 6098.666667
2024-01-28 20:46:51,799 INFO     Test HITS@1 at step 149999: 0.285088
2024-01-28 20:46:51,799 INFO     Test HITS@3 at step 149999: 0.390351
2024-01-28 20:46:51,799 INFO     Test HITS@10 at step 149999: 0.451754
