1.10.2
Start Evaluation on Test Data Set......
2024-01-28 21:09:05,129 INFO     Model: Butterfly_bias
2024-01-28 21:09:05,130 INFO     Data Path: data/wn18rr
2024-01-28 21:09:05,130 INFO     #entity: 40943
2024-01-28 21:09:05,130 INFO     #relation: 11
2024-01-28 21:09:05,322 INFO     #train: 86835
2024-01-28 21:09:05,328 INFO     #valid: 3034
2024-01-28 21:09:05,334 INFO     #test: 3134
2024-01-28 21:09:05,335 INFO     C_test.txt#test: 0
2024-01-28 21:09:05,336 INFO     Cc_test.txt#test: 172
2024-01-28 21:09:05,338 INFO     S_test.txt#test: 1116
2024-01-28 21:09:05,342 INFO     A_test.txt#test: 1790
2024-01-28 21:09:05,343 INFO     AS_test.txt#test: 0
2024-01-28 21:09:05,343 INFO     CS_test.txt#test: 0
2024-01-28 21:09:05,346 INFO     Ss_test.txt#test: 1116
2024-01-28 21:09:05,346 INFO     ACS_test.txt#test: 0
2024-01-28 21:09:05,347 INFO     AC_test.txt#test: 172
2024-01-28 21:09:05,351 INFO     Aa_test.txt#test: 1962
2024-01-28 21:09:05,978 INFO     Model Parameter Configuration:
2024-01-28 21:09:05,979 INFO     Parameter gamma: torch.Size([1]), require_grad = False
2024-01-28 21:09:05,979 INFO     Parameter embedding_range: torch.Size([1]), require_grad = False
2024-01-28 21:09:05,979 INFO     Parameter entity_embedding: torch.Size([40943, 1600]), require_grad = True
2024-01-28 21:09:05,979 INFO     Parameter relation_embedding: torch.Size([11, 1600]), require_grad = True
2024-01-28 21:09:05,979 INFO     Parameter ellipse: torch.Size([1600]), require_grad = True
2024-01-28 21:09:10,108 INFO     Loading checkpoint models/Butterfly_bias_wn18rr_BuBWR2...
2024-01-28 21:09:10,461 INFO     Start Training...
2024-01-28 21:09:10,461 INFO     init_step = 149999
2024-01-28 21:09:10,461 INFO     batch_size = 1024
2024-01-28 21:09:10,461 INFO     negative_adversarial_sampling = 0
2024-01-28 21:09:10,461 INFO     hidden_dim = 800
2024-01-28 21:09:10,461 INFO     gamma = 12.000000
2024-01-28 21:09:10,461 INFO     negative_sample_size = 128
2024-01-28 21:09:10,461 INFO     negative_adversarial_sampling = False
2024-01-28 21:09:10,461 INFO     learning_rate = 0.000010
2024-01-28 21:09:12,964 INFO     Evaluating on Valid Dataset...
2024-01-28 21:09:14,321 INFO     Evaluating the model... (0/380)
2024-01-28 21:10:22,714 INFO     Valid ******* Model Butterfly_bias ****  at step 149999: 1.000000
2024-01-28 21:10:22,715 INFO     Valid MRR at step 149999: 0.453656
2024-01-28 21:10:22,715 INFO     Valid MR at step 149999: 5216.946770
2024-01-28 21:10:22,715 INFO     Valid HITS@1 at step 149999: 0.412657
2024-01-28 21:10:22,715 INFO     Valid HITS@3 at step 149999: 0.471160
2024-01-28 21:10:22,715 INFO     Valid HITS@10 at step 149999: 0.526038
2024-01-28 21:10:22,715 INFO     Evaluating on Test Dataset...
2024-01-28 21:10:24,060 INFO     Evaluating the model... (0/392)
2024-01-28 21:11:34,684 INFO     Test ******* Model Butterfly_bias ****  at step 149999: 1.000000
2024-01-28 21:11:34,684 INFO     Test MRR at step 149999: 0.454833
2024-01-28 21:11:34,684 INFO     Test MR at step 149999: 5303.814454
2024-01-28 21:11:34,684 INFO     Test HITS@1 at step 149999: 0.411295
2024-01-28 21:11:34,684 INFO     Test HITS@3 at step 149999: 0.477186
2024-01-28 21:11:34,685 INFO     Test HITS@10 at step 149999: 0.532546
################################################## 
 ################################################## 
Print the evaluation logs for every relation:
2024-01-28 21:11:34,685 INFO     _member_of_domain_usage: 
2024-01-28 21:11:34,685 INFO     Test ******* Model Butterfly_bias ****  at step 149999: 1.000000
2024-01-28 21:11:34,685 INFO     Test MRR at step 149999: 0.303391
2024-01-28 21:11:34,685 INFO     Test MR at step 149999: 11829.791667
2024-01-28 21:11:34,685 INFO     Test HITS@1 at step 149999: 0.250000
2024-01-28 21:11:34,685 INFO     Test HITS@3 at step 149999: 0.312500
2024-01-28 21:11:34,685 INFO     Test HITS@10 at step 149999: 0.437500
2024-01-28 21:11:34,685 INFO     _verb_group: 
2024-01-28 21:11:34,685 INFO     Test ******* Model Butterfly_bias ****  at step 149999: 1.000000
2024-01-28 21:11:34,685 INFO     Test MRR at step 149999: 0.632175
2024-01-28 21:11:34,685 INFO     Test MR at step 149999: 405.512821
2024-01-28 21:11:34,685 INFO     Test HITS@1 at step 149999: 0.307692
2024-01-28 21:11:34,685 INFO     Test HITS@3 at step 149999: 0.948718
2024-01-28 21:11:34,685 INFO     Test HITS@10 at step 149999: 0.974359
2024-01-28 21:11:34,686 INFO     _member_of_domain_region: 
2024-01-28 21:11:34,686 INFO     Test ******* Model Butterfly_bias ****  at step 149999: 1.000000
2024-01-28 21:11:34,686 INFO     Test MRR at step 149999: 0.329278
2024-01-28 21:11:34,686 INFO     Test MR at step 149999: 11846.923077
2024-01-28 21:11:34,686 INFO     Test HITS@1 at step 149999: 0.250000
2024-01-28 21:11:34,686 INFO     Test HITS@3 at step 149999: 0.365385
2024-01-28 21:11:34,686 INFO     Test HITS@10 at step 149999: 0.480769
2024-01-28 21:11:34,686 INFO     _member_meronym: 
2024-01-28 21:11:34,686 INFO     Test ******* Model Butterfly_bias ****  at step 149999: 1.000000
2024-01-28 21:11:34,686 INFO     Test MRR at step 149999: 0.180184
2024-01-28 21:11:34,686 INFO     Test MR at step 149999: 4455.911067
2024-01-28 21:11:34,686 INFO     Test HITS@1 at step 149999: 0.118577
2024-01-28 21:11:34,686 INFO     Test HITS@3 at step 149999: 0.207510
2024-01-28 21:11:34,686 INFO     Test HITS@10 at step 149999: 0.276680
2024-01-28 21:11:34,686 INFO     _hypernym: 
2024-01-28 21:11:34,686 INFO     Test ******* Model Butterfly_bias ****  at step 149999: 1.000000
2024-01-28 21:11:34,686 INFO     Test MRR at step 149999: 0.150205
2024-01-28 21:11:34,687 INFO     Test MR at step 149999: 9387.110711
2024-01-28 21:11:34,687 INFO     Test HITS@1 at step 149999: 0.098721
2024-01-28 21:11:34,687 INFO     Test HITS@3 at step 149999: 0.171463
2024-01-28 21:11:34,687 INFO     Test HITS@10 at step 149999: 0.250600
2024-01-28 21:11:34,687 INFO     _has_part: 
2024-01-28 21:11:34,687 INFO     Test ******* Model Butterfly_bias ****  at step 149999: 1.000000
2024-01-28 21:11:34,687 INFO     Test MRR at step 149999: 0.168869
2024-01-28 21:11:34,687 INFO     Test MR at step 149999: 8344.750000
2024-01-28 21:11:34,687 INFO     Test HITS@1 at step 149999: 0.110465
2024-01-28 21:11:34,687 INFO     Test HITS@3 at step 149999: 0.197674
2024-01-28 21:11:34,687 INFO     Test HITS@10 at step 149999: 0.287791
2024-01-28 21:11:34,687 INFO     _derivationally_related_form: 
2024-01-28 21:11:34,687 INFO     Test ******* Model Butterfly_bias ****  at step 149999: 1.000000
2024-01-28 21:11:34,687 INFO     Test MRR at step 149999: 0.954986
2024-01-28 21:11:34,687 INFO     Test MR at step 149999: 362.070298
2024-01-28 21:11:34,687 INFO     Test HITS@1 at step 149999: 0.947393
2024-01-28 21:11:34,688 INFO     Test HITS@3 at step 149999: 0.959497
2024-01-28 21:11:34,688 INFO     Test HITS@10 at step 149999: 0.968343
2024-01-28 21:11:34,688 INFO     _also_see: 
2024-01-28 21:11:34,688 INFO     Test ******* Model Butterfly_bias ****  at step 149999: 1.000000
2024-01-28 21:11:34,688 INFO     Test MRR at step 149999: 0.555572
2024-01-28 21:11:34,688 INFO     Test MR at step 149999: 1347.169643
2024-01-28 21:11:34,688 INFO     Test HITS@1 at step 149999: 0.455357
2024-01-28 21:11:34,688 INFO     Test HITS@3 at step 149999: 0.633929
2024-01-28 21:11:34,688 INFO     Test HITS@10 at step 149999: 0.696429
2024-01-28 21:11:34,688 INFO     _instance_hypernym: 
2024-01-28 21:11:34,688 INFO     Test ******* Model Butterfly_bias ****  at step 149999: 1.000000
2024-01-28 21:11:34,688 INFO     Test MRR at step 149999: 0.251108
2024-01-28 21:11:34,688 INFO     Test MR at step 149999: 2446.454918
2024-01-28 21:11:34,688 INFO     Test HITS@1 at step 149999: 0.159836
2024-01-28 21:11:34,688 INFO     Test HITS@3 at step 149999: 0.299180
2024-01-28 21:11:34,688 INFO     Test HITS@10 at step 149999: 0.422131
2024-01-28 21:11:34,688 INFO     _synset_domain_topic_of: 
2024-01-28 21:11:34,689 INFO     Test ******* Model Butterfly_bias ****  at step 149999: 1.000000
2024-01-28 21:11:34,689 INFO     Test MRR at step 149999: 0.280768
2024-01-28 21:11:34,689 INFO     Test MR at step 149999: 8295.710526
2024-01-28 21:11:34,689 INFO     Test HITS@1 at step 149999: 0.232456
2024-01-28 21:11:34,689 INFO     Test HITS@3 at step 149999: 0.307018
2024-01-28 21:11:34,689 INFO     Test HITS@10 at step 149999: 0.364035
2024-01-28 21:11:34,689 INFO     _similar_to: 
2024-01-28 21:11:34,689 INFO     Test ******* Model Butterfly_bias ****  at step 149999: 1.000000
2024-01-28 21:11:34,689 INFO     Test MRR at step 149999: 1.000000
2024-01-28 21:11:34,689 INFO     Test MR at step 149999: 1.000000
2024-01-28 21:11:34,689 INFO     Test HITS@1 at step 149999: 1.000000
2024-01-28 21:11:34,689 INFO     Test HITS@3 at step 149999: 1.000000
2024-01-28 21:11:34,689 INFO     Test HITS@10 at step 149999: 1.000000
2024-01-28 21:11:34,689 INFO     Evaluating on sub_Test Dataset...
2024-01-28 21:11:36,050 INFO     Evaluating the model... (0/22)
2024-01-28 21:11:40,709 INFO     Cc_test.txt
2024-01-28 21:11:40,710 INFO     Test ******* Model Butterfly_bias ****  at step 149999: 1.000000
2024-01-28 21:11:40,710 INFO     Test MRR at step 149999: 0.168869
2024-01-28 21:11:40,710 INFO     Test MR at step 149999: 8344.750000
2024-01-28 21:11:40,710 INFO     Test HITS@1 at step 149999: 0.110465
2024-01-28 21:11:40,710 INFO     Test HITS@3 at step 149999: 0.197674
2024-01-28 21:11:40,710 INFO     Test HITS@10 at step 149999: 0.287791
################################################## 
 ################################################## 
Print the evaluation logs for every relation:
2024-01-28 21:11:40,710 INFO     _has_part: 
2024-01-28 21:11:40,710 INFO     Test ******* Model Butterfly_bias ****  at step 149999: 1.000000
2024-01-28 21:11:40,710 INFO     Test MRR at step 149999: 0.168869
2024-01-28 21:11:40,710 INFO     Test MR at step 149999: 8344.750000
2024-01-28 21:11:40,710 INFO     Test HITS@1 at step 149999: 0.110465
2024-01-28 21:11:40,710 INFO     Test HITS@3 at step 149999: 0.197674
2024-01-28 21:11:40,710 INFO     Test HITS@10 at step 149999: 0.287791
2024-01-28 21:11:42,171 INFO     Evaluating the model... (0/140)
2024-01-28 21:12:07,782 INFO     S_test.txt
2024-01-28 21:12:07,782 INFO     Test ******* Model Butterfly_bias ****  at step 149999: 1.000000
2024-01-28 21:12:07,782 INFO     Test MRR at step 149999: 0.943826
2024-01-28 21:12:07,782 INFO     Test MR at step 149999: 362.617832
2024-01-28 21:12:07,782 INFO     Test HITS@1 at step 149999: 0.925179
2024-01-28 21:12:07,782 INFO     Test HITS@3 at step 149999: 0.959229
2024-01-28 21:12:07,783 INFO     Test HITS@10 at step 149999: 0.968638
################################################## 
 ################################################## 
Print the evaluation logs for every relation:
2024-01-28 21:12:07,783 INFO     _verb_group: 
2024-01-28 21:12:07,783 INFO     Test ******* Model Butterfly_bias ****  at step 149999: 1.000000
2024-01-28 21:12:07,783 INFO     Test MRR at step 149999: 0.632175
2024-01-28 21:12:07,783 INFO     Test MR at step 149999: 405.512821
2024-01-28 21:12:07,783 INFO     Test HITS@1 at step 149999: 0.307692
2024-01-28 21:12:07,783 INFO     Test HITS@3 at step 149999: 0.948718
2024-01-28 21:12:07,783 INFO     Test HITS@10 at step 149999: 0.974359
2024-01-28 21:12:07,783 INFO     _derivationally_related_form: 
2024-01-28 21:12:07,783 INFO     Test ******* Model Butterfly_bias ****  at step 149999: 1.000000
2024-01-28 21:12:07,783 INFO     Test MRR at step 149999: 0.954986
2024-01-28 21:12:07,783 INFO     Test MR at step 149999: 362.070298
2024-01-28 21:12:07,783 INFO     Test HITS@1 at step 149999: 0.947393
2024-01-28 21:12:07,783 INFO     Test HITS@3 at step 149999: 0.959497
2024-01-28 21:12:07,783 INFO     Test HITS@10 at step 149999: 0.968343
2024-01-28 21:12:07,783 INFO     _similar_to: 
2024-01-28 21:12:07,784 INFO     Test ******* Model Butterfly_bias ****  at step 149999: 1.000000
2024-01-28 21:12:07,784 INFO     Test MRR at step 149999: 1.000000
2024-01-28 21:12:07,784 INFO     Test MR at step 149999: 1.000000
2024-01-28 21:12:07,784 INFO     Test HITS@1 at step 149999: 1.000000
2024-01-28 21:12:07,784 INFO     Test HITS@3 at step 149999: 1.000000
2024-01-28 21:12:07,784 INFO     Test HITS@10 at step 149999: 1.000000
2024-01-28 21:12:09,220 INFO     Evaluating the model... (0/224)
2024-01-28 21:12:49,232 INFO     A_test.txt
2024-01-28 21:12:49,232 INFO     Test ******* Model Butterfly_bias ****  at step 149999: 1.000000
2024-01-28 21:12:49,233 INFO     Test MRR at step 149999: 0.174289
2024-01-28 21:12:49,233 INFO     Test MR at step 149999: 8216.052793
2024-01-28 21:12:49,233 INFO     Test HITS@1 at step 149999: 0.118436
2024-01-28 21:12:49,233 INFO     Test HITS@3 at step 149999: 0.198603
2024-01-28 21:12:49,233 INFO     Test HITS@10 at step 149999: 0.279050
################################################## 
 ################################################## 
Print the evaluation logs for every relation:
2024-01-28 21:12:49,233 INFO     _member_of_domain_usage: 
2024-01-28 21:12:49,233 INFO     Test ******* Model Butterfly_bias ****  at step 149999: 1.000000
2024-01-28 21:12:49,233 INFO     Test MRR at step 149999: 0.303391
2024-01-28 21:12:49,233 INFO     Test MR at step 149999: 11829.791667
2024-01-28 21:12:49,233 INFO     Test HITS@1 at step 149999: 0.250000
2024-01-28 21:12:49,233 INFO     Test HITS@3 at step 149999: 0.312500
2024-01-28 21:12:49,233 INFO     Test HITS@10 at step 149999: 0.437500
2024-01-28 21:12:49,233 INFO     _member_of_domain_region: 
2024-01-28 21:12:49,233 INFO     Test ******* Model Butterfly_bias ****  at step 149999: 1.000000
2024-01-28 21:12:49,233 INFO     Test MRR at step 149999: 0.329278
2024-01-28 21:12:49,234 INFO     Test MR at step 149999: 11846.923077
2024-01-28 21:12:49,234 INFO     Test HITS@1 at step 149999: 0.250000
2024-01-28 21:12:49,234 INFO     Test HITS@3 at step 149999: 0.365385
2024-01-28 21:12:49,234 INFO     Test HITS@10 at step 149999: 0.480769
2024-01-28 21:12:49,234 INFO     _member_meronym: 
2024-01-28 21:12:49,234 INFO     Test ******* Model Butterfly_bias ****  at step 149999: 1.000000
2024-01-28 21:12:49,234 INFO     Test MRR at step 149999: 0.180184
2024-01-28 21:12:49,234 INFO     Test MR at step 149999: 4455.911067
2024-01-28 21:12:49,234 INFO     Test HITS@1 at step 149999: 0.118577
2024-01-28 21:12:49,234 INFO     Test HITS@3 at step 149999: 0.207510
2024-01-28 21:12:49,234 INFO     Test HITS@10 at step 149999: 0.276680
2024-01-28 21:12:49,234 INFO     _hypernym: 
2024-01-28 21:12:49,234 INFO     Test ******* Model Butterfly_bias ****  at step 149999: 1.000000
2024-01-28 21:12:49,234 INFO     Test MRR at step 149999: 0.150205
2024-01-28 21:12:49,234 INFO     Test MR at step 149999: 9387.110711
2024-01-28 21:12:49,234 INFO     Test HITS@1 at step 149999: 0.098721
2024-01-28 21:12:49,235 INFO     Test HITS@3 at step 149999: 0.171463
2024-01-28 21:12:49,235 INFO     Test HITS@10 at step 149999: 0.250600
2024-01-28 21:12:49,235 INFO     _instance_hypernym: 
2024-01-28 21:12:49,235 INFO     Test ******* Model Butterfly_bias ****  at step 149999: 1.000000
2024-01-28 21:12:49,235 INFO     Test MRR at step 149999: 0.251108
2024-01-28 21:12:49,235 INFO     Test MR at step 149999: 2446.454918
2024-01-28 21:12:49,235 INFO     Test HITS@1 at step 149999: 0.159836
2024-01-28 21:12:49,235 INFO     Test HITS@3 at step 149999: 0.299180
2024-01-28 21:12:49,235 INFO     Test HITS@10 at step 149999: 0.422131
2024-01-28 21:12:49,235 INFO     _synset_domain_topic_of: 
2024-01-28 21:12:49,235 INFO     Test ******* Model Butterfly_bias ****  at step 149999: 1.000000
2024-01-28 21:12:49,235 INFO     Test MRR at step 149999: 0.280768
2024-01-28 21:12:49,235 INFO     Test MR at step 149999: 8295.710526
2024-01-28 21:12:49,235 INFO     Test HITS@1 at step 149999: 0.232456
2024-01-28 21:12:49,235 INFO     Test HITS@3 at step 149999: 0.307018
2024-01-28 21:12:49,235 INFO     Test HITS@10 at step 149999: 0.364035
2024-01-28 21:12:50,588 INFO     Evaluating the model... (0/140)
2024-01-28 21:13:16,289 INFO     Ss_test.txt
2024-01-28 21:13:16,289 INFO     Test ******* Model Butterfly_bias ****  at step 149999: 1.000000
2024-01-28 21:13:16,289 INFO     Test MRR at step 149999: 0.943826
2024-01-28 21:13:16,290 INFO     Test MR at step 149999: 362.617832
2024-01-28 21:13:16,290 INFO     Test HITS@1 at step 149999: 0.925179
2024-01-28 21:13:16,290 INFO     Test HITS@3 at step 149999: 0.959229
2024-01-28 21:13:16,290 INFO     Test HITS@10 at step 149999: 0.968638
################################################## 
 ################################################## 
Print the evaluation logs for every relation:
2024-01-28 21:13:16,290 INFO     _verb_group: 
2024-01-28 21:13:16,290 INFO     Test ******* Model Butterfly_bias ****  at step 149999: 1.000000
2024-01-28 21:13:16,290 INFO     Test MRR at step 149999: 0.632175
2024-01-28 21:13:16,290 INFO     Test MR at step 149999: 405.512821
2024-01-28 21:13:16,290 INFO     Test HITS@1 at step 149999: 0.307692
2024-01-28 21:13:16,290 INFO     Test HITS@3 at step 149999: 0.948718
2024-01-28 21:13:16,290 INFO     Test HITS@10 at step 149999: 0.974359
2024-01-28 21:13:16,290 INFO     _derivationally_related_form: 
2024-01-28 21:13:16,291 INFO     Test ******* Model Butterfly_bias ****  at step 149999: 1.000000
2024-01-28 21:13:16,291 INFO     Test MRR at step 149999: 0.954986
2024-01-28 21:13:16,291 INFO     Test MR at step 149999: 362.070298
2024-01-28 21:13:16,291 INFO     Test HITS@1 at step 149999: 0.947393
2024-01-28 21:13:16,291 INFO     Test HITS@3 at step 149999: 0.959497
2024-01-28 21:13:16,291 INFO     Test HITS@10 at step 149999: 0.968343
2024-01-28 21:13:16,291 INFO     _similar_to: 
2024-01-28 21:13:16,291 INFO     Test ******* Model Butterfly_bias ****  at step 149999: 1.000000
2024-01-28 21:13:16,291 INFO     Test MRR at step 149999: 1.000000
2024-01-28 21:13:16,291 INFO     Test MR at step 149999: 1.000000
2024-01-28 21:13:16,291 INFO     Test HITS@1 at step 149999: 1.000000
2024-01-28 21:13:16,291 INFO     Test HITS@3 at step 149999: 1.000000
2024-01-28 21:13:16,292 INFO     Test HITS@10 at step 149999: 1.000000
2024-01-28 21:13:17,760 INFO     Evaluating the model... (0/22)
2024-01-28 21:13:22,300 INFO     AC_test.txt
2024-01-28 21:13:22,300 INFO     Test ******* Model Butterfly_bias ****  at step 149999: 1.000000
2024-01-28 21:13:22,300 INFO     Test MRR at step 149999: 0.168869
2024-01-28 21:13:22,300 INFO     Test MR at step 149999: 8344.750000
2024-01-28 21:13:22,301 INFO     Test HITS@1 at step 149999: 0.110465
2024-01-28 21:13:22,301 INFO     Test HITS@3 at step 149999: 0.197674
2024-01-28 21:13:22,301 INFO     Test HITS@10 at step 149999: 0.287791
################################################## 
 ################################################## 
Print the evaluation logs for every relation:
2024-01-28 21:13:22,301 INFO     _has_part: 
2024-01-28 21:13:22,301 INFO     Test ******* Model Butterfly_bias ****  at step 149999: 1.000000
2024-01-28 21:13:22,301 INFO     Test MRR at step 149999: 0.168869
2024-01-28 21:13:22,301 INFO     Test MR at step 149999: 8344.750000
2024-01-28 21:13:22,301 INFO     Test HITS@1 at step 149999: 0.110465
2024-01-28 21:13:22,301 INFO     Test HITS@3 at step 149999: 0.197674
2024-01-28 21:13:22,301 INFO     Test HITS@10 at step 149999: 0.287791
2024-01-28 21:13:23,424 INFO     Evaluating the model... (0/246)
2024-01-28 21:14:07,674 INFO     Aa_test.txt
2024-01-28 21:14:07,674 INFO     Test ******* Model Butterfly_bias ****  at step 149999: 1.000000
2024-01-28 21:14:07,674 INFO     Test MRR at step 149999: 0.173814
2024-01-28 21:14:07,674 INFO     Test MR at step 149999: 8227.335117
2024-01-28 21:14:07,674 INFO     Test HITS@1 at step 149999: 0.117737
2024-01-28 21:14:07,674 INFO     Test HITS@3 at step 149999: 0.198522
2024-01-28 21:14:07,674 INFO     Test HITS@10 at step 149999: 0.279817
################################################## 
 ################################################## 
Print the evaluation logs for every relation:
2024-01-28 21:14:07,674 INFO     _member_of_domain_usage: 
2024-01-28 21:14:07,674 INFO     Test ******* Model Butterfly_bias ****  at step 149999: 1.000000
2024-01-28 21:14:07,675 INFO     Test MRR at step 149999: 0.303391
2024-01-28 21:14:07,675 INFO     Test MR at step 149999: 11829.791667
2024-01-28 21:14:07,675 INFO     Test HITS@1 at step 149999: 0.250000
2024-01-28 21:14:07,675 INFO     Test HITS@3 at step 149999: 0.312500
2024-01-28 21:14:07,675 INFO     Test HITS@10 at step 149999: 0.437500
2024-01-28 21:14:07,675 INFO     _member_of_domain_region: 
2024-01-28 21:14:07,675 INFO     Test ******* Model Butterfly_bias ****  at step 149999: 1.000000
2024-01-28 21:14:07,675 INFO     Test MRR at step 149999: 0.329278
2024-01-28 21:14:07,675 INFO     Test MR at step 149999: 11846.923077
2024-01-28 21:14:07,675 INFO     Test HITS@1 at step 149999: 0.250000
2024-01-28 21:14:07,675 INFO     Test HITS@3 at step 149999: 0.365385
2024-01-28 21:14:07,675 INFO     Test HITS@10 at step 149999: 0.480769
2024-01-28 21:14:07,675 INFO     _member_meronym: 
2024-01-28 21:14:07,676 INFO     Test ******* Model Butterfly_bias ****  at step 149999: 1.000000
2024-01-28 21:14:07,676 INFO     Test MRR at step 149999: 0.180184
2024-01-28 21:14:07,676 INFO     Test MR at step 149999: 4455.911067
2024-01-28 21:14:07,676 INFO     Test HITS@1 at step 149999: 0.118577
2024-01-28 21:14:07,676 INFO     Test HITS@3 at step 149999: 0.207510
2024-01-28 21:14:07,676 INFO     Test HITS@10 at step 149999: 0.276680
2024-01-28 21:14:07,676 INFO     _hypernym: 
2024-01-28 21:14:07,676 INFO     Test ******* Model Butterfly_bias ****  at step 149999: 1.000000
2024-01-28 21:14:07,676 INFO     Test MRR at step 149999: 0.150205
2024-01-28 21:14:07,676 INFO     Test MR at step 149999: 9387.110711
2024-01-28 21:14:07,676 INFO     Test HITS@1 at step 149999: 0.098721
2024-01-28 21:14:07,676 INFO     Test HITS@3 at step 149999: 0.171463
2024-01-28 21:14:07,677 INFO     Test HITS@10 at step 149999: 0.250600
2024-01-28 21:14:07,677 INFO     _has_part: 
2024-01-28 21:14:07,677 INFO     Test ******* Model Butterfly_bias ****  at step 149999: 1.000000
2024-01-28 21:14:07,677 INFO     Test MRR at step 149999: 0.168869
2024-01-28 21:14:07,677 INFO     Test MR at step 149999: 8344.750000
2024-01-28 21:14:07,677 INFO     Test HITS@1 at step 149999: 0.110465
2024-01-28 21:14:07,677 INFO     Test HITS@3 at step 149999: 0.197674
2024-01-28 21:14:07,677 INFO     Test HITS@10 at step 149999: 0.287791
2024-01-28 21:14:07,677 INFO     _instance_hypernym: 
2024-01-28 21:14:07,677 INFO     Test ******* Model Butterfly_bias ****  at step 149999: 1.000000
2024-01-28 21:14:07,677 INFO     Test MRR at step 149999: 0.251108
2024-01-28 21:14:07,677 INFO     Test MR at step 149999: 2446.454918
2024-01-28 21:14:07,678 INFO     Test HITS@1 at step 149999: 0.159836
2024-01-28 21:14:07,678 INFO     Test HITS@3 at step 149999: 0.299180
2024-01-28 21:14:07,678 INFO     Test HITS@10 at step 149999: 0.422131
2024-01-28 21:14:07,678 INFO     _synset_domain_topic_of: 
2024-01-28 21:14:07,678 INFO     Test ******* Model Butterfly_bias ****  at step 149999: 1.000000
2024-01-28 21:14:07,678 INFO     Test MRR at step 149999: 0.280768
2024-01-28 21:14:07,678 INFO     Test MR at step 149999: 8295.710526
2024-01-28 21:14:07,678 INFO     Test HITS@1 at step 149999: 0.232456
2024-01-28 21:14:07,678 INFO     Test HITS@3 at step 149999: 0.307018
2024-01-28 21:14:07,678 INFO     Test HITS@10 at step 149999: 0.364035
